TN:
SF:api\auth.ts
FN:12,(anonymous_0)
FNF:1
FNH:0
FNDA:0,(anonymous_0)
DA:12,0
DA:13,0
DA:15,0
DA:16,0
DA:19,0
DA:20,0
DA:21,0
DA:22,0
DA:28,0
DA:29,0
DA:30,0
DA:32,0
DA:36,0
DA:38,0
DA:39,0
LF:15
LH:0
BRDA:15,0,0,0
BRDA:15,1,0,0
BRDA:15,1,1,0
BRDA:21,2,0,0
BRDA:34,3,0,0
BRDA:34,3,1,0
BRDA:38,4,0,0
BRDA:38,4,1,0
BRF:8
BRH:0
end_of_record
TN:
SF:api\login.ts
FN:5,handleLogin
FNF:1
FNH:0
FNDA:0,handleLogin
DA:7,0
DA:8,0
DA:11,0
DA:12,0
DA:14,0
DA:15,0
DA:19,0
DA:21,0
DA:23,0
DA:24,0
LF:10
LH:0
BRDA:7,0,0,0
BRDA:14,1,0,0
BRF:2
BRH:0
end_of_record
TN:
SF:api\main.ts
FN:40,getSupabaseErrorMessage
FN:77,calculateDistance
FN:91,normalizeUser
FN:140,(anonymous_3)
FN:185,(anonymous_4)
FN:203,(anonymous_5)
FN:231,(anonymous_6)
FN:307,(anonymous_7)
FN:327,(anonymous_8)
FN:337,(anonymous_9)
FN:360,mainHandler
FN:366,(anonymous_11)
FN:384,(anonymous_12)
FN:774,handleUsers
FN:1190,(anonymous_14)
FN:1375,(anonymous_15)
FN:1672,(anonymous_16)
FN:1684,(anonymous_17)
FN:1921,(anonymous_18)
FN:1942,(anonymous_19)
FN:2131,(anonymous_20)
FN:2185,(anonymous_21)
FN:2190,(anonymous_22)
FN:2274,(anonymous_23)
FN:2314,(anonymous_24)
FN:2470,(anonymous_25)
FN:2612,handleVehicles
FN:2766,(anonymous_27)
FN:2778,(anonymous_28)
FN:2828,(anonymous_29)
FN:3003,(anonymous_30)
FN:3021,(anonymous_31)
FN:3035,(anonymous_32)
FN:3047,(anonymous_33)
FN:3057,(anonymous_34)
FN:3072,(anonymous_35)
FN:3146,(anonymous_36)
FN:3153,(anonymous_37)
FN:3154,(anonymous_38)
FN:3163,(anonymous_39)
FN:3174,(anonymous_40)
FN:3192,(anonymous_41)
FN:3193,(anonymous_42)
FN:3196,(anonymous_43)
FN:3214,(anonymous_44)
FN:3246,(anonymous_45)
FN:3343,(anonymous_46)
FN:3831,(anonymous_47)
FN:4034,(anonymous_48)
FN:4043,(anonymous_49)
FN:4063,handleAdmin
FN:4175,handleHealth
FN:4215,handleSeed
FN:4274,handleVehicleData
FN:4376,getFallbackVehicles
FN:4415,getFallbackUsers
FN:4434,calculateTrustScore
FN:4446,getPopularMakes
FN:4448,(anonymous_58)
FN:4453,(anonymous_59)
FN:4455,(anonymous_60)
FN:4458,getPriceRange
FN:4461,(anonymous_62)
FN:4469,handleNewCars
FN:4481,(anonymous_64)
FN:4482,(anonymous_65)
FN:4530,generateRandomPassword
FN:4534,seedUsers
FN:4637,seedVehicles
FN:4722,(anonymous_69)
FN:4763,handleSystem
FN:4780,handleTestConnection
FN:4828,handleTestFirebaseWrites
FN:4986,(anonymous_73)
FN:4987,(anonymous_74)
FN:5019,handleUtils
FN:5033,handleAI
FN:5045,handleGemini
FN:5166,handleContent
FN:5221,handleFAQs
FN:5238,handleGetFAQs
FN:5244,(anonymous_81)
FN:5249,(anonymous_82)
FN:5269,handleCreateFAQ
FN:5304,handleUpdateFAQ
FN:5342,handleDeleteFAQ
FN:5369,handleSupportTickets
FN:5390,handleGetSupportTickets
FN:5403,(anonymous_88)
FN:5411,(anonymous_89)
FN:5420,(anonymous_90)
FN:5425,(anonymous_91)
FN:5445,handleCreateSupportTicket
FN:5495,handleUpdateSupportTicket
FN:5549,handleDeleteSupportTicket
FN:5593,handleSellCar
FN:5637,(anonymous_96)
FN:5665,(anonymous_97)
FN:5671,(anonymous_98)
FN:5679,(anonymous_99)
FN:5688,(anonymous_100)
FN:5784,handleBusiness
FN:5820,handlePayments
FN:5893,(anonymous_103)
FN:5894,(anonymous_104)
FN:6015,(anonymous_105)
FN:6020,(anonymous_106)
FN:6076,handleConversations
FN:6173,(anonymous_108)
FN:6328,handleNotifications
FN:6401,(anonymous_110)
FN:6419,(anonymous_111)
FN:6434,(anonymous_112)
FN:6438,(anonymous_113)
FN:6629,handleBuyerActivity
FN:6793,handlePlans
FN:6803,(anonymous_116)
FN:6808,(anonymous_117)
FN:6816,(anonymous_118)
FN:6834,(anonymous_119)
FN:6835,(anonymous_120)
FN:6839,(anonymous_121)
FN:6840,(anonymous_122)
FN:6851,(anonymous_123)
FN:6956,handler
FNF:125
FNH:0
FNDA:0,getSupabaseErrorMessage
FNDA:0,calculateDistance
FNDA:0,normalizeUser
FNDA:0,(anonymous_3)
FNDA:0,(anonymous_4)
FNDA:0,(anonymous_5)
FNDA:0,(anonymous_6)
FNDA:0,(anonymous_7)
FNDA:0,(anonymous_8)
FNDA:0,(anonymous_9)
FNDA:0,mainHandler
FNDA:0,(anonymous_11)
FNDA:0,(anonymous_12)
FNDA:0,handleUsers
FNDA:0,(anonymous_14)
FNDA:0,(anonymous_15)
FNDA:0,(anonymous_16)
FNDA:0,(anonymous_17)
FNDA:0,(anonymous_18)
FNDA:0,(anonymous_19)
FNDA:0,(anonymous_20)
FNDA:0,(anonymous_21)
FNDA:0,(anonymous_22)
FNDA:0,(anonymous_23)
FNDA:0,(anonymous_24)
FNDA:0,(anonymous_25)
FNDA:0,handleVehicles
FNDA:0,(anonymous_27)
FNDA:0,(anonymous_28)
FNDA:0,(anonymous_29)
FNDA:0,(anonymous_30)
FNDA:0,(anonymous_31)
FNDA:0,(anonymous_32)
FNDA:0,(anonymous_33)
FNDA:0,(anonymous_34)
FNDA:0,(anonymous_35)
FNDA:0,(anonymous_36)
FNDA:0,(anonymous_37)
FNDA:0,(anonymous_38)
FNDA:0,(anonymous_39)
FNDA:0,(anonymous_40)
FNDA:0,(anonymous_41)
FNDA:0,(anonymous_42)
FNDA:0,(anonymous_43)
FNDA:0,(anonymous_44)
FNDA:0,(anonymous_45)
FNDA:0,(anonymous_46)
FNDA:0,(anonymous_47)
FNDA:0,(anonymous_48)
FNDA:0,(anonymous_49)
FNDA:0,handleAdmin
FNDA:0,handleHealth
FNDA:0,handleSeed
FNDA:0,handleVehicleData
FNDA:0,getFallbackVehicles
FNDA:0,getFallbackUsers
FNDA:0,calculateTrustScore
FNDA:0,getPopularMakes
FNDA:0,(anonymous_58)
FNDA:0,(anonymous_59)
FNDA:0,(anonymous_60)
FNDA:0,getPriceRange
FNDA:0,(anonymous_62)
FNDA:0,handleNewCars
FNDA:0,(anonymous_64)
FNDA:0,(anonymous_65)
FNDA:0,generateRandomPassword
FNDA:0,seedUsers
FNDA:0,seedVehicles
FNDA:0,(anonymous_69)
FNDA:0,handleSystem
FNDA:0,handleTestConnection
FNDA:0,handleTestFirebaseWrites
FNDA:0,(anonymous_73)
FNDA:0,(anonymous_74)
FNDA:0,handleUtils
FNDA:0,handleAI
FNDA:0,handleGemini
FNDA:0,handleContent
FNDA:0,handleFAQs
FNDA:0,handleGetFAQs
FNDA:0,(anonymous_81)
FNDA:0,(anonymous_82)
FNDA:0,handleCreateFAQ
FNDA:0,handleUpdateFAQ
FNDA:0,handleDeleteFAQ
FNDA:0,handleSupportTickets
FNDA:0,handleGetSupportTickets
FNDA:0,(anonymous_88)
FNDA:0,(anonymous_89)
FNDA:0,(anonymous_90)
FNDA:0,(anonymous_91)
FNDA:0,handleCreateSupportTicket
FNDA:0,handleUpdateSupportTicket
FNDA:0,handleDeleteSupportTicket
FNDA:0,handleSellCar
FNDA:0,(anonymous_96)
FNDA:0,(anonymous_97)
FNDA:0,(anonymous_98)
FNDA:0,(anonymous_99)
FNDA:0,(anonymous_100)
FNDA:0,handleBusiness
FNDA:0,handlePayments
FNDA:0,(anonymous_103)
FNDA:0,(anonymous_104)
FNDA:0,(anonymous_105)
FNDA:0,(anonymous_106)
FNDA:0,handleConversations
FNDA:0,(anonymous_108)
FNDA:0,handleNotifications
FNDA:0,(anonymous_110)
FNDA:0,(anonymous_111)
FNDA:0,(anonymous_112)
FNDA:0,(anonymous_113)
FNDA:0,handleBuyerActivity
FNDA:0,handlePlans
FNDA:0,(anonymous_116)
FNDA:0,(anonymous_117)
FNDA:0,(anonymous_118)
FNDA:0,(anonymous_119)
FNDA:0,(anonymous_120)
FNDA:0,(anonymous_121)
FNDA:0,(anonymous_122)
FNDA:0,(anonymous_123)
FNDA:0,handler
DA:26,0
DA:27,0
DA:29,0
DA:30,0
DA:34,0
DA:35,0
DA:36,0
DA:41,0
DA:42,0
DA:43,0
DA:45,0
DA:46,0
DA:51,0
DA:52,0
DA:53,0
DA:78,0
DA:79,0
DA:80,0
DA:82,0
DA:85,0
DA:86,0
DA:92,0
DA:95,0
DA:96,0
DA:97,0
DA:98,0
DA:99,0
DA:102,0
DA:103,0
DA:104,0
DA:108,0
DA:109,0
DA:110,0
DA:111,0
DA:115,0
DA:116,0
DA:117,0
DA:118,0
DA:122,0
DA:123,0
DA:130,0
DA:140,0
DA:141,0
DA:143,0
DA:144,0
DA:147,0
DA:148,0
DA:153,0
DA:154,0
DA:155,0
DA:156,0
DA:157,0
DA:163,0
DA:165,0
DA:169,0
DA:172,0
DA:173,0
DA:174,0
DA:181,0
DA:185,0
DA:190,0
DA:191,0
DA:192,0
DA:193,0
DA:198,0
DA:200,0
DA:203,0
DA:208,0
DA:209,0
DA:210,0
DA:212,0
DA:213,0
DA:217,0
DA:219,0
DA:223,0
DA:231,0
DA:233,0
DA:234,0
DA:235,0
DA:237,0
DA:238,0
DA:239,0
DA:244,0
DA:245,0
DA:246,0
DA:247,0
DA:248,0
DA:253,0
DA:254,0
DA:255,0
DA:258,0
DA:259,0
DA:260,0
DA:265,0
DA:266,0
DA:267,0
DA:268,0
DA:269,0
DA:274,0
DA:275,0
DA:276,0
DA:281,0
DA:282,0
DA:286,0
DA:289,0
DA:294,0
DA:295,0
DA:304,0
DA:307,0
DA:308,0
DA:309,0
DA:310,0
DA:311,0
DA:323,0
DA:324,0
DA:327,0
DA:328,0
DA:329,0
DA:330,0
DA:331,0
DA:337,0
DA:338,0
DA:339,0
DA:342,0
DA:343,0
DA:345,0
DA:347,0
DA:348,0
DA:349,0
DA:351,0
DA:354,0
DA:355,0
DA:365,0
DA:366,0
DA:367,0
DA:371,0
DA:372,0
DA:373,0
DA:380,0
DA:381,0
DA:382,0
DA:384,0
DA:385,0
DA:387,0
DA:388,0
DA:391,0
DA:393,0
DA:395,0
DA:398,0
DA:401,0
DA:402,0
DA:403,0
DA:404,0
DA:407,0
DA:411,0
DA:413,0
DA:414,0
DA:416,0
DA:421,0
DA:422,0
DA:426,0
DA:427,0
DA:431,0
DA:438,0
DA:439,0
DA:440,0
DA:441,0
DA:442,0
DA:445,0
DA:446,0
DA:450,0
DA:453,0
DA:455,0
DA:456,0
DA:457,0
DA:458,0
DA:462,0
DA:465,0
DA:467,0
DA:471,0
DA:472,0
DA:476,0
DA:479,0
DA:482,0
DA:483,0
DA:484,0
DA:487,0
DA:494,0
DA:496,0
DA:498,0
DA:499,0
DA:501,0
DA:508,0
DA:509,0
DA:512,0
DA:513,0
DA:518,0
DA:519,0
DA:520,0
DA:521,0
DA:524,0
DA:526,0
DA:527,0
DA:528,0
DA:533,0
DA:537,0
DA:538,0
DA:539,0
DA:540,0
DA:542,0
DA:544,0
DA:545,0
DA:546,0
DA:547,0
DA:548,0
DA:549,0
DA:550,0
DA:551,0
DA:552,0
DA:553,0
DA:554,0
DA:555,0
DA:556,0
DA:557,0
DA:558,0
DA:559,0
DA:560,0
DA:561,0
DA:562,0
DA:568,0
DA:570,0
DA:571,0
DA:573,0
DA:578,0
DA:579,0
DA:581,0
DA:585,0
DA:587,0
DA:588,0
DA:590,0
DA:591,0
DA:592,0
DA:593,0
DA:595,0
DA:597,0
DA:598,0
DA:599,0
DA:600,0
DA:606,0
DA:608,0
DA:609,0
DA:610,0
DA:611,0
DA:612,0
DA:613,0
DA:614,0
DA:615,0
DA:616,0
DA:618,0
DA:620,0
DA:621,0
DA:622,0
DA:627,0
DA:628,0
DA:629,0
DA:630,0
DA:631,0
DA:632,0
DA:633,0
DA:634,0
DA:635,0
DA:638,0
DA:639,0
DA:641,0
DA:642,0
DA:643,0
DA:644,0
DA:646,0
DA:647,0
DA:648,0
DA:649,0
DA:650,0
DA:651,0
DA:652,0
DA:653,0
DA:654,0
DA:655,0
DA:656,0
DA:657,0
DA:658,0
DA:659,0
DA:660,0
DA:661,0
DA:663,0
DA:664,0
DA:665,0
DA:667,0
DA:668,0
DA:669,0
DA:671,0
DA:672,0
DA:673,0
DA:675,0
DA:676,0
DA:677,0
DA:679,0
DA:680,0
DA:681,0
DA:684,0
DA:685,0
DA:691,0
DA:692,0
DA:694,0
DA:698,0
DA:701,0
DA:705,0
DA:706,0
DA:707,0
DA:709,0
DA:710,0
DA:711,0
DA:712,0
DA:714,0
DA:720,0
DA:721,0
DA:724,0
DA:725,0
DA:726,0
DA:733,0
DA:750,0
DA:751,0
DA:753,0
DA:754,0
DA:761,0
DA:768,0
DA:769,0
DA:775,0
DA:777,0
DA:778,0
DA:782,0
DA:783,0
DA:784,0
DA:785,0
DA:794,0
DA:796,0
DA:799,0
DA:800,0
DA:801,0
DA:808,0
DA:809,0
DA:810,0
DA:814,0
DA:817,0
DA:818,0
DA:823,0
DA:826,0
DA:828,0
DA:830,0
DA:833,0
DA:834,0
DA:841,0
DA:842,0
DA:845,0
DA:848,0
DA:850,0
DA:851,0
DA:893,0
DA:895,0
DA:896,0
DA:897,0
DA:900,0
DA:901,0
DA:902,0
DA:905,0
DA:906,0
DA:913,0
DA:914,0
DA:920,0
DA:922,0
DA:925,0
DA:931,0
DA:933,0
DA:938,0
DA:941,0
DA:942,0
DA:943,0
DA:950,0
DA:952,0
DA:954,0
DA:955,0
DA:963,0
DA:968,0
DA:970,0
DA:971,0
DA:973,0
DA:975,0
DA:976,0
DA:982,0
DA:985,0
DA:987,0
DA:989,0
DA:995,0
DA:997,0
DA:998,0
DA:1006,0
DA:1011,0
DA:1012,0
DA:1013,0
DA:1014,0
DA:1016,0
DA:1020,0
DA:1029,0
DA:1033,0
DA:1034,0
DA:1036,0
DA:1037,0
DA:1041,0
DA:1042,0
DA:1045,0
DA:1047,0
DA:1048,0
DA:1058,0
DA:1065,0
DA:1066,0
DA:1076,0
DA:1077,0
DA:1081,0
DA:1087,0
DA:1093,0
DA:1102,0
DA:1103,0
DA:1104,0
DA:1110,0
DA:1113,0
DA:1114,0
DA:1120,0
DA:1122,0
DA:1123,0
DA:1132,0
DA:1134,0
DA:1136,0
DA:1138,0
DA:1139,0
DA:1141,0
DA:1142,0
DA:1145,0
DA:1146,0
DA:1147,0
DA:1151,0
DA:1153,0
DA:1154,0
DA:1160,0
DA:1178,0
DA:1179,0
DA:1180,0
DA:1181,0
DA:1184,0
DA:1185,0
DA:1186,0
DA:1188,0
DA:1189,0
DA:1190,0
DA:1191,0
DA:1192,0
DA:1195,0
DA:1199,0
DA:1200,0
DA:1201,0
DA:1202,0
DA:1204,0
DA:1207,0
DA:1208,0
DA:1211,0
DA:1218,0
DA:1219,0
DA:1222,0
DA:1223,0
DA:1226,0
DA:1227,0
DA:1228,0
DA:1237,0
DA:1239,0
DA:1240,0
DA:1248,0
DA:1249,0
DA:1256,0
DA:1257,0
DA:1264,0
DA:1272,0
DA:1273,0
DA:1275,0
DA:1276,0
DA:1277,0
DA:1283,0
DA:1284,0
DA:1291,0
DA:1292,0
DA:1295,0
DA:1298,0
DA:1304,0
DA:1313,0
DA:1315,0
DA:1316,0
DA:1320,0
DA:1321,0
DA:1322,0
DA:1325,0
DA:1326,0
DA:1333,0
DA:1334,0
DA:1335,0
DA:1342,0
DA:1343,0
DA:1345,0
DA:1346,0
DA:1347,0
DA:1364,0
DA:1365,0
DA:1366,0
DA:1369,0
DA:1370,0
DA:1371,0
DA:1373,0
DA:1374,0
DA:1375,0
DA:1376,0
DA:1377,0
DA:1380,0
DA:1383,0
DA:1384,0
DA:1385,0
DA:1386,0
DA:1388,0
DA:1391,0
DA:1392,0
DA:1395,0
DA:1402,0
DA:1404,0
DA:1407,0
DA:1411,0
DA:1412,0
DA:1415,0
DA:1417,0
DA:1418,0
DA:1419,0
DA:1425,0
DA:1434,0
DA:1435,0
DA:1437,0
DA:1438,0
DA:1439,0
DA:1446,0
DA:1449,0
DA:1450,0
DA:1451,0
DA:1457,0
DA:1463,0
DA:1464,0
DA:1465,0
DA:1474,0
DA:1475,0
DA:1477,0
DA:1478,0
DA:1484,0
DA:1486,0
DA:1487,0
DA:1489,0
DA:1490,0
DA:1497,0
DA:1498,0
DA:1499,0
DA:1500,0
DA:1504,0
DA:1507,0
DA:1508,0
DA:1511,0
DA:1512,0
DA:1516,0
DA:1528,0
DA:1529,0
DA:1534,0
DA:1536,0
DA:1537,0
DA:1538,0
DA:1544,0
DA:1545,0
DA:1553,0
DA:1554,0
DA:1562,0
DA:1563,0
DA:1565,0
DA:1566,0
DA:1572,0
DA:1573,0
DA:1576,0
DA:1577,0
DA:1578,0
DA:1579,0
DA:1583,0
DA:1589,0
DA:1590,0
DA:1591,0
DA:1597,0
DA:1598,0
DA:1605,0
DA:1606,0
DA:1608,0
DA:1610,0
DA:1624,0
DA:1628,0
DA:1629,0
DA:1630,0
DA:1632,0
DA:1639,0
DA:1640,0
DA:1647,0
DA:1648,0
DA:1655,0
DA:1657,0
DA:1661,0
DA:1662,0
DA:1665,0
DA:1666,0
DA:1667,0
DA:1668,0
DA:1669,0
DA:1672,0
DA:1673,0
DA:1674,0
DA:1675,0
DA:1683,0
DA:1684,0
DA:1686,0
DA:1687,0
DA:1689,0
DA:1690,0
DA:1691,0
DA:1693,0
DA:1699,0
DA:1700,0
DA:1702,0
DA:1704,0
DA:1705,0
DA:1707,0
DA:1710,0
DA:1711,0
DA:1712,0
DA:1716,0
DA:1717,0
DA:1718,0
DA:1723,0
DA:1724,0
DA:1726,0
DA:1728,0
DA:1730,0
DA:1731,0
DA:1733,0
DA:1734,0
DA:1735,0
DA:1737,0
DA:1738,0
DA:1741,0
DA:1742,0
DA:1743,0
DA:1746,0
DA:1747,0
DA:1754,0
DA:1755,0
DA:1763,0
DA:1764,0
DA:1767,0
DA:1768,0
DA:1769,0
DA:1776,0
DA:1777,0
DA:1778,0
DA:1779,0
DA:1788,0
DA:1789,0
DA:1792,0
DA:1797,0
DA:1798,0
DA:1807,0
DA:1808,0
DA:1809,0
DA:1812,0
DA:1814,0
DA:1817,0
DA:1818,0
DA:1819,0
DA:1821,0
DA:1822,0
DA:1823,0
DA:1834,0
DA:1835,0
DA:1836,0
DA:1837,0
DA:1842,0
DA:1843,0
DA:1850,0
DA:1851,0
DA:1852,0
DA:1864,0
DA:1867,0
DA:1868,0
DA:1870,0
DA:1871,0
DA:1872,0
DA:1873,0
DA:1874,0
DA:1875,0
DA:1876,0
DA:1877,0
DA:1878,0
DA:1881,0
DA:1882,0
DA:1883,0
DA:1887,0
DA:1888,0
DA:1890,0
DA:1891,0
DA:1892,0
DA:1893,0
DA:1897,0
DA:1901,0
DA:1905,0
DA:1906,0
DA:1907,0
DA:1921,0
DA:1923,0
DA:1924,0
DA:1925,0
DA:1926,0
DA:1929,0
DA:1930,0
DA:1931,0
DA:1941,0
DA:1942,0
DA:1944,0
DA:1945,0
DA:1946,0
DA:1947,0
DA:1950,0
DA:1951,0
DA:1953,0
DA:1954,0
DA:1955,0
DA:1958,0
DA:1959,0
DA:1964,0
DA:1965,0
DA:1975,0
DA:1979,0
DA:1983,0
DA:1984,0
DA:1994,0
DA:1998,0
DA:2000,0
DA:2001,0
DA:2010,0
DA:2017,0
DA:2018,0
DA:2019,0
DA:2032,0
DA:2033,0
DA:2034,0
DA:2039,0
DA:2041,0
DA:2042,0
DA:2043,0
DA:2044,0
DA:2050,0
DA:2052,0
DA:2057,0
DA:2058,0
DA:2059,0
DA:2060,0
DA:2063,0
DA:2064,0
DA:2068,0
DA:2071,0
DA:2072,0
DA:2076,0
DA:2078,0
DA:2079,0
DA:2081,0
DA:2082,0
DA:2090,0
DA:2092,0
DA:2094,0
DA:2096,0
DA:2097,0
DA:2100,0
DA:2103,0
DA:2107,0
DA:2108,0
DA:2110,0
DA:2112,0
DA:2113,0
DA:2118,0
DA:2119,0
DA:2121,0
DA:2122,0
DA:2131,0
DA:2133,0
DA:2134,0
DA:2137,0
DA:2138,0
DA:2139,0
DA:2140,0
DA:2146,0
DA:2147,0
DA:2150,0
DA:2151,0
DA:2155,0
DA:2156,0
DA:2160,0
DA:2161,0
DA:2166,0
DA:2167,0
DA:2170,0
DA:2171,0
DA:2172,0
DA:2174,0
DA:2175,0
DA:2177,0
DA:2178,0
DA:2182,0
DA:2185,0
DA:2186,0
DA:2190,0
DA:2191,0
DA:2195,0
DA:2196,0
DA:2199,0
DA:2206,0
DA:2207,0
DA:2210,0
DA:2211,0
DA:2213,0
DA:2214,0
DA:2215,0
DA:2222,0
DA:2223,0
DA:2224,0
DA:2227,0
DA:2230,0
DA:2231,0
DA:2232,0
DA:2236,0
DA:2237,0
DA:2239,0
DA:2240,0
DA:2241,0
DA:2248,0
DA:2249,0
DA:2250,0
DA:2257,0
DA:2262,0
DA:2263,0
DA:2264,0
DA:2268,0
DA:2270,0
DA:2271,0
DA:2274,0
DA:2275,0
DA:2278,0
DA:2281,0
DA:2286,0
DA:2287,0
DA:2290,0
DA:2293,0
DA:2298,0
DA:2301,0
DA:2302,0
DA:2306,0
DA:2307,0
DA:2308,0
DA:2309,0
DA:2313,0
DA:2314,0
DA:2316,0
DA:2317,0
DA:2319,0
DA:2320,0
DA:2322,0
DA:2323,0
DA:2325,0
DA:2326,0
DA:2329,0
DA:2330,0
DA:2331,0
DA:2335,0
DA:2336,0
DA:2338,0
DA:2339,0
DA:2344,0
DA:2345,0
DA:2346,0
DA:2349,0
DA:2350,0
DA:2351,0
DA:2355,0
DA:2356,0
DA:2360,0
DA:2363,0
DA:2369,0
DA:2370,0
DA:2371,0
DA:2372,0
DA:2374,0
DA:2378,0
DA:2381,0
DA:2382,0
DA:2383,0
DA:2386,0
DA:2388,0
DA:2389,0
DA:2392,0
DA:2394,0
DA:2395,0
DA:2396,0
DA:2397,0
DA:2398,0
DA:2399,0
DA:2400,0
DA:2402,0
DA:2405,0
DA:2412,0
DA:2413,0
DA:2422,0
DA:2424,0
DA:2425,0
DA:2426,0
DA:2428,0
DA:2429,0
DA:2433,0
DA:2434,0
DA:2435,0
DA:2436,0
DA:2439,0
DA:2440,0
DA:2444,0
DA:2445,0
DA:2446,0
DA:2449,0
DA:2450,0
DA:2451,0
DA:2452,0
DA:2456,0
DA:2457,0
DA:2460,0
DA:2461,0
DA:2464,0
DA:2466,0
DA:2467,0
DA:2470,0
DA:2471,0
DA:2474,0
DA:2476,0
DA:2480,0
DA:2481,0
DA:2484,0
DA:2487,0
DA:2491,0
DA:2496,0
DA:2497,0
DA:2498,0
DA:2500,0
DA:2503,0
DA:2505,0
DA:2506,0
DA:2514,0
DA:2517,0
DA:2527,0
DA:2529,0
DA:2532,0
DA:2533,0
DA:2534,0
DA:2535,0
DA:2536,0
DA:2538,0
DA:2539,0
DA:2540,0
DA:2545,0
DA:2551,0
DA:2552,0
DA:2553,0
DA:2565,0
DA:2566,0
DA:2571,0
DA:2585,0
DA:2586,0
DA:2596,0
DA:2603,0
DA:2613,0
DA:2615,0
DA:2616,0
DA:2617,0
DA:2621,0
DA:2622,0
DA:2623,0
DA:2624,0
DA:2633,0
DA:2636,0
DA:2638,0
DA:2641,0
DA:2684,0
DA:2685,0
DA:2686,0
DA:2688,0
DA:2689,0
DA:2690,0
DA:2694,0
DA:2695,0
DA:2697,0
DA:2699,0
DA:2700,0
DA:2704,0
DA:2705,0
DA:2706,0
DA:2707,0
DA:2710,0
DA:2715,0
DA:2716,0
DA:2723,0
DA:2727,0
DA:2728,0
DA:2729,0
DA:2740,0
DA:2741,0
DA:2742,0
DA:2743,0
DA:2745,0
DA:2757,0
DA:2758,0
DA:2759,0
DA:2761,0
DA:2763,0
DA:2764,0
DA:2766,0
DA:2770,0
DA:2773,0
DA:2774,0
DA:2778,0
DA:2779,0
DA:2780,0
DA:2786,0
DA:2788,0
DA:2792,0
DA:2794,0
DA:2795,0
DA:2796,0
DA:2797,0
DA:2799,0
DA:2800,0
DA:2801,0
DA:2807,0
DA:2809,0
DA:2814,0
DA:2815,0
DA:2821,0
DA:2824,0
DA:2825,0
DA:2828,0
DA:2829,0
DA:2830,0
DA:2831,0
DA:2834,0
DA:2836,0
DA:2837,0
DA:2846,0
DA:2847,0
DA:2848,0
DA:2849,0
DA:2851,0
DA:2852,0
DA:2853,0
DA:2856,0
DA:2861,0
DA:2862,0
DA:2868,0
DA:2871,0
DA:2872,0
DA:2881,0
DA:2882,0
DA:2883,0
DA:2887,0
DA:2888,0
DA:2889,0
DA:2892,0
DA:2894,0
DA:2896,0
DA:2897,0
DA:2898,0
DA:2901,0
DA:2903,0
DA:2904,0
DA:2912,0
DA:2913,0
DA:2914,0
DA:2915,0
DA:2918,0
DA:2919,0
DA:2921,0
DA:2922,0
DA:2924,0
DA:2926,0
DA:2929,0
DA:2930,0
DA:2934,0
DA:2935,0
DA:2936,0
DA:2938,0
DA:2940,0
DA:2944,0
DA:2948,0
DA:2952,0
DA:2953,0
DA:2954,0
DA:2957,0
DA:2958,0
DA:2959,0
DA:2961,0
DA:2962,0
DA:2967,0
DA:2968,0
DA:2969,0
DA:2971,0
DA:2976,0
DA:2977,0
DA:2983,0
DA:2986,0
DA:2987,0
DA:2988,0
DA:2989,0
DA:2992,0
DA:2997,0
DA:3002,0
DA:3003,0
DA:3004,0
DA:3005,0
DA:3006,0
DA:3012,0
DA:3013,0
DA:3015,0
DA:3017,0
DA:3018,0
DA:3021,0
DA:3022,0
DA:3023,0
DA:3028,0
DA:3029,0
DA:3031,0
DA:3032,0
DA:3035,0
DA:3036,0
DA:3037,0
DA:3038,0
DA:3042,0
DA:3045,0
DA:3046,0
DA:3047,0
DA:3048,0
DA:3049,0
DA:3051,0
DA:3052,0
DA:3056,0
DA:3057,0
DA:3058,0
DA:3059,0
DA:3060,0
DA:3061,0
DA:3062,0
DA:3067,0
DA:3072,0
DA:3073,0
DA:3075,0
DA:3076,0
DA:3077,0
DA:3079,0
DA:3080,0
DA:3081,0
DA:3082,0
DA:3083,0
DA:3088,0
DA:3089,0
DA:3090,0
DA:3091,0
DA:3092,0
DA:3093,0
DA:3099,0
DA:3100,0
DA:3101,0
DA:3102,0
DA:3105,0
DA:3106,0
DA:3107,0
DA:3110,0
DA:3111,0
DA:3114,0
DA:3115,0
DA:3116,0
DA:3122,0
DA:3123,0
DA:3124,0
DA:3125,0
DA:3127,0
DA:3131,0
DA:3132,0
DA:3142,0
DA:3143,0
DA:3145,0
DA:3146,0
DA:3147,0
DA:3148,0
DA:3149,0
DA:3150,0
DA:3153,0
DA:3154,0
DA:3156,0
DA:3157,0
DA:3158,0
DA:3163,0
DA:3164,0
DA:3165,0
DA:3166,0
DA:3167,0
DA:3168,0
DA:3169,0
DA:3171,0
DA:3172,0
DA:3173,0
DA:3174,0
DA:3175,0
DA:3176,0
DA:3185,0
DA:3190,0
DA:3192,0
DA:3193,0
DA:3194,0
DA:3198,0
DA:3203,0
DA:3204,0
DA:3206,0
DA:3210,0
DA:3214,0
DA:3220,0
DA:3223,0
DA:3224,0
DA:3225,0
DA:3226,0
DA:3239,0
DA:3240,0
DA:3242,0
DA:3244,0
DA:3246,0
DA:3247,0
DA:3248,0
DA:3252,0
DA:3254,0
DA:3255,0
DA:3256,0
DA:3257,0
DA:3258,0
DA:3259,0
DA:3262,0
DA:3263,0
DA:3264,0
DA:3267,0
DA:3268,0
DA:3272,0
DA:3274,0
DA:3279,0
DA:3280,0
DA:3281,0
DA:3282,0
DA:3290,0
DA:3291,0
DA:3292,0
DA:3293,0
DA:3301,0
DA:3302,0
DA:3303,0
DA:3308,0
DA:3313,0
DA:3314,0
DA:3316,0
DA:3317,0
DA:3318,0
DA:3321,0
DA:3322,0
DA:3323,0
DA:3326,0
DA:3327,0
DA:3328,0
DA:3329,0
DA:3330,0
DA:3338,0
DA:3339,0
DA:3340,0
DA:3341,0
DA:3342,0
DA:3343,0
DA:3344,0
DA:3345,0
DA:3355,0
DA:3356,0
DA:3363,0
DA:3364,0
DA:3365,0
DA:3366,0
DA:3368,0
DA:3369,0
DA:3373,0
DA:3374,0
DA:3375,0
DA:3376,0
DA:3379,0
DA:3380,0
DA:3381,0
DA:3382,0
DA:3383,0
DA:3384,0
DA:3387,0
DA:3388,0
DA:3389,0
DA:3392,0
DA:3393,0
DA:3394,0
DA:3395,0
DA:3397,0
DA:3398,0
DA:3404,0
DA:3405,0
DA:3407,0
DA:3408,0
DA:3409,0
DA:3411,0
DA:3412,0
DA:3414,0
DA:3415,0
DA:3417,0
DA:3419,0
DA:3421,0
DA:3423,0
DA:3425,0
DA:3427,0
DA:3430,0
DA:3435,0
DA:3445,0
DA:3446,0
DA:3448,0
DA:3453,0
DA:3454,0
DA:3457,0
DA:3458,0
DA:3459,0
DA:3460,0
DA:3461,0
DA:3462,0
DA:3465,0
DA:3467,0
DA:3468,0
DA:3472,0
DA:3473,0
DA:3474,0
DA:3475,0
DA:3478,0
DA:3479,0
DA:3480,0
DA:3481,0
DA:3483,0
DA:3484,0
DA:3490,0
DA:3491,0
DA:3497,0
DA:3498,0
DA:3507,0
DA:3512,0
DA:3516,0
DA:3517,0
DA:3518,0
DA:3519,0
DA:3521,0
DA:3528,0
DA:3529,0
DA:3536,0
DA:3537,0
DA:3539,0
DA:3540,0
DA:3541,0
DA:3542,0
DA:3545,0
DA:3547,0
DA:3548,0
DA:3552,0
DA:3553,0
DA:3554,0
DA:3555,0
DA:3559,0
DA:3565,0
DA:3566,0
DA:3573,0
DA:3574,0
DA:3575,0
DA:3579,0
DA:3580,0
DA:3581,0
DA:3582,0
DA:3586,0
DA:3592,0
DA:3593,0
DA:3596,0
DA:3597,0
DA:3598,0
DA:3601,0
DA:3602,0
DA:3609,0
DA:3610,0
DA:3617,0
DA:3623,0
DA:3627,0
DA:3628,0
DA:3630,0
DA:3636,0
DA:3637,0
DA:3644,0
DA:3645,0
DA:3646,0
DA:3647,0
DA:3649,0
DA:3650,0
DA:3654,0
DA:3655,0
DA:3656,0
DA:3659,0
DA:3660,0
DA:3662,0
DA:3663,0
DA:3664,0
DA:3668,0
DA:3669,0
DA:3670,0
DA:3671,0
DA:3675,0
DA:3681,0
DA:3682,0
DA:3688,0
DA:3689,0
DA:3691,0
DA:3693,0
DA:3694,0
DA:3695,0
DA:3702,0
DA:3703,0
DA:3704,0
DA:3705,0
DA:3706,0
DA:3707,0
DA:3710,0
DA:3712,0
DA:3713,0
DA:3717,0
DA:3718,0
DA:3719,0
DA:3720,0
DA:3724,0
DA:3730,0
DA:3735,0
DA:3737,0
DA:3739,0
DA:3740,0
DA:3749,0
DA:3750,0
DA:3751,0
DA:3752,0
DA:3756,0
DA:3757,0
DA:3758,0
DA:3760,0
DA:3761,0
DA:3765,0
DA:3772,0
DA:3773,0
DA:3774,0
DA:3775,0
DA:3776,0
DA:3777,0
DA:3778,0
DA:3788,0
DA:3790,0
DA:3791,0
DA:3792,0
DA:3794,0
DA:3795,0
DA:3797,0
DA:3800,0
DA:3802,0
DA:3804,0
DA:3805,0
DA:3806,0
DA:3813,0
DA:3822,0
DA:3823,0
DA:3827,0
DA:3831,0
DA:3832,0
DA:3836,0
DA:3837,0
DA:3838,0
DA:3845,0
DA:3855,0
DA:3856,0
DA:3863,0
DA:3864,0
DA:3867,0
DA:3868,0
DA:3869,0
DA:3870,0
DA:3875,0
DA:3878,0
DA:3880,0
DA:3881,0
DA:3882,0
DA:3890,0
DA:3892,0
DA:3893,0
DA:3894,0
DA:3896,0
DA:3897,0
DA:3898,0
DA:3899,0
DA:3900,0
DA:3903,0
DA:3904,0
DA:3909,0
DA:3910,0
DA:3911,0
DA:3915,0
DA:3916,0
DA:3917,0
DA:3918,0
DA:3922,0
DA:3923,0
DA:3931,0
DA:3932,0
DA:3935,0
DA:3936,0
DA:3937,0
DA:3938,0
DA:3940,0
DA:3943,0
DA:3945,0
DA:3946,0
DA:3953,0
DA:3955,0
DA:3956,0
DA:3957,0
DA:3959,0
DA:3960,0
DA:3961,0
DA:3962,0
DA:3963,0
DA:3966,0
DA:3967,0
DA:3971,0
DA:3972,0
DA:3973,0
DA:3977,0
DA:3978,0
DA:3979,0
DA:3980,0
DA:3983,0
DA:3984,0
DA:3987,0
DA:3988,0
DA:3989,0
DA:3991,0
DA:3994,0
DA:3996,0
DA:3997,0
DA:4004,0
DA:4006,0
DA:4008,0
DA:4011,0
DA:4012,0
DA:4013,0
DA:4014,0
DA:4018,0
DA:4019,0
DA:4021,0
DA:4032,0
DA:4033,0
DA:4034,0
DA:4035,0
DA:4036,0
DA:4040,0
DA:4041,0
DA:4042,0
DA:4043,0
DA:4044,0
DA:4045,0
DA:4048,0
DA:4049,0
DA:4054,0
DA:4064,0
DA:4067,0
DA:4068,0
DA:4069,0
DA:4077,0
DA:4079,0
DA:4080,0
DA:4082,0
DA:4090,0
DA:4091,0
DA:4101,0
DA:4103,0
DA:4104,0
DA:4105,0
DA:4106,0
DA:4117,0
DA:4119,0
DA:4129,0
DA:4137,0
DA:4139,0
DA:4140,0
DA:4146,0
DA:4147,0
DA:4153,0
DA:4154,0
DA:4155,0
DA:4157,0
DA:4163,0
DA:4171,0
DA:4176,0
DA:4177,0
DA:4178,0
DA:4186,0
DA:4188,0
DA:4195,0
DA:4197,0
DA:4198,0
DA:4199,0
DA:4200,0
DA:4201,0
DA:4205,0
DA:4216,0
DA:4217,0
DA:4221,0
DA:4222,0
DA:4223,0
DA:4226,0
DA:4227,0
DA:4228,0
DA:4229,0
DA:4234,0
DA:4235,0
DA:4242,0
DA:4243,0
DA:4250,0
DA:4251,0
DA:4252,0
DA:4255,0
DA:4265,0
DA:4276,0
DA:4278,0
DA:4298,0
DA:4299,0
DA:4300,0
DA:4302,0
DA:4303,0
DA:4304,0
DA:4308,0
DA:4309,0
DA:4311,0
DA:4313,0
DA:4314,0
DA:4318,0
DA:4319,0
DA:4320,0
DA:4321,0
DA:4324,0
DA:4329,0
DA:4330,0
DA:4337,0
DA:4341,0
DA:4342,0
DA:4343,0
DA:4353,0
DA:4356,0
DA:4357,0
DA:4358,0
DA:4359,0
DA:4361,0
DA:4379,0
DA:4417,0
DA:4435,0
DA:4437,0
DA:4438,0
DA:4439,0
DA:4440,0
DA:4441,0
DA:4443,0
DA:4447,0
DA:4448,0
DA:4449,0
DA:4452,0
DA:4453,0
DA:4455,0
DA:4459,0
DA:4461,0
DA:4462,0
DA:4470,0
DA:4471,0
DA:4478,0
DA:4479,0
DA:4481,0
DA:4483,0
DA:4484,0
DA:4485,0
DA:4487,0
DA:4490,0
DA:4491,0
DA:4492,0
DA:4493,0
DA:4495,0
DA:4496,0
DA:4497,0
DA:4498,0
DA:4501,0
DA:4502,0
DA:4503,0
DA:4504,0
DA:4505,0
DA:4507,0
DA:4508,0
DA:4509,0
DA:4511,0
DA:4512,0
DA:4513,0
DA:4516,0
DA:4517,0
DA:4518,0
DA:4519,0
DA:4520,0
DA:4522,0
DA:4523,0
DA:4526,0
DA:4531,0
DA:4536,0
DA:4537,0
DA:4538,0
DA:4542,0
DA:4543,0
DA:4544,0
DA:4548,0
DA:4549,0
DA:4550,0
DA:4553,0
DA:4554,0
DA:4555,0
DA:4558,0
DA:4559,0
DA:4560,0
DA:4561,0
DA:4562,0
DA:4566,0
DA:4567,0
DA:4568,0
DA:4570,0
DA:4621,0
DA:4622,0
DA:4623,0
DA:4624,0
DA:4628,0
DA:4629,0
DA:4630,0
DA:4631,0
DA:4634,0
DA:4639,0
DA:4640,0
DA:4642,0
DA:4643,0
DA:4653,0
DA:4654,0
DA:4655,0
DA:4656,0
DA:4657,0
DA:4658,0
DA:4659,0
DA:4664,0
DA:4665,0
DA:4666,0
DA:4667,0
DA:4668,0
DA:4669,0
DA:4670,0
DA:4671,0
DA:4672,0
DA:4673,0
DA:4674,0
DA:4675,0
DA:4676,0
DA:4677,0
DA:4679,0
DA:4720,0
DA:4721,0
DA:4722,0
DA:4723,0
DA:4726,0
DA:4727,0
DA:4728,0
DA:4729,0
DA:4730,0
DA:4732,0
DA:4737,0
DA:4741,0
DA:4742,0
DA:4744,0
DA:4745,0
DA:4746,0
DA:4747,0
DA:4748,0
DA:4749,0
DA:4750,0
DA:4753,0
DA:4758,0
DA:4759,0
DA:4764,0
DA:4766,0
DA:4768,0
DA:4770,0
DA:4772,0
DA:4781,0
DA:4782,0
DA:4784,0
DA:4785,0
DA:4798,0
DA:4800,0
DA:4811,0
DA:4813,0
DA:4829,0
DA:4830,0
DA:4836,0
DA:4837,0
DA:4839,0
DA:4840,0
DA:4857,0
DA:4864,0
DA:4865,0
DA:4877,0
DA:4878,0
DA:4879,0
DA:4886,0
DA:4889,0
DA:4890,0
DA:4891,0
DA:4892,0
DA:4894,0
DA:4895,0
DA:4898,0
DA:4899,0
DA:4900,0
DA:4904,0
DA:4905,0
DA:4906,0
DA:4907,0
DA:4913,0
DA:4916,0
DA:4917,0
DA:4918,0
DA:4919,0
DA:4921,0
DA:4922,0
DA:4925,0
DA:4926,0
DA:4927,0
DA:4930,0
DA:4934,0
DA:4935,0
DA:4936,0
DA:4937,0
DA:4941,0
DA:4944,0
DA:4945,0
DA:4946,0
DA:4947,0
DA:4949,0
DA:4950,0
DA:4953,0
DA:4954,0
DA:4955,0
DA:4958,0
DA:4962,0
DA:4963,0
DA:4964,0
DA:4965,0
DA:4968,0
DA:4969,0
DA:4970,0
DA:4971,0
DA:4973,0
DA:4974,0
DA:4977,0
DA:4978,0
DA:4979,0
DA:4982,0
DA:4986,0
DA:4987,0
DA:4988,0
DA:4990,0
DA:5007,0
DA:5009,0
DA:5020,0
DA:5021,0
DA:5023,0
DA:5024,0
DA:5025,0
DA:5026,0
DA:5028,0
DA:5034,0
DA:5035,0
DA:5037,0
DA:5038,0
DA:5040,0
DA:5046,0
DA:5047,0
DA:5050,0
DA:5051,0
DA:5053,0
DA:5054,0
DA:5061,0
DA:5062,0
DA:5069,0
DA:5070,0
DA:5071,0
DA:5074,0
DA:5081,0
DA:5082,0
DA:5088,0
DA:5089,0
DA:5090,0
DA:5092,0
DA:5096,0
DA:5097,0
DA:5098,0
DA:5102,0
DA:5104,0
DA:5112,0
DA:5113,0
DA:5114,0
DA:5115,0
DA:5116,0
DA:5117,0
DA:5119,0
DA:5121,0
DA:5124,0
DA:5127,0
DA:5128,0
DA:5129,0
DA:5130,0
DA:5132,0
DA:5137,0
DA:5138,0
DA:5142,0
DA:5143,0
DA:5146,0
DA:5154,0
DA:5156,0
DA:5167,0
DA:5169,0
DA:5170,0
DA:5171,0
DA:5172,0
DA:5173,0
DA:5176,0
DA:5182,0
DA:5183,0
DA:5185,0
DA:5187,0
DA:5189,0
DA:5191,0
DA:5197,0
DA:5200,0
DA:5201,0
DA:5202,0
DA:5203,0
DA:5204,0
DA:5206,0
DA:5207,0
DA:5208,0
DA:5213,0
DA:5222,0
DA:5224,0
DA:5226,0
DA:5228,0
DA:5230,0
DA:5232,0
DA:5234,0
DA:5239,0
DA:5240,0
DA:5242,0
DA:5244,0
DA:5246,0
DA:5248,0
DA:5249,0
DA:5252,0
DA:5258,0
DA:5260,0
DA:5261,0
DA:5270,0
DA:5271,0
DA:5273,0
DA:5274,0
DA:5280,0
DA:5281,0
DA:5288,0
DA:5290,0
DA:5296,0
DA:5297,0
DA:5305,0
DA:5306,0
DA:5307,0
DA:5309,0
DA:5310,0
DA:5316,0
DA:5317,0
DA:5318,0
DA:5324,0
DA:5329,0
DA:5334,0
DA:5335,0
DA:5343,0
DA:5344,0
DA:5346,0
DA:5347,0
DA:5353,0
DA:5355,0
DA:5360,0
DA:5361,0
DA:5370,0
DA:5371,0
DA:5372,0
DA:5373,0
DA:5376,0
DA:5378,0
DA:5380,0
DA:5382,0
DA:5384,0
DA:5386,0
DA:5396,0
DA:5397,0
DA:5398,0
DA:5399,0
DA:5401,0
DA:5403,0
DA:5405,0
DA:5407,0
DA:5408,0
DA:5409,0
DA:5411,0
DA:5412,0
DA:5413,0
DA:5416,0
DA:5418,0
DA:5419,0
DA:5420,0
DA:5425,0
DA:5426,0
DA:5427,0
DA:5428,0
DA:5431,0
DA:5437,0
DA:5438,0
DA:5451,0
DA:5452,0
DA:5453,0
DA:5454,0
DA:5456,0
DA:5457,0
DA:5463,0
DA:5464,0
DA:5465,0
DA:5468,0
DA:5469,0
DA:5479,0
DA:5481,0
DA:5487,0
DA:5488,0
DA:5501,0
DA:5502,0
DA:5503,0
DA:5504,0
DA:5505,0
DA:5507,0
DA:5508,0
DA:5514,0
DA:5515,0
DA:5516,0
DA:5522,0
DA:5523,0
DA:5524,0
DA:5527,0
DA:5528,0
DA:5531,0
DA:5536,0
DA:5541,0
DA:5542,0
DA:5555,0
DA:5556,0
DA:5557,0
DA:5558,0
DA:5560,0
DA:5561,0
DA:5567,0
DA:5568,0
DA:5569,0
DA:5572,0
DA:5573,0
DA:5574,0
DA:5577,0
DA:5579,0
DA:5584,0
DA:5585,0
DA:5594,0
DA:5595,0
DA:5601,0
DA:5603,0
DA:5605,0
DA:5607,0
DA:5609,0
DA:5615,0
DA:5621,0
DA:5622,0
DA:5623,0
DA:5624,0
DA:5628,0
DA:5629,0
DA:5635,0
DA:5636,0
DA:5637,0
DA:5640,0
DA:5641,0
DA:5647,0
DA:5648,0
DA:5649,0
DA:5651,0
DA:5656,0
DA:5659,0
DA:5660,0
DA:5661,0
DA:5663,0
DA:5665,0
DA:5668,0
DA:5669,0
DA:5670,0
DA:5671,0
DA:5676,0
DA:5677,0
DA:5678,0
DA:5679,0
DA:5680,0
DA:5688,0
DA:5689,0
DA:5690,0
DA:5691,0
DA:5694,0
DA:5695,0
DA:5696,0
DA:5698,0
DA:5708,0
DA:5711,0
DA:5713,0
DA:5714,0
DA:5717,0
DA:5718,0
DA:5719,0
DA:5728,0
DA:5733,0
DA:5734,0
DA:5735,0
DA:5736,0
DA:5739,0
DA:5740,0
DA:5742,0
DA:5743,0
DA:5746,0
DA:5748,0
DA:5752,0
DA:5755,0
DA:5757,0
DA:5758,0
DA:5761,0
DA:5763,0
DA:5767,0
DA:5770,0
DA:5771,0
DA:5774,0
DA:5775,0
DA:5776,0
DA:5785,0
DA:5786,0
DA:5787,0
DA:5790,0
DA:5793,0
DA:5794,0
DA:5795,0
DA:5796,0
DA:5797,0
DA:5801,0
DA:5803,0
DA:5805,0
DA:5807,0
DA:5813,0
DA:5814,0
DA:5815,0
DA:5821,0
DA:5822,0
DA:5823,0
DA:5829,0
DA:5830,0
DA:5832,0
DA:5833,0
DA:5834,0
DA:5837,0
DA:5838,0
DA:5840,0
DA:5841,0
DA:5848,0
DA:5859,0
DA:5861,0
DA:5868,0
DA:5876,0
DA:5877,0
DA:5878,0
DA:5881,0
DA:5882,0
DA:5884,0
DA:5885,0
DA:5891,0
DA:5892,0
DA:5893,0
DA:5895,0
DA:5896,0
DA:5897,0
DA:5900,0
DA:5901,0
DA:5915,0
DA:5921,0
DA:5929,0
DA:5930,0
DA:5931,0
DA:5934,0
DA:5935,0
DA:5937,0
DA:5938,0
DA:5944,0
DA:5952,0
DA:5959,0
DA:5967,0
DA:5968,0
DA:5969,0
DA:5972,0
DA:5973,0
DA:5975,0
DA:5976,0
DA:5982,0
DA:5990,0
DA:5998,0
DA:6007,0
DA:6008,0
DA:6009,0
DA:6010,0
DA:6011,0
DA:6013,0
DA:6014,0
DA:6015,0
DA:6016,0
DA:6020,0
DA:6021,0
DA:6022,0
DA:6023,0
DA:6026,0
DA:6032,0
DA:6041,0
DA:6042,0
DA:6049,0
DA:6054,0
DA:6056,0
DA:6059,0
DA:6060,0
DA:6067,0
DA:6077,0
DA:6078,0
DA:6079,0
DA:6087,0
DA:6088,0
DA:6089,0
DA:6091,0
DA:6093,0
DA:6094,0
DA:6095,0
DA:6096,0
DA:6101,0
DA:6102,0
DA:6103,0
DA:6105,0
DA:6106,0
DA:6110,0
DA:6111,0
DA:6113,0
DA:6115,0
DA:6116,0
DA:6117,0
DA:6119,0
DA:6120,0
DA:6122,0
DA:6123,0
DA:6125,0
DA:6126,0
DA:6128,0
DA:6132,0
DA:6133,0
DA:6135,0
DA:6136,0
DA:6138,0
DA:6139,0
DA:6141,0
DA:6142,0
DA:6143,0
DA:6145,0
DA:6146,0
DA:6148,0
DA:6149,0
DA:6153,0
DA:6156,0
DA:6157,0
DA:6165,0
DA:6167,0
DA:6169,0
DA:6173,0
DA:6174,0
DA:6175,0
DA:6176,0
DA:6179,0
DA:6183,0
DA:6184,0
DA:6186,0
DA:6187,0
DA:6190,0
DA:6191,0
DA:6192,0
DA:6193,0
DA:6197,0
DA:6198,0
DA:6199,0
DA:6200,0
DA:6201,0
DA:6203,0
DA:6204,0
DA:6209,0
DA:6210,0
DA:6212,0
DA:6213,0
DA:6216,0
DA:6218,0
DA:6219,0
DA:6222,0
DA:6223,0
DA:6224,0
DA:6225,0
DA:6228,0
DA:6229,0
DA:6230,0
DA:6231,0
DA:6233,0
DA:6234,0
DA:6235,0
DA:6238,0
DA:6239,0
DA:6241,0
DA:6247,0
DA:6255,0
DA:6256,0
DA:6258,0
DA:6259,0
DA:6262,0
DA:6263,0
DA:6264,0
DA:6267,0
DA:6268,0
DA:6269,0
DA:6270,0
DA:6273,0
DA:6274,0
DA:6277,0
DA:6280,0
DA:6288,0
DA:6289,0
DA:6290,0
DA:6291,0
DA:6293,0
DA:6294,0
DA:6295,0
DA:6296,0
DA:6298,0
DA:6301,0
DA:6304,0
DA:6307,0
DA:6310,0
DA:6311,0
DA:6312,0
DA:6319,0
DA:6329,0
DA:6330,0
DA:6331,0
DA:6339,0
DA:6340,0
DA:6341,0
DA:6343,0
DA:6345,0
DA:6346,0
DA:6347,0
DA:6348,0
DA:6353,0
DA:6354,0
DA:6355,0
DA:6357,0
DA:6358,0
DA:6362,0
DA:6363,0
DA:6365,0
DA:6368,0
DA:6369,0
DA:6372,0
DA:6373,0
DA:6379,0
DA:6380,0
DA:6383,0
DA:6384,0
DA:6385,0
DA:6387,0
DA:6391,0
DA:6392,0
DA:6396,0
DA:6397,0
DA:6398,0
DA:6401,0
DA:6408,0
DA:6409,0
DA:6410,0
DA:6412,0
DA:6414,0
DA:6416,0
DA:6417,0
DA:6419,0
DA:6420,0
DA:6421,0
DA:6425,0
DA:6427,0
DA:6431,0
DA:6432,0
DA:6433,0
DA:6434,0
DA:6438,0
DA:6439,0
DA:6440,0
DA:6441,0
DA:6444,0
DA:6448,0
DA:6449,0
DA:6451,0
DA:6452,0
DA:6456,0
DA:6457,0
DA:6458,0
DA:6462,0
DA:6463,0
DA:6476,0
DA:6482,0
DA:6483,0
DA:6484,0
DA:6487,0
DA:6491,0
DA:6492,0
DA:6494,0
DA:6495,0
DA:6499,0
DA:6500,0
DA:6506,0
DA:6507,0
DA:6510,0
DA:6511,0
DA:6512,0
DA:6516,0
DA:6521,0
DA:6522,0
DA:6523,0
DA:6525,0
DA:6532,0
DA:6533,0
DA:6534,0
DA:6537,0
DA:6541,0
DA:6542,0
DA:6544,0
DA:6545,0
DA:6548,0
DA:6549,0
DA:6555,0
DA:6556,0
DA:6559,0
DA:6560,0
DA:6561,0
DA:6565,0
DA:6570,0
DA:6571,0
DA:6572,0
DA:6575,0
DA:6578,0
DA:6581,0
DA:6589,0
DA:6590,0
DA:6591,0
DA:6592,0
DA:6594,0
DA:6595,0
DA:6596,0
DA:6597,0
DA:6599,0
DA:6602,0
DA:6605,0
DA:6608,0
DA:6611,0
DA:6612,0
DA:6613,0
DA:6620,0
DA:6630,0
DA:6631,0
DA:6632,0
DA:6638,0
DA:6639,0
DA:6640,0
DA:6642,0
DA:6643,0
DA:6646,0
DA:6647,0
DA:6649,0
DA:6650,0
DA:6653,0
DA:6654,0
DA:6657,0
DA:6658,0
DA:6661,0
DA:6662,0
DA:6668,0
DA:6670,0
DA:6671,0
DA:6685,0
DA:6686,0
DA:6690,0
DA:6701,0
DA:6705,0
DA:6706,0
DA:6708,0
DA:6709,0
DA:6712,0
DA:6715,0
DA:6716,0
DA:6719,0
DA:6722,0
DA:6728,0
DA:6739,0
DA:6741,0
DA:6748,0
DA:6749,0
DA:6750,0
DA:6752,0
DA:6755,0
DA:6756,0
DA:6762,0
DA:6763,0
DA:6764,0
DA:6766,0
DA:6770,0
DA:6781,0
DA:6784,0
DA:6786,0
DA:6787,0
DA:6788,0
DA:6794,0
DA:6795,0
DA:6796,0
DA:6801,0
DA:6802,0
DA:6803,0
DA:6804,0
DA:6805,0
DA:6808,0
DA:6809,0
DA:6810,0
DA:6812,0
DA:6813,0
DA:6816,0
DA:6817,0
DA:6818,0
DA:6819,0
DA:6831,0
DA:6833,0
DA:6834,0
DA:6835,0
DA:6838,0
DA:6839,0
DA:6840,0
DA:6851,0
DA:6852,0
DA:6853,0
DA:6854,0
DA:6855,0
DA:6856,0
DA:6857,0
DA:6860,0
DA:6864,0
DA:6865,0
DA:6867,0
DA:6868,0
DA:6869,0
DA:6872,0
DA:6873,0
DA:6887,0
DA:6888,0
DA:6892,0
DA:6893,0
DA:6895,0
DA:6896,0
DA:6897,0
DA:6900,0
DA:6901,0
DA:6902,0
DA:6918,0
DA:6919,0
DA:6921,0
DA:6924,0
DA:6928,0
DA:6929,0
DA:6931,0
DA:6932,0
DA:6933,0
DA:6935,0
DA:6936,0
DA:6939,0
DA:6940,0
DA:6944,0
DA:6947,0
DA:6948,0
DA:6960,0
DA:6961,0
DA:6964,0
DA:6967,0
DA:6968,0
DA:6970,0
DA:6971,0
DA:6975,0
DA:6981,0
DA:6983,0
DA:6985,0
DA:6986,0
DA:6992,0
DA:6993,0
DA:6996,0
DA:6997,0
DA:7000,0
DA:7001,0
DA:7006,0
LF:2675
LH:0
BRDA:34,0,0,0
BRDA:34,0,1,0
BRDA:45,1,0,0
BRDA:45,1,1,0
BRDA:92,2,0,0
BRDA:96,3,0,0
BRDA:96,4,0,0
BRDA:96,4,1,0
BRDA:102,5,0,0
BRDA:109,6,0,0
BRDA:109,7,0,0
BRDA:109,7,1,0
BRDA:109,7,2,0
BRDA:115,8,0,0
BRDA:115,8,1,0
BRDA:116,9,0,0
BRDA:143,10,0,0
BRDA:143,11,0,0
BRDA:143,11,1,0
BRDA:155,12,0,0
BRDA:167,13,0,0
BRDA:167,13,1,0
BRDA:172,14,0,0
BRDA:172,14,1,0
BRDA:173,15,0,0
BRDA:191,16,0,0
BRDA:195,17,0,0
BRDA:195,17,1,0
BRDA:209,18,0,0
BRDA:212,19,0,0
BRDA:234,20,0,0
BRDA:235,21,0,0
BRDA:235,21,1,0
BRDA:238,22,0,0
BRDA:238,23,0,0
BRDA:238,23,1,0
BRDA:238,23,2,0
BRDA:245,24,0,0
BRDA:246,25,0,0
BRDA:246,25,1,0
BRDA:247,26,0,0
BRDA:247,27,0,0
BRDA:247,27,1,0
BRDA:247,27,2,0
BRDA:254,28,0,0
BRDA:255,29,0,0
BRDA:255,29,1,0
BRDA:259,30,0,0
BRDA:259,31,0,0
BRDA:259,31,1,0
BRDA:259,31,2,0
BRDA:266,32,0,0
BRDA:267,33,0,0
BRDA:267,33,1,0
BRDA:268,34,0,0
BRDA:268,35,0,0
BRDA:268,35,1,0
BRDA:268,35,2,0
BRDA:275,36,0,0
BRDA:275,37,0,0
BRDA:275,37,1,0
BRDA:275,37,2,0
BRDA:286,38,0,0
BRDA:286,38,1,0
BRDA:287,39,0,0
BRDA:287,39,1,0
BRDA:288,40,0,0
BRDA:288,40,1,0
BRDA:289,41,0,0
BRDA:289,41,1,0
BRDA:290,42,0,0
BRDA:290,42,1,0
BRDA:291,43,0,0
BRDA:291,43,1,0
BRDA:294,44,0,0
BRDA:294,44,1,0
BRDA:310,45,0,0
BRDA:330,46,0,0
BRDA:345,47,0,0
BRDA:345,47,1,0
BRDA:345,48,0,0
BRDA:345,48,1,0
BRDA:348,49,0,0
BRDA:373,50,0,0
BRDA:373,50,1,0
BRDA:373,50,2,0
BRDA:373,50,3,0
BRDA:380,51,0,0
BRDA:380,51,1,0
BRDA:380,52,0,0
BRDA:380,52,1,0
BRDA:380,52,2,0
BRDA:382,53,0,0
BRDA:382,53,1,0
BRDA:382,54,0,0
BRDA:382,54,1,0
BRDA:385,55,0,0
BRDA:385,55,1,0
BRDA:387,56,0,0
BRDA:387,56,1,0
BRDA:393,57,0,0
BRDA:393,57,1,0
BRDA:395,58,0,0
BRDA:395,58,1,0
BRDA:411,59,0,0
BRDA:411,60,0,0
BRDA:411,60,1,0
BRDA:413,61,0,0
BRDA:431,62,0,0
BRDA:431,62,1,0
BRDA:431,62,2,0
BRDA:431,62,3,0
BRDA:438,63,0,0
BRDA:438,63,1,0
BRDA:438,64,0,0
BRDA:438,64,1,0
BRDA:441,65,0,0
BRDA:441,65,1,0
BRDA:445,66,0,0
BRDA:445,66,1,0
BRDA:450,67,0,0
BRDA:450,67,1,0
BRDA:450,68,0,0
BRDA:450,68,1,0
BRDA:450,69,0,0
BRDA:450,69,1,0
BRDA:455,70,0,0
BRDA:457,71,0,0
BRDA:467,72,0,0
BRDA:467,72,1,0
BRDA:467,72,2,0
BRDA:467,72,3,0
BRDA:472,73,0,0
BRDA:472,73,1,0
BRDA:476,74,0,0
BRDA:476,74,1,0
BRDA:484,75,0,0
BRDA:484,76,0,0
BRDA:484,76,1,0
BRDA:496,77,0,0
BRDA:498,78,0,0
BRDA:518,79,0,0
BRDA:518,80,0,0
BRDA:518,80,1,0
BRDA:518,80,2,0
BRDA:518,80,3,0
BRDA:518,80,4,0
BRDA:521,81,0,0
BRDA:521,81,1,0
BRDA:524,82,0,0
BRDA:524,83,0,0
BRDA:524,83,1,0
BRDA:524,83,2,0
BRDA:537,84,0,0
BRDA:537,85,0,0
BRDA:537,85,1,0
BRDA:540,86,0,0
BRDA:540,86,1,0
BRDA:542,87,0,0
BRDA:544,88,0,0
BRDA:544,88,1,0
BRDA:544,89,0,0
BRDA:544,89,1,0
BRDA:547,90,0,0
BRDA:547,90,1,0
BRDA:547,91,0,0
BRDA:547,91,1,0
BRDA:550,92,0,0
BRDA:550,92,1,0
BRDA:550,93,0,0
BRDA:550,93,1,0
BRDA:552,94,0,0
BRDA:552,94,1,0
BRDA:555,95,0,0
BRDA:555,95,1,0
BRDA:555,96,0,0
BRDA:555,96,1,0
BRDA:557,97,0,0
BRDA:557,97,1,0
BRDA:560,98,0,0
BRDA:560,99,0,0
BRDA:560,99,1,0
BRDA:568,100,0,0
BRDA:568,101,0,0
BRDA:568,101,1,0
BRDA:568,101,2,0
BRDA:568,101,3,0
BRDA:570,102,0,0
BRDA:578,103,0,0
BRDA:585,104,0,0
BRDA:585,104,1,0
BRDA:585,105,0,0
BRDA:585,105,1,0
BRDA:585,105,2,0
BRDA:585,105,3,0
BRDA:587,106,0,0
BRDA:591,107,0,0
BRDA:591,107,1,0
BRDA:591,108,0,0
BRDA:591,108,1,0
BRDA:597,109,0,0
BRDA:608,110,0,0
BRDA:608,110,1,0
BRDA:608,111,0,0
BRDA:608,111,1,0
BRDA:608,111,2,0
BRDA:608,111,3,0
BRDA:610,112,0,0
BRDA:610,112,1,0
BRDA:610,113,0,0
BRDA:610,113,1,0
BRDA:612,114,0,0
BRDA:612,114,1,0
BRDA:612,115,0,0
BRDA:612,115,1,0
BRDA:614,116,0,0
BRDA:614,116,1,0
BRDA:614,117,0,0
BRDA:614,117,1,0
BRDA:627,118,0,0
BRDA:627,118,1,0
BRDA:627,119,0,0
BRDA:627,119,1,0
BRDA:629,120,0,0
BRDA:629,120,1,0
BRDA:629,121,0,0
BRDA:629,121,1,0
BRDA:631,122,0,0
BRDA:631,122,1,0
BRDA:631,123,0,0
BRDA:631,123,1,0
BRDA:631,123,2,0
BRDA:631,123,3,0
BRDA:633,124,0,0
BRDA:633,124,1,0
BRDA:633,125,0,0
BRDA:633,125,1,0
BRDA:633,125,2,0
BRDA:635,126,0,0
BRDA:635,126,1,0
BRDA:635,127,0,0
BRDA:635,127,1,0
BRDA:635,127,2,0
BRDA:635,127,3,0
BRDA:638,128,0,0
BRDA:641,129,0,0
BRDA:641,129,1,0
BRDA:644,130,0,0
BRDA:644,130,1,0
BRDA:644,131,0,0
BRDA:644,131,1,0
BRDA:646,132,0,0
BRDA:646,132,1,0
BRDA:649,133,0,0
BRDA:649,133,1,0
BRDA:649,134,0,0
BRDA:649,134,1,0
BRDA:651,135,0,0
BRDA:651,135,1,0
BRDA:651,136,0,0
BRDA:651,136,1,0
BRDA:653,137,0,0
BRDA:653,137,1,0
BRDA:653,138,0,0
BRDA:653,138,1,0
BRDA:653,138,2,0
BRDA:653,138,3,0
BRDA:653,138,4,0
BRDA:655,139,0,0
BRDA:655,139,1,0
BRDA:655,140,0,0
BRDA:655,140,1,0
BRDA:657,141,0,0
BRDA:657,141,1,0
BRDA:657,142,0,0
BRDA:657,142,1,0
BRDA:659,143,0,0
BRDA:659,143,1,0
BRDA:659,144,0,0
BRDA:659,144,1,0
BRDA:661,145,0,0
BRDA:661,145,1,0
BRDA:661,146,0,0
BRDA:661,146,1,0
BRDA:665,147,0,0
BRDA:665,147,1,0
BRDA:665,148,0,0
BRDA:665,148,1,0
BRDA:669,149,0,0
BRDA:669,149,1,0
BRDA:669,150,0,0
BRDA:669,150,1,0
BRDA:673,151,0,0
BRDA:673,151,1,0
BRDA:673,152,0,0
BRDA:673,152,1,0
BRDA:677,153,0,0
BRDA:677,153,1,0
BRDA:677,154,0,0
BRDA:677,154,1,0
BRDA:681,155,0,0
BRDA:681,155,1,0
BRDA:681,156,0,0
BRDA:681,156,1,0
BRDA:691,157,0,0
BRDA:705,158,0,0
BRDA:705,158,1,0
BRDA:707,159,0,0
BRDA:707,160,0,0
BRDA:707,160,1,0
BRDA:707,160,2,0
BRDA:707,160,3,0
BRDA:720,161,0,0
BRDA:720,161,1,0
BRDA:721,162,0,0
BRDA:721,162,1,0
BRDA:721,162,2,0
BRDA:724,163,0,0
BRDA:733,164,0,0
BRDA:733,164,1,0
BRDA:733,164,2,0
BRDA:733,164,3,0
BRDA:733,164,4,0
BRDA:733,164,5,0
BRDA:733,164,6,0
BRDA:733,164,7,0
BRDA:733,164,8,0
BRDA:733,164,9,0
BRDA:733,164,10,0
BRDA:733,164,11,0
BRDA:733,164,12,0
BRDA:733,164,13,0
BRDA:733,164,14,0
BRDA:750,165,0,0
BRDA:751,166,0,0
BRDA:751,166,1,0
BRDA:753,167,0,0
BRDA:753,168,0,0
BRDA:753,168,1,0
BRDA:753,168,2,0
BRDA:753,168,3,0
BRDA:768,169,0,0
BRDA:768,169,1,0
BRDA:777,170,0,0
BRDA:782,171,0,0
BRDA:794,172,0,0
BRDA:799,173,0,0
BRDA:799,174,0,0
BRDA:799,174,1,0
BRDA:808,175,0,0
BRDA:809,176,0,0
BRDA:809,177,0,0
BRDA:809,177,1,0
BRDA:817,178,0,0
BRDA:833,179,0,0
BRDA:845,180,0,0
BRDA:848,181,0,0
BRDA:848,181,1,0
BRDA:850,182,0,0
BRDA:895,183,0,0
BRDA:895,184,0,0
BRDA:895,184,1,0
BRDA:900,185,0,0
BRDA:922,186,0,0
BRDA:922,186,1,0
BRDA:931,187,0,0
BRDA:938,188,0,0
BRDA:945,189,0,0
BRDA:945,189,1,0
BRDA:968,190,0,0
BRDA:968,191,0,0
BRDA:968,191,1,0
BRDA:968,191,2,0
BRDA:968,191,3,0
BRDA:970,192,0,0
BRDA:995,193,0,0
BRDA:997,194,0,0
BRDA:1002,195,0,0
BRDA:1002,195,1,0
BRDA:1011,196,0,0
BRDA:1014,197,0,0
BRDA:1033,198,0,0
BRDA:1033,199,0,0
BRDA:1033,199,1,0
BRDA:1036,200,0,0
BRDA:1047,201,0,0
BRDA:1047,202,0,0
BRDA:1047,202,1,0
BRDA:1065,203,0,0
BRDA:1065,204,0,0
BRDA:1065,204,1,0
BRDA:1076,205,0,0
BRDA:1102,206,0,0
BRDA:1103,207,0,0
BRDA:1103,208,0,0
BRDA:1103,208,1,0
BRDA:1103,208,2,0
BRDA:1103,208,3,0
BRDA:1103,208,4,0
BRDA:1113,209,0,0
BRDA:1122,210,0,0
BRDA:1145,211,0,0
BRDA:1153,212,0,0
BRDA:1188,213,0,0
BRDA:1188,213,1,0
BRDA:1195,214,0,0
BRDA:1195,214,1,0
BRDA:1200,215,0,0
BRDA:1200,215,1,0
BRDA:1207,216,0,0
BRDA:1207,216,1,0
BRDA:1207,217,0,0
BRDA:1207,217,1,0
BRDA:1223,218,0,0
BRDA:1223,218,1,0
BRDA:1226,219,0,0
BRDA:1233,220,0,0
BRDA:1233,220,1,0
BRDA:1237,221,0,0
BRDA:1237,222,0,0
BRDA:1237,222,1,0
BRDA:1237,222,2,0
BRDA:1237,222,3,0
BRDA:1244,223,0,0
BRDA:1244,223,1,0
BRDA:1248,224,0,0
BRDA:1248,225,0,0
BRDA:1248,225,1,0
BRDA:1256,226,0,0
BRDA:1259,227,0,0
BRDA:1259,227,1,0
BRDA:1267,228,0,0
BRDA:1267,228,1,0
BRDA:1275,229,0,0
BRDA:1275,230,0,0
BRDA:1275,230,1,0
BRDA:1292,231,0,0
BRDA:1292,231,1,0
BRDA:1295,232,0,0
BRDA:1295,233,0,0
BRDA:1295,233,1,0
BRDA:1295,233,2,0
BRDA:1313,234,0,0
BRDA:1315,235,0,0
BRDA:1315,236,0,0
BRDA:1315,236,1,0
BRDA:1315,236,2,0
BRDA:1321,237,0,0
BRDA:1321,237,1,0
BRDA:1322,238,0,0
BRDA:1322,238,1,0
BRDA:1325,239,0,0
BRDA:1334,240,0,0
BRDA:1345,241,0,0
BRDA:1345,241,1,0
BRDA:1373,242,0,0
BRDA:1373,242,1,0
BRDA:1380,243,0,0
BRDA:1380,243,1,0
BRDA:1384,244,0,0
BRDA:1384,244,1,0
BRDA:1391,245,0,0
BRDA:1391,245,1,0
BRDA:1391,246,0,0
BRDA:1391,246,1,0
BRDA:1417,247,0,0
BRDA:1417,248,0,0
BRDA:1417,248,1,0
BRDA:1434,249,0,0
BRDA:1437,250,0,0
BRDA:1463,251,0,0
BRDA:1463,251,1,0
BRDA:1474,252,0,0
BRDA:1477,253,0,0
BRDA:1489,254,0,0
BRDA:1498,255,0,0
BRDA:1512,256,0,0
BRDA:1512,256,1,0
BRDA:1528,257,0,0
BRDA:1528,258,0,0
BRDA:1528,258,1,0
BRDA:1528,258,2,0
BRDA:1536,259,0,0
BRDA:1540,260,0,0
BRDA:1540,260,1,0
BRDA:1550,261,0,0
BRDA:1550,261,1,0
BRDA:1556,262,0,0
BRDA:1556,262,1,0
BRDA:1562,263,0,0
BRDA:1565,264,0,0
BRDA:1565,265,0,0
BRDA:1565,265,1,0
BRDA:1577,266,0,0
BRDA:1589,267,0,0
BRDA:1593,268,0,0
BRDA:1593,268,1,0
BRDA:1597,269,0,0
BRDA:1605,270,0,0
BRDA:1605,270,1,0
BRDA:1608,271,0,0
BRDA:1614,272,0,0
BRDA:1614,272,1,0
BRDA:1642,273,0,0
BRDA:1642,273,1,0
BRDA:1647,274,0,0
BRDA:1647,274,1,0
BRDA:1655,275,0,0
BRDA:1661,276,0,0
BRDA:1665,277,0,0
BRDA:1665,278,0,0
BRDA:1665,278,1,0
BRDA:1665,278,2,0
BRDA:1674,279,0,0
BRDA:1690,280,0,0
BRDA:1690,280,1,0
BRDA:1691,281,0,0
BRDA:1691,281,1,0
BRDA:1700,282,0,0
BRDA:1700,282,1,0
BRDA:1702,283,0,0
BRDA:1702,284,0,0
BRDA:1702,284,1,0
BRDA:1704,285,0,0
BRDA:1711,286,0,0
BRDA:1717,287,0,0
BRDA:1724,288,0,0
BRDA:1724,289,0,0
BRDA:1724,289,1,0
BRDA:1730,290,0,0
BRDA:1730,291,0,0
BRDA:1730,291,1,0
BRDA:1735,292,0,0
BRDA:1735,292,1,0
BRDA:1737,293,0,0
BRDA:1737,294,0,0
BRDA:1737,294,1,0
BRDA:1742,295,0,0
BRDA:1758,296,0,0
BRDA:1758,296,1,0
BRDA:1763,297,0,0
BRDA:1776,298,0,0
BRDA:1789,299,0,0
BRDA:1789,300,0,0
BRDA:1789,300,1,0
BRDA:1789,300,2,0
BRDA:1807,301,0,0
BRDA:1821,302,0,0
BRDA:1821,302,1,0
BRDA:1842,303,0,0
BRDA:1842,303,1,0
BRDA:1850,304,0,0
BRDA:1850,304,1,0
BRDA:1851,305,0,0
BRDA:1851,306,0,0
BRDA:1851,306,1,0
BRDA:1870,307,0,0
BRDA:1887,308,0,0
BRDA:1887,308,1,0
BRDA:1890,309,0,0
BRDA:1890,309,1,0
BRDA:1891,310,0,0
BRDA:1891,311,0,0
BRDA:1891,311,1,0
BRDA:1905,312,0,0
BRDA:1923,313,0,0
BRDA:1923,314,0,0
BRDA:1923,314,1,0
BRDA:1930,315,0,0
BRDA:1945,316,0,0
BRDA:1954,317,0,0
BRDA:1954,317,1,0
BRDA:1955,318,0,0
BRDA:1955,318,1,0
BRDA:1958,319,0,0
BRDA:1970,320,0,0
BRDA:1970,320,1,0
BRDA:1975,321,0,0
BRDA:1975,322,0,0
BRDA:1975,322,1,0
BRDA:1975,322,2,0
BRDA:1975,322,3,0
BRDA:1989,323,0,0
BRDA:1989,323,1,0
BRDA:1994,324,0,0
BRDA:1994,325,0,0
BRDA:1994,325,1,0
BRDA:1994,325,2,0
BRDA:1994,325,3,0
BRDA:2006,326,0,0
BRDA:2006,326,1,0
BRDA:2013,327,0,0
BRDA:2013,327,1,0
BRDA:2018,328,0,0
BRDA:2039,329,0,0
BRDA:2042,330,0,0
BRDA:2046,331,0,0
BRDA:2046,331,1,0
BRDA:2057,332,0,0
BRDA:2057,332,1,0
BRDA:2058,333,0,0
BRDA:2058,333,1,0
BRDA:2059,334,0,0
BRDA:2059,335,0,0
BRDA:2059,335,1,0
BRDA:2059,335,2,0
BRDA:2063,336,0,0
BRDA:2078,337,0,0
BRDA:2078,338,0,0
BRDA:2078,338,1,0
BRDA:2081,339,0,0
BRDA:2081,340,0,0
BRDA:2081,340,1,0
BRDA:2092,341,0,0
BRDA:2092,341,1,0
BRDA:2096,342,0,0
BRDA:2107,343,0,0
BRDA:2112,344,0,0
BRDA:2118,345,0,0
BRDA:2121,346,0,0
BRDA:2121,346,1,0
BRDA:2133,347,0,0
BRDA:2137,348,0,0
BRDA:2137,348,1,0
BRDA:2139,349,0,0
BRDA:2146,350,0,0
BRDA:2146,351,0,0
BRDA:2146,351,1,0
BRDA:2150,352,0,0
BRDA:2150,353,0,0
BRDA:2150,353,1,0
BRDA:2155,354,0,0
BRDA:2155,355,0,0
BRDA:2155,355,1,0
BRDA:2160,356,0,0
BRDA:2160,357,0,0
BRDA:2160,357,1,0
BRDA:2166,358,0,0
BRDA:2171,359,0,0
BRDA:2171,360,0,0
BRDA:2171,360,1,0
BRDA:2171,360,2,0
BRDA:2174,361,0,0
BRDA:2174,362,0,0
BRDA:2174,362,1,0
BRDA:2174,362,2,0
BRDA:2177,363,0,0
BRDA:2177,364,0,0
BRDA:2177,364,1,0
BRDA:2177,364,2,0
BRDA:2195,365,0,0
BRDA:2214,366,0,0
BRDA:2214,366,1,0
BRDA:2222,367,0,0
BRDA:2240,368,0,0
BRDA:2240,368,1,0
BRDA:2248,369,0,0
BRDA:2262,370,0,0
BRDA:2262,370,1,0
BRDA:2270,371,0,0
BRDA:2270,371,1,0
BRDA:2278,372,0,0
BRDA:2278,372,1,0
BRDA:2286,373,0,0
BRDA:2286,373,1,0
BRDA:2301,374,0,0
BRDA:2306,375,0,0
BRDA:2306,376,0,0
BRDA:2306,376,1,0
BRDA:2309,377,0,0
BRDA:2309,377,1,0
BRDA:2316,378,0,0
BRDA:2322,379,0,0
BRDA:2322,379,1,0
BRDA:2323,380,0,0
BRDA:2323,380,1,0
BRDA:2323,381,0,0
BRDA:2323,381,1,0
BRDA:2323,381,2,0
BRDA:2325,382,0,0
BRDA:2325,382,1,0
BRDA:2329,383,0,0
BRDA:2329,384,0,0
BRDA:2329,384,1,0
BRDA:2329,384,2,0
BRDA:2338,385,0,0
BRDA:2349,386,0,0
BRDA:2349,387,0,0
BRDA:2349,387,1,0
BRDA:2355,388,0,0
BRDA:2371,389,0,0
BRDA:2371,389,1,0
BRDA:2381,390,0,0
BRDA:2389,391,0,0
BRDA:2389,391,1,0
BRDA:2394,392,0,0
BRDA:2394,392,1,0
BRDA:2394,393,0,0
BRDA:2394,393,1,0
BRDA:2396,394,0,0
BRDA:2396,394,1,0
BRDA:2396,395,0,0
BRDA:2396,395,1,0
BRDA:2398,396,0,0
BRDA:2398,396,1,0
BRDA:2400,397,0,0
BRDA:2416,398,0,0
BRDA:2416,398,1,0
BRDA:2422,399,0,0
BRDA:2425,400,0,0
BRDA:2433,401,0,0
BRDA:2433,401,1,0
BRDA:2434,402,0,0
BRDA:2434,402,1,0
BRDA:2435,403,0,0
BRDA:2435,404,0,0
BRDA:2435,404,1,0
BRDA:2435,404,2,0
BRDA:2439,405,0,0
BRDA:2450,406,0,0
BRDA:2466,407,0,0
BRDA:2466,407,1,0
BRDA:2474,408,0,0
BRDA:2474,408,1,0
BRDA:2480,409,0,0
BRDA:2480,409,1,0
BRDA:2497,410,0,0
BRDA:2497,410,1,0
BRDA:2509,411,0,0
BRDA:2509,411,1,0
BRDA:2517,412,0,0
BRDA:2517,412,1,0
BRDA:2524,413,0,0
BRDA:2524,413,1,0
BRDA:2524,414,0,0
BRDA:2524,414,1,0
BRDA:2532,415,0,0
BRDA:2545,416,0,0
BRDA:2545,416,1,0
BRDA:2545,416,2,0
BRDA:2545,416,3,0
BRDA:2545,416,4,0
BRDA:2551,417,0,0
BRDA:2552,418,0,0
BRDA:2552,418,1,0
BRDA:2557,419,0,0
BRDA:2557,419,1,0
BRDA:2565,420,0,0
BRDA:2571,421,0,0
BRDA:2571,421,1,0
BRDA:2571,421,2,0
BRDA:2571,421,3,0
BRDA:2571,421,4,0
BRDA:2571,421,5,0
BRDA:2571,421,6,0
BRDA:2571,421,7,0
BRDA:2571,421,8,0
BRDA:2571,421,9,0
BRDA:2585,422,0,0
BRDA:2585,423,0,0
BRDA:2585,423,1,0
BRDA:2585,423,2,0
BRDA:2585,423,3,0
BRDA:2597,424,0,0
BRDA:2597,424,1,0
BRDA:2598,425,0,0
BRDA:2598,425,1,0
BRDA:2606,426,0,0
BRDA:2606,426,1,0
BRDA:2615,427,0,0
BRDA:2621,428,0,0
BRDA:2636,429,0,0
BRDA:2685,430,0,0
BRDA:2689,431,0,0
BRDA:2689,432,0,0
BRDA:2689,432,1,0
BRDA:2704,433,0,0
BRDA:2706,434,0,0
BRDA:2742,435,0,0
BRDA:2742,435,1,0
BRDA:2747,436,0,0
BRDA:2747,436,1,0
BRDA:2757,437,0,0
BRDA:2759,438,0,0
BRDA:2759,439,0,0
BRDA:2759,439,1,0
BRDA:2766,440,0,0
BRDA:2766,440,1,0
BRDA:2766,441,0,0
BRDA:2766,441,1,0
BRDA:2773,442,0,0
BRDA:2773,443,0,0
BRDA:2773,443,1,0
BRDA:2773,443,2,0
BRDA:2773,443,3,0
BRDA:2779,444,0,0
BRDA:2779,445,0,0
BRDA:2779,445,1,0
BRDA:2792,446,0,0
BRDA:2795,447,0,0
BRDA:2799,448,0,0
BRDA:2829,449,0,0
BRDA:2829,449,1,0
BRDA:2830,450,0,0
BRDA:2830,450,1,0
BRDA:2840,451,0,0
BRDA:2840,451,1,0
BRDA:2846,452,0,0
BRDA:2847,453,0,0
BRDA:2847,453,1,0
BRDA:2848,454,0,0
BRDA:2852,455,0,0
BRDA:2887,456,0,0
BRDA:2887,456,1,0
BRDA:2887,457,0,0
BRDA:2887,457,1,0
BRDA:2888,458,0,0
BRDA:2888,458,1,0
BRDA:2888,459,0,0
BRDA:2888,459,1,0
BRDA:2894,460,0,0
BRDA:2894,460,1,0
BRDA:2894,461,0,0
BRDA:2894,461,1,0
BRDA:2894,461,2,0
BRDA:2901,462,0,0
BRDA:2901,462,1,0
BRDA:2913,463,0,0
BRDA:2913,463,1,0
BRDA:2921,464,0,0
BRDA:2921,464,1,0
BRDA:2935,465,0,0
BRDA:2935,465,1,0
BRDA:2952,466,0,0
BRDA:2952,466,1,0
BRDA:2967,467,0,0
BRDA:2986,468,0,0
BRDA:2986,468,1,0
BRDA:2986,469,0,0
BRDA:2986,469,1,0
BRDA:2988,470,0,0
BRDA:3002,471,0,0
BRDA:3002,472,0,0
BRDA:3002,472,1,0
BRDA:3004,473,0,0
BRDA:3004,473,1,0
BRDA:3005,474,0,0
BRDA:3005,474,1,0
BRDA:3015,475,0,0
BRDA:3022,476,0,0
BRDA:3022,477,0,0
BRDA:3022,477,1,0
BRDA:3028,478,0,0
BRDA:3036,479,0,0
BRDA:3036,480,0,0
BRDA:3036,480,1,0
BRDA:3058,481,0,0
BRDA:3058,482,0,0
BRDA:3058,482,1,0
BRDA:3060,483,0,0
BRDA:3060,484,0,0
BRDA:3060,484,1,0
BRDA:3075,485,0,0
BRDA:3075,486,0,0
BRDA:3075,486,1,0
BRDA:3075,486,2,0
BRDA:3077,487,0,0
BRDA:3079,488,0,0
BRDA:3081,489,0,0
BRDA:3081,490,0,0
BRDA:3081,490,1,0
BRDA:3088,491,0,0
BRDA:3088,491,1,0
BRDA:3088,492,0,0
BRDA:3088,492,1,0
BRDA:3090,493,0,0
BRDA:3099,494,0,0
BRDA:3099,495,0,0
BRDA:3099,495,1,0
BRDA:3102,496,0,0
BRDA:3102,496,1,0
BRDA:3105,497,0,0
BRDA:3105,498,0,0
BRDA:3105,498,1,0
BRDA:3110,499,0,0
BRDA:3114,500,0,0
BRDA:3114,501,0,0
BRDA:3114,501,1,0
BRDA:3122,502,0,0
BRDA:3122,502,1,0
BRDA:3122,503,0,0
BRDA:3122,503,1,0
BRDA:3125,504,0,0
BRDA:3125,505,0,0
BRDA:3125,505,1,0
BRDA:3131,506,0,0
BRDA:3142,507,0,0
BRDA:3147,508,0,0
BRDA:3147,509,0,0
BRDA:3147,509,1,0
BRDA:3149,510,0,0
BRDA:3156,511,0,0
BRDA:3156,511,1,0
BRDA:3157,512,0,0
BRDA:3157,512,1,0
BRDA:3165,513,0,0
BRDA:3165,513,1,0
BRDA:3166,514,0,0
BRDA:3166,514,1,0
BRDA:3168,515,0,0
BRDA:3171,516,0,0
BRDA:3171,516,1,0
BRDA:3172,517,0,0
BRDA:3175,518,0,0
BRDA:3190,519,0,0
BRDA:3190,520,0,0
BRDA:3190,520,1,0
BRDA:3204,521,0,0
BRDA:3204,522,0,0
BRDA:3204,522,1,0
BRDA:3216,523,0,0
BRDA:3216,523,1,0
BRDA:3220,524,0,0
BRDA:3220,524,1,0
BRDA:3223,525,0,0
BRDA:3252,526,0,0
BRDA:3254,527,0,0
BRDA:3256,528,0,0
BRDA:3256,528,1,0
BRDA:3257,529,0,0
BRDA:3257,529,1,0
BRDA:3258,530,0,0
BRDA:3258,531,0,0
BRDA:3258,531,1,0
BRDA:3263,532,0,0
BRDA:3267,533,0,0
BRDA:3267,533,1,0
BRDA:3274,534,0,0
BRDA:3274,534,1,0
BRDA:3280,535,0,0
BRDA:3284,536,0,0
BRDA:3284,536,1,0
BRDA:3290,537,0,0
BRDA:3290,537,1,0
BRDA:3291,538,0,0
BRDA:3301,539,0,0
BRDA:3301,539,1,0
BRDA:3302,540,0,0
BRDA:3302,541,0,0
BRDA:3302,541,1,0
BRDA:3313,542,0,0
BRDA:3313,543,0,0
BRDA:3313,543,1,0
BRDA:3313,543,2,0
BRDA:3313,543,3,0
BRDA:3313,543,4,0
BRDA:3313,543,5,0
BRDA:3313,543,6,0
BRDA:3317,544,0,0
BRDA:3322,545,0,0
BRDA:3327,546,0,0
BRDA:3327,546,1,0
BRDA:3328,547,0,0
BRDA:3328,547,1,0
BRDA:3329,548,0,0
BRDA:3338,549,0,0
BRDA:3338,549,1,0
BRDA:3339,550,0,0
BRDA:3339,550,1,0
BRDA:3341,551,0,0
BRDA:3344,552,0,0
BRDA:3344,553,0,0
BRDA:3344,553,1,0
BRDA:3363,554,0,0
BRDA:3365,555,0,0
BRDA:3365,555,1,0
BRDA:3368,556,0,0
BRDA:3373,557,0,0
BRDA:3373,557,1,0
BRDA:3374,558,0,0
BRDA:3374,558,1,0
BRDA:3375,559,0,0
BRDA:3380,560,0,0
BRDA:3380,560,1,0
BRDA:3383,561,0,0
BRDA:3392,562,0,0
BRDA:3394,563,0,0
BRDA:3394,563,1,0
BRDA:3397,564,0,0
BRDA:3407,565,0,0
BRDA:3409,566,0,0
BRDA:3414,567,0,0
BRDA:3414,567,1,0
BRDA:3417,568,0,0
BRDA:3417,569,0,0
BRDA:3417,569,1,0
BRDA:3417,569,2,0
BRDA:3417,569,3,0
BRDA:3425,570,0,0
BRDA:3425,571,0,0
BRDA:3425,571,1,0
BRDA:3425,571,2,0
BRDA:3425,571,3,0
BRDA:3438,572,0,0
BRDA:3438,572,1,0
BRDA:3445,573,0,0
BRDA:3445,573,1,0
BRDA:3457,574,0,0
BRDA:3460,575,0,0
BRDA:3460,575,1,0
BRDA:3461,576,0,0
BRDA:3467,577,0,0
BRDA:3474,578,0,0
BRDA:3478,579,0,0
BRDA:3478,579,1,0
BRDA:3479,580,0,0
BRDA:3479,580,1,0
BRDA:3480,581,0,0
BRDA:3480,581,1,0
BRDA:3481,582,0,0
BRDA:3481,582,1,0
BRDA:3483,583,0,0
BRDA:3490,584,0,0
BRDA:3497,585,0,0
BRDA:3518,586,0,0
BRDA:3518,586,1,0
BRDA:3531,587,0,0
BRDA:3531,587,1,0
BRDA:3536,588,0,0
BRDA:3540,589,0,0
BRDA:3540,589,1,0
BRDA:3541,590,0,0
BRDA:3547,591,0,0
BRDA:3552,592,0,0
BRDA:3552,592,1,0
BRDA:3553,593,0,0
BRDA:3553,593,1,0
BRDA:3554,594,0,0
BRDA:3554,595,0,0
BRDA:3554,595,1,0
BRDA:3554,595,2,0
BRDA:3565,596,0,0
BRDA:3574,597,0,0
BRDA:3581,598,0,0
BRDA:3592,599,0,0
BRDA:3592,599,1,0
BRDA:3593,600,0,0
BRDA:3593,600,1,0
BRDA:3596,601,0,0
BRDA:3596,601,1,0
BRDA:3597,602,0,0
BRDA:3601,603,0,0
BRDA:3609,604,0,0
BRDA:3633,605,0,0
BRDA:3633,605,1,0
BRDA:3639,606,0,0
BRDA:3639,606,1,0
BRDA:3644,607,0,0
BRDA:3649,608,0,0
BRDA:3649,609,0,0
BRDA:3649,609,1,0
BRDA:3654,610,0,0
BRDA:3654,610,1,0
BRDA:3655,611,0,0
BRDA:3662,612,0,0
BRDA:3668,613,0,0
BRDA:3668,613,1,0
BRDA:3669,614,0,0
BRDA:3669,614,1,0
BRDA:3670,615,0,0
BRDA:3670,616,0,0
BRDA:3670,616,1,0
BRDA:3670,616,2,0
BRDA:3694,617,0,0
BRDA:3694,617,1,0
BRDA:3702,618,0,0
BRDA:3705,619,0,0
BRDA:3705,619,1,0
BRDA:3706,620,0,0
BRDA:3712,621,0,0
BRDA:3717,622,0,0
BRDA:3717,622,1,0
BRDA:3718,623,0,0
BRDA:3718,623,1,0
BRDA:3719,624,0,0
BRDA:3719,625,0,0
BRDA:3719,625,1,0
BRDA:3719,625,2,0
BRDA:3742,626,0,0
BRDA:3742,626,1,0
BRDA:3750,627,0,0
BRDA:3756,628,0,0
BRDA:3758,629,0,0
BRDA:3758,629,1,0
BRDA:3760,630,0,0
BRDA:3760,631,0,0
BRDA:3760,631,1,0
BRDA:3773,632,0,0
BRDA:3773,633,0,0
BRDA:3773,633,1,0
BRDA:3776,634,0,0
BRDA:3788,635,0,0
BRDA:3792,636,0,0
BRDA:3794,637,0,0
BRDA:3794,637,1,0
BRDA:3795,638,0,0
BRDA:3795,638,1,0
BRDA:3802,639,0,0
BRDA:3802,640,0,0
BRDA:3802,640,1,0
BRDA:3813,641,0,0
BRDA:3813,641,1,0
BRDA:3815,642,0,0
BRDA:3815,642,1,0
BRDA:3822,643,0,0
BRDA:3832,644,0,0
BRDA:3832,644,1,0
BRDA:3837,645,0,0
BRDA:3868,646,0,0
BRDA:3868,646,1,0
BRDA:3880,647,0,0
BRDA:3880,647,1,0
BRDA:3885,648,0,0
BRDA:3885,648,1,0
BRDA:3890,649,0,0
BRDA:3893,650,0,0
BRDA:3898,651,0,0
BRDA:3898,651,1,0
BRDA:3899,652,0,0
BRDA:3903,653,0,0
BRDA:3910,654,0,0
BRDA:3915,655,0,0
BRDA:3915,655,1,0
BRDA:3916,656,0,0
BRDA:3916,656,1,0
BRDA:3917,657,0,0
BRDA:3917,658,0,0
BRDA:3917,658,1,0
BRDA:3917,658,2,0
BRDA:3922,659,0,0
BRDA:3923,660,0,0
BRDA:3923,660,1,0
BRDA:3925,661,0,0
BRDA:3925,661,1,0
BRDA:3936,662,0,0
BRDA:3936,662,1,0
BRDA:3948,663,0,0
BRDA:3948,663,1,0
BRDA:3953,664,0,0
BRDA:3956,665,0,0
BRDA:3961,666,0,0
BRDA:3961,666,1,0
BRDA:3962,667,0,0
BRDA:3966,668,0,0
BRDA:3972,669,0,0
BRDA:3977,670,0,0
BRDA:3977,670,1,0
BRDA:3978,671,0,0
BRDA:3978,671,1,0
BRDA:3979,672,0,0
BRDA:3979,673,0,0
BRDA:3979,673,1,0
BRDA:3979,673,2,0
BRDA:3988,674,0,0
BRDA:3988,674,1,0
BRDA:3999,675,0,0
BRDA:3999,675,1,0
BRDA:4012,676,0,0
BRDA:4018,677,0,0
BRDA:4018,677,1,0
BRDA:4023,678,0,0
BRDA:4023,678,1,0
BRDA:4032,679,0,0
BRDA:4032,680,0,0
BRDA:4032,680,1,0
BRDA:4032,680,2,0
BRDA:4032,680,3,0
BRDA:4040,681,0,0
BRDA:4057,682,0,0
BRDA:4057,682,1,0
BRDA:4068,683,0,0
BRDA:4068,684,0,0
BRDA:4068,684,1,0
BRDA:4090,685,0,0
BRDA:4103,686,0,0
BRDA:4105,687,0,0
BRDA:4132,688,0,0
BRDA:4132,688,1,0
BRDA:4137,689,0,0
BRDA:4139,690,0,0
BRDA:4146,691,0,0
BRDA:4166,692,0,0
BRDA:4166,692,1,0
BRDA:4177,693,0,0
BRDA:4197,694,0,0
BRDA:4198,695,0,0
BRDA:4198,695,1,0
BRDA:4198,696,0,0
BRDA:4198,696,1,0
BRDA:4200,697,0,0
BRDA:4200,698,0,0
BRDA:4200,698,1,0
BRDA:4208,699,0,0
BRDA:4208,699,1,0
BRDA:4216,700,0,0
BRDA:4221,701,0,0
BRDA:4221,701,1,0
BRDA:4223,702,0,0
BRDA:4223,702,1,0
BRDA:4226,703,0,0
BRDA:4227,704,0,0
BRDA:4234,705,0,0
BRDA:4234,706,0,0
BRDA:4234,706,1,0
BRDA:4242,707,0,0
BRDA:4251,708,0,0
BRDA:4251,708,1,0
BRDA:4268,709,0,0
BRDA:4268,709,1,0
BRDA:4299,710,0,0
BRDA:4303,711,0,0
BRDA:4303,712,0,0
BRDA:4303,712,1,0
BRDA:4318,713,0,0
BRDA:4320,714,0,0
BRDA:4358,715,0,0
BRDA:4358,715,1,0
BRDA:4363,716,0,0
BRDA:4363,716,1,0
BRDA:4437,717,0,0
BRDA:4437,717,1,0
BRDA:4438,718,0,0
BRDA:4439,719,0,0
BRDA:4440,720,0,0
BRDA:4441,721,0,0
BRDA:4449,722,0,0
BRDA:4449,722,1,0
BRDA:4459,723,0,0
BRDA:4470,724,0,0
BRDA:4478,725,0,0
BRDA:4483,726,0,0
BRDA:4483,726,1,0
BRDA:4484,727,0,0
BRDA:4484,727,1,0
BRDA:4490,728,0,0
BRDA:4492,729,0,0
BRDA:4492,730,0,0
BRDA:4492,730,1,0
BRDA:4492,730,2,0
BRDA:4492,730,3,0
BRDA:4501,731,0,0
BRDA:4502,732,0,0
BRDA:4502,732,1,0
BRDA:4503,733,0,0
BRDA:4503,733,1,0
BRDA:4504,734,0,0
BRDA:4508,735,0,0
BRDA:4516,736,0,0
BRDA:4517,737,0,0
BRDA:4517,737,1,0
BRDA:4518,738,0,0
BRDA:4518,738,1,0
BRDA:4519,739,0,0
BRDA:4536,740,0,0
BRDA:4536,740,1,0
BRDA:4537,741,0,0
BRDA:4537,742,0,0
BRDA:4537,742,1,0
BRDA:4548,743,0,0
BRDA:4548,743,1,0
BRDA:4548,744,0,0
BRDA:4548,744,1,0
BRDA:4549,745,0,0
BRDA:4549,745,1,0
BRDA:4549,746,0,0
BRDA:4549,746,1,0
BRDA:4550,747,0,0
BRDA:4550,747,1,0
BRDA:4550,748,0,0
BRDA:4550,748,1,0
BRDA:4558,749,0,0
BRDA:4560,750,0,0
BRDA:4560,750,1,0
BRDA:4561,751,0,0
BRDA:4561,751,1,0
BRDA:4562,752,0,0
BRDA:4562,752,1,0
BRDA:4623,753,0,0
BRDA:4666,754,0,0
BRDA:4666,754,1,0
BRDA:4671,755,0,0
BRDA:4671,755,1,0
BRDA:4708,756,0,0
BRDA:4708,756,1,0
BRDA:4726,757,0,0
BRDA:4749,758,0,0
BRDA:4766,759,0,0
BRDA:4766,759,1,0
BRDA:4766,759,2,0
BRDA:4784,760,0,0
BRDA:4816,761,0,0
BRDA:4816,761,1,0
BRDA:4829,762,0,0
BRDA:4839,763,0,0
BRDA:4890,764,0,0
BRDA:4890,764,1,0
BRDA:4890,765,0,0
BRDA:4890,765,1,0
BRDA:4898,766,0,0
BRDA:4898,766,1,0
BRDA:4904,767,0,0
BRDA:4904,767,1,0
BRDA:4917,768,0,0
BRDA:4917,768,1,0
BRDA:4917,769,0,0
BRDA:4917,769,1,0
BRDA:4917,769,2,0
BRDA:4925,770,0,0
BRDA:4925,770,1,0
BRDA:4934,771,0,0
BRDA:4934,771,1,0
BRDA:4945,772,0,0
BRDA:4945,772,1,0
BRDA:4945,773,0,0
BRDA:4945,773,1,0
BRDA:4945,773,2,0
BRDA:4953,774,0,0
BRDA:4953,774,1,0
BRDA:4962,775,0,0
BRDA:4962,775,1,0
BRDA:4969,776,0,0
BRDA:4969,776,1,0
BRDA:4977,777,0,0
BRDA:4977,777,1,0
BRDA:4990,778,0,0
BRDA:4990,778,1,0
BRDA:4992,779,0,0
BRDA:4992,779,1,0
BRDA:5012,780,0,0
BRDA:5012,780,1,0
BRDA:5020,781,0,0
BRDA:5020,781,1,0
BRDA:5023,782,0,0
BRDA:5023,782,1,0
BRDA:5023,783,0,0
BRDA:5023,783,1,0
BRDA:5025,784,0,0
BRDA:5025,784,1,0
BRDA:5025,785,0,0
BRDA:5025,785,1,0
BRDA:5034,786,0,0
BRDA:5034,786,1,0
BRDA:5037,787,0,0
BRDA:5037,787,1,0
BRDA:5037,788,0,0
BRDA:5037,788,1,0
BRDA:5046,789,0,0
BRDA:5053,790,0,0
BRDA:5061,791,0,0
BRDA:5069,792,0,0
BRDA:5069,792,1,0
BRDA:5070,793,0,0
BRDA:5070,793,1,0
BRDA:5070,793,2,0
BRDA:5071,794,0,0
BRDA:5071,794,1,0
BRDA:5075,795,0,0
BRDA:5075,795,1,0
BRDA:5081,796,0,0
BRDA:5088,797,0,0
BRDA:5089,798,0,0
BRDA:5096,799,0,0
BRDA:5097,800,0,0
BRDA:5097,800,1,0
BRDA:5112,801,0,0
BRDA:5117,802,0,0
BRDA:5117,802,1,0
BRDA:5117,802,2,0
BRDA:5117,802,3,0
BRDA:5119,803,0,0
BRDA:5119,803,1,0
BRDA:5128,804,0,0
BRDA:5128,805,0,0
BRDA:5128,805,1,0
BRDA:5130,806,0,0
BRDA:5130,807,0,0
BRDA:5130,807,1,0
BRDA:5132,808,0,0
BRDA:5132,808,1,0
BRDA:5137,809,0,0
BRDA:5137,810,0,0
BRDA:5137,810,1,0
BRDA:5142,811,0,0
BRDA:5159,812,0,0
BRDA:5159,812,1,0
BRDA:5167,813,0,0
BRDA:5169,814,0,0
BRDA:5172,815,0,0
BRDA:5172,816,0,0
BRDA:5172,816,1,0
BRDA:5185,817,0,0
BRDA:5185,817,1,0
BRDA:5185,817,2,0
BRDA:5200,818,0,0
BRDA:5202,819,0,0
BRDA:5206,820,0,0
BRDA:5215,821,0,0
BRDA:5215,821,1,0
BRDA:5224,822,0,0
BRDA:5224,822,1,0
BRDA:5224,822,2,0
BRDA:5224,822,3,0
BRDA:5224,822,4,0
BRDA:5246,823,0,0
BRDA:5246,824,0,0
BRDA:5246,824,1,0
BRDA:5246,824,2,0
BRDA:5273,825,0,0
BRDA:5273,826,0,0
BRDA:5273,826,1,0
BRDA:5273,826,2,0
BRDA:5309,827,0,0
BRDA:5317,828,0,0
BRDA:5346,829,0,0
BRDA:5372,830,0,0
BRDA:5376,831,0,0
BRDA:5376,831,1,0
BRDA:5376,831,2,0
BRDA:5376,831,3,0
BRDA:5376,831,4,0
BRDA:5398,832,0,0
BRDA:5398,832,1,0
BRDA:5405,833,0,0
BRDA:5405,833,1,0
BRDA:5405,834,0,0
BRDA:5405,834,1,0
BRDA:5408,835,0,0
BRDA:5408,836,0,0
BRDA:5408,836,1,0
BRDA:5412,837,0,0
BRDA:5416,838,0,0
BRDA:5416,839,0,0
BRDA:5416,839,1,0
BRDA:5419,840,0,0
BRDA:5426,841,0,0
BRDA:5426,841,1,0
BRDA:5427,842,0,0
BRDA:5427,842,1,0
BRDA:5453,843,0,0
BRDA:5453,843,1,0
BRDA:5456,844,0,0
BRDA:5456,845,0,0
BRDA:5456,845,1,0
BRDA:5456,845,2,0
BRDA:5456,845,3,0
BRDA:5464,846,0,0
BRDA:5464,847,0,0
BRDA:5464,847,1,0
BRDA:5471,848,0,0
BRDA:5471,848,1,0
BRDA:5504,849,0,0
BRDA:5504,849,1,0
BRDA:5507,850,0,0
BRDA:5515,851,0,0
BRDA:5522,852,0,0
BRDA:5522,852,1,0
BRDA:5523,853,0,0
BRDA:5523,854,0,0
BRDA:5523,854,1,0
BRDA:5527,855,0,0
BRDA:5527,856,0,0
BRDA:5527,856,1,0
BRDA:5557,857,0,0
BRDA:5557,857,1,0
BRDA:5560,858,0,0
BRDA:5568,859,0,0
BRDA:5572,860,0,0
BRDA:5572,860,1,0
BRDA:5573,861,0,0
BRDA:5573,862,0,0
BRDA:5573,862,1,0
BRDA:5594,863,0,0
BRDA:5607,864,0,0
BRDA:5607,864,1,0
BRDA:5607,864,2,0
BRDA:5607,864,3,0
BRDA:5607,864,4,0
BRDA:5623,865,0,0
BRDA:5628,866,0,0
BRDA:5640,867,0,0
BRDA:5659,868,0,0
BRDA:5659,869,0,0
BRDA:5660,870,0,0
BRDA:5660,870,1,0
BRDA:5661,871,0,0
BRDA:5661,871,1,0
BRDA:5668,872,0,0
BRDA:5668,873,0,0
BRDA:5668,873,1,0
BRDA:5670,874,0,0
BRDA:5676,875,0,0
BRDA:5676,876,0,0
BRDA:5676,876,1,0
BRDA:5680,877,0,0
BRDA:5680,877,1,0
BRDA:5680,877,2,0
BRDA:5680,877,3,0
BRDA:5689,878,0,0
BRDA:5689,878,1,0
BRDA:5690,879,0,0
BRDA:5690,879,1,0
BRDA:5713,880,0,0
BRDA:5718,881,0,0
BRDA:5733,882,0,0
BRDA:5733,883,0,0
BRDA:5733,883,1,0
BRDA:5735,884,0,0
BRDA:5739,885,0,0
BRDA:5739,886,0,0
BRDA:5739,886,1,0
BRDA:5742,887,0,0
BRDA:5742,888,0,0
BRDA:5742,888,1,0
BRDA:5757,889,0,0
BRDA:5775,890,0,0
BRDA:5775,890,1,0
BRDA:5786,891,0,0
BRDA:5786,891,1,0
BRDA:5787,892,0,0
BRDA:5787,892,1,0
BRDA:5790,893,0,0
BRDA:5790,893,1,0
BRDA:5793,894,0,0
BRDA:5794,895,0,0
BRDA:5794,895,1,0
BRDA:5796,896,0,0
BRDA:5801,897,0,0
BRDA:5801,897,1,0
BRDA:5801,897,2,0
BRDA:5814,898,0,0
BRDA:5814,898,1,0
BRDA:5822,899,0,0
BRDA:5832,900,0,0
BRDA:5833,901,0,0
BRDA:5840,902,0,0
BRDA:5840,903,0,0
BRDA:5840,903,1,0
BRDA:5840,903,2,0
BRDA:5871,904,0,0
BRDA:5871,904,1,0
BRDA:5876,905,0,0
BRDA:5877,906,0,0
BRDA:5884,907,0,0
BRDA:5893,908,0,0
BRDA:5893,908,1,0
BRDA:5895,909,0,0
BRDA:5895,909,1,0
BRDA:5896,910,0,0
BRDA:5896,910,1,0
BRDA:5901,911,0,0
BRDA:5901,911,1,0
BRDA:5903,912,0,0
BRDA:5903,912,1,0
BRDA:5904,913,0,0
BRDA:5904,913,1,0
BRDA:5924,914,0,0
BRDA:5924,914,1,0
BRDA:5929,915,0,0
BRDA:5930,916,0,0
BRDA:5937,917,0,0
BRDA:5962,918,0,0
BRDA:5962,918,1,0
BRDA:5967,919,0,0
BRDA:5968,920,0,0
BRDA:5975,921,0,0
BRDA:5986,922,0,0
BRDA:5986,922,1,0
BRDA:5994,923,0,0
BRDA:5994,923,1,0
BRDA:6001,924,0,0
BRDA:6001,924,1,0
BRDA:6007,925,0,0
BRDA:6013,926,0,0
BRDA:6013,927,0,0
BRDA:6013,927,1,0
BRDA:6016,928,0,0
BRDA:6016,928,1,0
BRDA:6021,929,0,0
BRDA:6021,929,1,0
BRDA:6022,930,0,0
BRDA:6022,930,1,0
BRDA:6035,931,0,0
BRDA:6035,931,1,0
BRDA:6041,932,0,0
BRDA:6059,933,0,0
BRDA:6059,934,0,0
BRDA:6059,934,1,0
BRDA:6059,934,2,0
BRDA:6059,934,3,0
BRDA:6070,935,0,0
BRDA:6070,935,1,0
BRDA:6078,936,0,0
BRDA:6091,937,0,0
BRDA:6091,937,1,0
BRDA:6094,938,0,0
BRDA:6094,939,0,0
BRDA:6094,939,1,0
BRDA:6095,940,0,0
BRDA:6095,940,1,0
BRDA:6102,941,0,0
BRDA:6105,942,0,0
BRDA:6105,942,1,0
BRDA:6110,943,0,0
BRDA:6113,944,0,0
BRDA:6116,945,0,0
BRDA:6119,946,0,0
BRDA:6119,946,1,0
BRDA:6120,947,0,0
BRDA:6120,947,1,0
BRDA:6122,948,0,0
BRDA:6122,949,0,0
BRDA:6122,949,1,0
BRDA:6125,950,0,0
BRDA:6125,951,0,0
BRDA:6125,951,1,0
BRDA:6125,951,2,0
BRDA:6132,952,0,0
BRDA:6132,952,1,0
BRDA:6135,953,0,0
BRDA:6135,954,0,0
BRDA:6135,954,1,0
BRDA:6138,955,0,0
BRDA:6138,956,0,0
BRDA:6138,956,1,0
BRDA:6142,957,0,0
BRDA:6142,957,1,0
BRDA:6145,958,0,0
BRDA:6145,959,0,0
BRDA:6145,959,1,0
BRDA:6148,960,0,0
BRDA:6148,961,0,0
BRDA:6148,961,1,0
BRDA:6156,962,0,0
BRDA:6160,963,0,0
BRDA:6160,963,1,0
BRDA:6165,964,0,0
BRDA:6165,965,0,0
BRDA:6165,965,1,0
BRDA:6165,965,2,0
BRDA:6174,966,0,0
BRDA:6174,966,1,0
BRDA:6175,967,0,0
BRDA:6175,967,1,0
BRDA:6183,968,0,0
BRDA:6186,969,0,0
BRDA:6190,970,0,0
BRDA:6190,970,1,0
BRDA:6191,971,0,0
BRDA:6191,971,1,0
BRDA:6192,972,0,0
BRDA:6192,973,0,0
BRDA:6192,973,1,0
BRDA:6192,973,2,0
BRDA:6198,974,0,0
BRDA:6198,974,1,0
BRDA:6209,975,0,0
BRDA:6212,976,0,0
BRDA:6212,977,0,0
BRDA:6212,977,1,0
BRDA:6218,978,0,0
BRDA:6222,979,0,0
BRDA:6222,979,1,0
BRDA:6223,980,0,0
BRDA:6223,980,1,0
BRDA:6224,981,0,0
BRDA:6224,982,0,0
BRDA:6224,982,1,0
BRDA:6224,982,2,0
BRDA:6233,983,0,0
BRDA:6244,984,0,0
BRDA:6244,984,1,0
BRDA:6245,985,0,0
BRDA:6245,985,1,0
BRDA:6249,986,0,0
BRDA:6249,986,1,0
BRDA:6255,987,0,0
BRDA:6258,988,0,0
BRDA:6263,989,0,0
BRDA:6267,990,0,0
BRDA:6267,990,1,0
BRDA:6268,991,0,0
BRDA:6268,991,1,0
BRDA:6269,992,0,0
BRDA:6269,993,0,0
BRDA:6269,993,1,0
BRDA:6269,993,2,0
BRDA:6281,994,0,0
BRDA:6281,994,1,0
BRDA:6282,995,0,0
BRDA:6282,995,1,0
BRDA:6288,996,0,0
BRDA:6288,996,1,0
BRDA:6291,997,0,0
BRDA:6291,997,1,0
BRDA:6291,998,0,0
BRDA:6291,998,1,0
BRDA:6295,999,0,0
BRDA:6295,999,1,0
BRDA:6310,1000,0,0
BRDA:6310,1000,1,0
BRDA:6311,1001,0,0
BRDA:6311,1002,0,0
BRDA:6311,1002,1,0
BRDA:6311,1002,2,0
BRDA:6330,1003,0,0
BRDA:6343,1004,0,0
BRDA:6343,1004,1,0
BRDA:6346,1005,0,0
BRDA:6346,1006,0,0
BRDA:6346,1006,1,0
BRDA:6347,1007,0,0
BRDA:6347,1007,1,0
BRDA:6354,1008,0,0
BRDA:6357,1009,0,0
BRDA:6357,1009,1,0
BRDA:6362,1010,0,0
BRDA:6365,1011,0,0
BRDA:6368,1012,0,0
BRDA:6368,1013,0,0
BRDA:6368,1013,1,0
BRDA:6379,1014,0,0
BRDA:6379,1015,0,0
BRDA:6379,1015,1,0
BRDA:6383,1016,0,0
BRDA:6383,1016,1,0
BRDA:6383,1016,2,0
BRDA:6384,1017,0,0
BRDA:6384,1018,0,0
BRDA:6384,1018,1,0
BRDA:6384,1018,2,0
BRDA:6396,1019,0,0
BRDA:6401,1020,0,0
BRDA:6401,1020,1,0
BRDA:6404,1021,0,0
BRDA:6404,1021,1,0
BRDA:6405,1022,0,0
BRDA:6405,1022,1,0
BRDA:6408,1023,0,0
BRDA:6408,1023,1,0
BRDA:6409,1024,0,0
BRDA:6409,1024,1,0
BRDA:6412,1025,0,0
BRDA:6412,1026,0,0
BRDA:6412,1026,1,0
BRDA:6416,1027,0,0
BRDA:6416,1028,0,0
BRDA:6416,1028,1,0
BRDA:6420,1029,0,0
BRDA:6420,1029,1,0
BRDA:6420,1029,2,0
BRDA:6420,1029,3,0
BRDA:6425,1030,0,0
BRDA:6425,1031,0,0
BRDA:6425,1031,1,0
BRDA:6425,1031,2,0
BRDA:6431,1032,0,0
BRDA:6432,1033,0,0
BRDA:6432,1033,1,0
BRDA:6434,1034,0,0
BRDA:6434,1034,1,0
BRDA:6439,1035,0,0
BRDA:6439,1035,1,0
BRDA:6440,1036,0,0
BRDA:6440,1036,1,0
BRDA:6448,1037,0,0
BRDA:6451,1038,0,0
BRDA:6451,1039,0,0
BRDA:6451,1039,1,0
BRDA:6457,1040,0,0
BRDA:6457,1041,0,0
BRDA:6457,1041,1,0
BRDA:6467,1042,0,0
BRDA:6467,1042,1,0
BRDA:6468,1043,0,0
BRDA:6468,1043,1,0
BRDA:6468,1043,2,0
BRDA:6469,1044,0,0
BRDA:6469,1044,1,0
BRDA:6470,1045,0,0
BRDA:6470,1045,1,0
BRDA:6482,1046,0,0
BRDA:6491,1047,0,0
BRDA:6494,1048,0,0
BRDA:6506,1049,0,0
BRDA:6506,1050,0,0
BRDA:6506,1050,1,0
BRDA:6510,1051,0,0
BRDA:6510,1051,1,0
BRDA:6510,1051,2,0
BRDA:6511,1052,0,0
BRDA:6511,1053,0,0
BRDA:6511,1053,1,0
BRDA:6511,1053,2,0
BRDA:6521,1054,0,0
BRDA:6522,1055,0,0
BRDA:6523,1056,0,0
BRDA:6532,1057,0,0
BRDA:6541,1058,0,0
BRDA:6544,1059,0,0
BRDA:6555,1060,0,0
BRDA:6555,1061,0,0
BRDA:6555,1061,1,0
BRDA:6559,1062,0,0
BRDA:6559,1062,1,0
BRDA:6559,1062,2,0
BRDA:6560,1063,0,0
BRDA:6560,1064,0,0
BRDA:6560,1064,1,0
BRDA:6560,1064,2,0
BRDA:6570,1065,0,0
BRDA:6582,1066,0,0
BRDA:6582,1066,1,0
BRDA:6583,1067,0,0
BRDA:6583,1067,1,0
BRDA:6589,1068,0,0
BRDA:6589,1068,1,0
BRDA:6592,1069,0,0
BRDA:6592,1069,1,0
BRDA:6592,1070,0,0
BRDA:6592,1070,1,0
BRDA:6596,1071,0,0
BRDA:6596,1071,1,0
BRDA:6611,1072,0,0
BRDA:6611,1072,1,0
BRDA:6612,1073,0,0
BRDA:6612,1074,0,0
BRDA:6612,1074,1,0
BRDA:6612,1074,2,0
BRDA:6631,1075,0,0
BRDA:6639,1076,0,0
BRDA:6642,1077,0,0
BRDA:6642,1077,1,0
BRDA:6646,1078,0,0
BRDA:6649,1079,0,0
BRDA:6653,1080,0,0
BRDA:6653,1080,1,0
BRDA:6657,1081,0,0
BRDA:6657,1082,0,0
BRDA:6657,1082,1,0
BRDA:6668,1083,0,0
BRDA:6670,1084,0,0
BRDA:6693,1085,0,0
BRDA:6693,1085,1,0
BRDA:6694,1086,0,0
BRDA:6694,1086,1,0
BRDA:6696,1087,0,0
BRDA:6696,1087,1,0
BRDA:6697,1088,0,0
BRDA:6697,1088,1,0
BRDA:6705,1089,0,0
BRDA:6705,1090,0,0
BRDA:6705,1090,1,0
BRDA:6708,1091,0,0
BRDA:6715,1092,0,0
BRDA:6715,1093,0,0
BRDA:6715,1093,1,0
BRDA:6729,1094,0,0
BRDA:6729,1094,1,0
BRDA:6731,1095,0,0
BRDA:6731,1095,1,0
BRDA:6732,1096,0,0
BRDA:6732,1096,1,0
BRDA:6733,1097,0,0
BRDA:6733,1097,1,0
BRDA:6734,1098,0,0
BRDA:6734,1098,1,0
BRDA:6739,1099,0,0
BRDA:6739,1099,1,0
BRDA:6748,1100,0,0
BRDA:6762,1101,0,0
BRDA:6773,1102,0,0
BRDA:6773,1102,1,0
BRDA:6774,1103,0,0
BRDA:6774,1103,1,0
BRDA:6776,1104,0,0
BRDA:6776,1104,1,0
BRDA:6777,1105,0,0
BRDA:6777,1105,1,0
BRDA:6787,1106,0,0
BRDA:6787,1106,1,0
BRDA:6795,1107,0,0
BRDA:6805,1108,0,0
BRDA:6805,1108,1,0
BRDA:6809,1109,0,0
BRDA:6809,1110,0,0
BRDA:6809,1110,1,0
BRDA:6813,1111,0,0
BRDA:6813,1111,1,0
BRDA:6813,1112,0,0
BRDA:6813,1112,1,0
BRDA:6818,1113,0,0
BRDA:6818,1113,1,0
BRDA:6821,1114,0,0
BRDA:6821,1114,1,0
BRDA:6821,1114,2,0
BRDA:6822,1115,0,0
BRDA:6822,1115,1,0
BRDA:6823,1116,0,0
BRDA:6823,1116,1,0
BRDA:6823,1117,0,0
BRDA:6823,1117,1,0
BRDA:6824,1118,0,0
BRDA:6824,1118,1,0
BRDA:6824,1119,0,0
BRDA:6824,1119,1,0
BRDA:6825,1120,0,0
BRDA:6825,1120,1,0
BRDA:6825,1121,0,0
BRDA:6825,1121,1,0
BRDA:6826,1122,0,0
BRDA:6826,1122,1,0
BRDA:6826,1123,0,0
BRDA:6826,1123,1,0
BRDA:6827,1124,0,0
BRDA:6827,1124,1,0
BRDA:6827,1124,2,0
BRDA:6827,1124,3,0
BRDA:6831,1125,0,0
BRDA:6831,1125,1,0
BRDA:6831,1125,2,0
BRDA:6831,1125,3,0
BRDA:6831,1125,4,0
BRDA:6854,1126,0,0
BRDA:6854,1127,0,0
BRDA:6854,1127,1,0
BRDA:6855,1128,0,0
BRDA:6856,1129,0,0
BRDA:6864,1130,0,0
BRDA:6867,1131,0,0
BRDA:6867,1131,1,0
BRDA:6868,1132,0,0
BRDA:6872,1133,0,0
BRDA:6872,1133,1,0
BRDA:6877,1134,0,0
BRDA:6877,1134,1,0
BRDA:6892,1135,0,0
BRDA:6895,1136,0,0
BRDA:6895,1136,1,0
BRDA:6896,1137,0,0
BRDA:6896,1138,0,0
BRDA:6896,1138,1,0
BRDA:6903,1139,0,0
BRDA:6903,1139,1,0
BRDA:6905,1140,0,0
BRDA:6905,1140,1,0
BRDA:6905,1140,2,0
BRDA:6905,1140,3,0
BRDA:6906,1141,0,0
BRDA:6906,1141,1,0
BRDA:6906,1142,0,0
BRDA:6906,1142,1,0
BRDA:6907,1143,0,0
BRDA:6907,1143,1,0
BRDA:6909,1144,0,0
BRDA:6909,1144,1,0
BRDA:6909,1145,0,0
BRDA:6909,1145,1,0
BRDA:6910,1146,0,0
BRDA:6910,1146,1,0
BRDA:6910,1147,0,0
BRDA:6910,1147,1,0
BRDA:6911,1148,0,0
BRDA:6911,1148,1,0
BRDA:6911,1149,0,0
BRDA:6911,1149,1,0
BRDA:6912,1150,0,0
BRDA:6912,1150,1,0
BRDA:6912,1151,0,0
BRDA:6912,1151,1,0
BRDA:6913,1152,0,0
BRDA:6913,1152,1,0
BRDA:6913,1152,2,0
BRDA:6913,1152,3,0
BRDA:6918,1153,0,0
BRDA:6918,1153,1,0
BRDA:6928,1154,0,0
BRDA:6932,1155,0,0
BRDA:6932,1156,0,0
BRDA:6932,1156,1,0
BRDA:6935,1157,0,0
BRDA:6950,1158,0,0
BRDA:6950,1158,1,0
BRDA:6967,1159,0,0
BRDA:6970,1160,0,0
BRDA:6970,1160,1,0
BRDA:6971,1161,0,0
BRDA:6971,1161,1,0
BRDA:6975,1162,0,0
BRDA:6975,1162,1,0
BRDA:6975,1162,2,0
BRDA:6975,1162,3,0
BRDA:6975,1162,4,0
BRDA:6975,1162,5,0
BRDA:6981,1163,0,0
BRDA:6985,1164,0,0
BRDA:6985,1165,0,0
BRDA:6985,1165,1,0
BRDA:6985,1165,2,0
BRDA:6992,1166,0,0
BRDA:6996,1167,0,0
BRDA:7000,1168,0,0
BRF:2011
BRH:0
end_of_record
TN:
SF:api\provider-services.ts
FN:17,devFallbackProviderId
FN:24,resolveProviderId
FN:37,handleProviderServices
FN:71,(anonymous_3)
FN:87,(anonymous_4)
FN:89,(anonymous_5)
FN:153,(anonymous_6)
FNF:7
FNH:0
FNDA:0,devFallbackProviderId
FNDA:0,resolveProviderId
FNDA:0,handleProviderServices
FNDA:0,(anonymous_3)
FNDA:0,(anonymous_4)
FNDA:0,(anonymous_5)
FNDA:0,(anonymous_6)
DA:18,0
DA:19,0
DA:20,0
DA:21,0
DA:25,0
DA:26,0
DA:27,0
DA:29,0
DA:30,0
DA:31,0
DA:33,0
DA:38,0
DA:39,0
DA:40,0
DA:43,0
DA:44,0
DA:46,0
DA:47,0
DA:48,0
DA:50,0
DA:54,0
DA:55,0
DA:57,0
DA:58,0
DA:60,0
DA:66,0
DA:67,0
DA:70,0
DA:71,0
DA:72,0
DA:73,0
DA:75,0
DA:79,0
DA:83,0
DA:84,0
DA:87,0
DA:88,0
DA:89,0
DA:90,0
DA:91,0
DA:98,0
DA:101,0
DA:102,0
DA:103,0
DA:106,0
DA:107,0
DA:109,0
DA:117,0
DA:120,0
DA:126,0
DA:127,0
DA:130,0
DA:131,0
DA:132,0
DA:138,0
DA:148,0
DA:149,0
DA:153,0
DA:154,0
DA:155,0
DA:157,0
DA:160,0
DA:162,0
DA:163,0
DA:164,0
DA:165,0
LF:66
LH:0
BRDA:19,0,0,0
BRDA:20,1,0,0
BRDA:20,1,1,0
BRDA:21,2,0,0
BRDA:21,2,1,0
BRDA:24,3,0,0
BRDA:29,4,0,0
BRDA:31,5,0,0
BRDA:39,6,0,0
BRDA:39,6,1,0
BRDA:43,7,0,0
BRDA:43,7,1,0
BRDA:43,8,0,0
BRDA:43,8,1,0
BRDA:54,9,0,0
BRDA:57,10,0,0
BRDA:58,11,0,0
BRDA:66,12,0,0
BRDA:66,13,0,0
BRDA:66,13,1,0
BRDA:70,14,0,0
BRDA:70,14,1,0
BRDA:83,15,0,0
BRDA:83,16,0,0
BRDA:83,16,1,0
BRDA:88,17,0,0
BRDA:88,17,1,0
BRDA:101,18,0,0
BRDA:101,19,0,0
BRDA:101,19,1,0
BRDA:102,20,0,0
BRDA:103,21,0,0
BRDA:106,22,0,0
BRDA:111,23,0,0
BRDA:111,23,1,0
BRDA:112,24,0,0
BRDA:112,24,1,0
BRDA:113,25,0,0
BRDA:113,25,1,0
BRDA:126,26,0,0
BRDA:126,27,0,0
BRDA:126,27,1,0
BRDA:130,28,0,0
BRDA:130,28,1,0
BRDA:131,29,0,0
BRDA:131,29,1,0
BRDA:148,30,0,0
BRDA:163,31,0,0
BRDA:163,31,1,0
BRDA:164,32,0,0
BRDA:164,32,1,0
BRF:51
BRH:0
end_of_record
TN:
SF:api\service-providers.ts
FN:9,handleServiceProviders
FNF:1
FNH:0
FNDA:0,handleServiceProviders
DA:10,0
DA:13,0
DA:14,0
DA:15,0
DA:17,0
DA:18,0
DA:19,0
DA:20,0
DA:23,0
DA:26,0
DA:27,0
DA:28,0
DA:32,0
DA:33,0
DA:34,0
DA:41,0
DA:44,0
DA:46,0
DA:47,0
DA:48,0
DA:49,0
DA:53,0
DA:54,0
DA:57,0
DA:58,0
DA:59,0
DA:61,0
DA:64,0
DA:66,0
DA:67,0
DA:70,0
DA:71,0
DA:72,0
DA:76,0
DA:87,0
DA:88,0
DA:90,0
DA:91,0
DA:95,0
DA:96,0
DA:97,0
DA:98,0
DA:102,0
DA:105,0
DA:106,0
DA:108,0
DA:110,0
DA:111,0
DA:113,0
DA:117,0
DA:118,0
DA:119,0
DA:120,0
DA:134,0
DA:137,0
DA:140,0
DA:142,0
DA:143,0
DA:146,0
DA:147,0
DA:148,0
DA:151,0
DA:152,0
DA:154,0
DA:155,0
DA:156,0
DA:157,0
DA:158,0
DA:159,0
DA:160,0
DA:161,0
DA:162,0
DA:164,0
DA:165,0
DA:166,0
DA:169,0
DA:171,0
DA:172,0
DA:175,0
DA:176,0
DA:179,0
DA:180,0
DA:184,0
DA:185,0
LF:84
LH:0
BRDA:20,0,0,0
BRDA:20,0,1,0
BRDA:23,1,0,0
BRDA:23,1,1,0
BRDA:26,2,0,0
BRDA:26,3,0,0
BRDA:26,3,1,0
BRDA:32,4,0,0
BRDA:32,4,1,0
BRDA:33,5,0,0
BRDA:44,6,0,0
BRDA:44,6,1,0
BRDA:46,7,0,0
BRDA:47,8,0,0
BRDA:53,9,0,0
BRDA:58,10,0,0
BRDA:64,11,0,0
BRDA:66,12,0,0
BRDA:66,13,0,0
BRDA:66,13,1,0
BRDA:71,14,0,0
BRDA:71,15,0,0
BRDA:71,15,1,0
BRDA:71,15,2,0
BRDA:71,15,3,0
BRDA:81,16,0,0
BRDA:81,16,1,0
BRDA:82,17,0,0
BRDA:82,17,1,0
BRDA:83,18,0,0
BRDA:83,18,1,0
BRDA:90,19,0,0
BRDA:97,20,0,0
BRDA:110,21,0,0
BRDA:110,22,0,0
BRDA:110,22,1,0
BRDA:119,23,0,0
BRDA:140,24,0,0
BRDA:142,25,0,0
BRDA:147,26,0,0
BRDA:154,27,0,0
BRDA:155,28,0,0
BRDA:156,29,0,0
BRDA:157,30,0,0
BRDA:158,31,0,0
BRDA:159,32,0,0
BRDA:160,33,0,0
BRDA:161,34,0,0
BRDA:162,35,0,0
BRDA:166,36,0,0
BRDA:166,36,1,0
BRDA:166,37,0,0
BRDA:166,37,1,0
BRDA:172,38,0,0
BRDA:172,38,1,0
BRDA:175,39,0,0
BRDA:175,40,0,0
BRDA:175,40,1,0
BRDA:179,41,0,0
BRDA:184,42,0,0
BRDA:184,42,1,0
BRDA:184,43,0,0
BRDA:184,43,1,0
BRF:63
BRH:0
end_of_record
TN:
SF:api\service-requests.ts
FN:8,handleServiceRequests
FN:19,(anonymous_1)
FNF:2
FNH:0
FNDA:0,handleServiceRequests
FNDA:0,(anonymous_1)
DA:9,0
DA:10,0
DA:11,0
DA:12,0
DA:14,0
DA:15,0
DA:16,0
DA:17,0
DA:18,0
DA:19,0
DA:20,0
DA:21,0
DA:23,0
DA:26,0
DA:28,0
DA:31,0
DA:32,0
DA:33,0
DA:36,0
DA:37,0
DA:40,0
DA:41,0
DA:42,0
DA:43,0
DA:46,0
DA:64,0
DA:65,0
DA:68,0
DA:69,0
DA:73,0
DA:74,0
DA:76,0
DA:77,0
DA:78,0
DA:81,0
DA:82,0
DA:83,0
DA:86,0
DA:89,0
DA:90,0
DA:92,0
DA:97,0
DA:98,0
DA:101,0
DA:102,0
DA:105,0
DA:106,0
DA:107,0
DA:110,0
DA:112,0
DA:113,0
DA:114,0
DA:115,0
LF:53
LH:0
BRDA:12,0,0,0
BRDA:12,0,1,0
BRDA:14,1,0,0
BRDA:15,2,0,0
BRDA:17,3,0,0
BRDA:17,3,1,0
BRDA:18,4,0,0
BRDA:18,4,1,0
BRDA:20,5,0,0
BRDA:20,5,1,0
BRDA:21,6,0,0
BRDA:21,6,1,0
BRDA:23,7,0,0
BRDA:23,7,1,0
BRDA:23,7,2,0
BRDA:26,8,0,0
BRDA:26,8,1,0
BRDA:26,8,2,0
BRDA:31,9,0,0
BRDA:40,10,0,0
BRDA:42,11,0,0
BRDA:47,12,0,0
BRDA:47,12,1,0
BRDA:48,13,0,0
BRDA:48,13,1,0
BRDA:50,14,0,0
BRDA:50,14,1,0
BRDA:51,15,0,0
BRDA:51,15,1,0
BRDA:52,16,0,0
BRDA:52,16,1,0
BRDA:53,17,0,0
BRDA:53,17,1,0
BRDA:54,18,0,0
BRDA:54,18,1,0
BRDA:55,19,0,0
BRDA:55,19,1,0
BRDA:56,20,0,0
BRDA:56,20,1,0
BRDA:57,21,0,0
BRDA:57,21,1,0
BRDA:58,22,0,0
BRDA:58,22,1,0
BRDA:59,23,0,0
BRDA:59,23,1,0
BRDA:60,24,0,0
BRDA:60,24,1,0
BRDA:61,25,0,0
BRDA:61,25,1,0
BRDA:68,26,0,0
BRDA:73,27,0,0
BRDA:77,28,0,0
BRDA:81,29,0,0
BRDA:82,30,0,0
BRDA:82,31,0,0
BRDA:82,31,1,0
BRDA:86,32,0,0
BRDA:86,32,1,0
BRDA:86,32,2,0
BRDA:89,33,0,0
BRDA:98,34,0,0
BRDA:98,34,1,0
BRDA:101,35,0,0
BRDA:107,36,0,0
BRDA:107,36,1,0
BRDA:113,37,0,0
BRDA:113,37,1,0
BRDA:114,38,0,0
BRDA:114,38,1,0
BRF:69
BRH:0
end_of_record
TN:
SF:api\services.ts
FN:29,getUserRoleByEmail
FN:47,getAuthContext
FN:92,getErrorStatusCode
FN:100,handleServices
FNF:4
FNH:0
FNDA:0,getUserRoleByEmail
FNDA:0,getAuthContext
FNDA:0,getErrorStatusCode
FNDA:0,handleServices
DA:30,0
DA:31,0
DA:37,0
DA:38,0
DA:41,0
DA:43,0
DA:49,0
DA:50,0
DA:51,0
DA:53,0
DA:56,0
DA:57,0
DA:59,0
DA:70,0
DA:71,0
DA:72,0
DA:80,0
DA:81,0
DA:82,0
DA:84,0
DA:93,0
DA:94,0
DA:95,0
DA:97,0
DA:101,0
DA:102,0
DA:103,0
DA:105,0
DA:106,0
DA:111,0
DA:112,0
DA:115,0
DA:117,0
DA:119,0
DA:120,0
DA:121,0
DA:123,0
DA:126,0
DA:130,0
DA:131,0
DA:134,0
DA:135,0
DA:138,0
DA:139,0
DA:141,0
DA:142,0
DA:145,0
DA:160,0
DA:166,0
DA:167,0
DA:170,0
DA:173,0
DA:174,0
DA:176,0
DA:177,0
DA:180,0
DA:187,0
DA:188,0
DA:191,0
DA:194,0
DA:195,0
DA:197,0
DA:198,0
DA:202,0
DA:209,0
DA:210,0
DA:213,0
DA:216,0
DA:218,0
DA:219,0
DA:220,0
DA:221,0
LF:72
LH:0
BRDA:37,0,0,0
BRDA:37,1,0,0
BRDA:37,1,1,0
BRDA:53,2,0,0
BRDA:53,2,1,0
BRDA:56,3,0,0
BRDA:56,3,1,0
BRDA:57,4,0,0
BRDA:57,4,1,0
BRDA:71,5,0,0
BRDA:71,6,0,0
BRDA:71,6,1,0
BRDA:76,7,0,0
BRDA:76,7,1,0
BRDA:81,8,0,0
BRDA:81,8,1,0
BRDA:82,9,0,0
BRDA:82,9,1,0
BRDA:94,10,0,0
BRDA:94,11,0,0
BRDA:94,11,1,0
BRDA:94,11,2,0
BRDA:105,12,0,0
BRDA:111,13,0,0
BRDA:117,14,0,0
BRDA:119,15,0,0
BRDA:119,16,0,0
BRDA:119,16,1,0
BRDA:126,17,0,0
BRDA:126,17,1,0
BRDA:130,18,0,0
BRDA:131,19,0,0
BRDA:131,19,1,0
BRDA:134,20,0,0
BRDA:138,21,0,0
BRDA:141,22,0,0
BRDA:141,23,0,0
BRDA:141,23,1,0
BRDA:146,24,0,0
BRDA:146,24,1,0
BRDA:149,25,0,0
BRDA:149,25,1,0
BRDA:150,26,0,0
BRDA:150,26,1,0
BRDA:151,27,0,0
BRDA:151,27,1,0
BRDA:151,27,2,0
BRDA:152,28,0,0
BRDA:152,28,1,0
BRDA:152,28,2,0
BRDA:153,29,0,0
BRDA:153,29,1,0
BRDA:154,30,0,0
BRDA:154,30,1,0
BRDA:156,31,0,0
BRDA:156,31,1,0
BRDA:157,32,0,0
BRDA:157,32,1,0
BRDA:166,33,0,0
BRDA:173,34,0,0
BRDA:176,35,0,0
BRDA:187,36,0,0
BRDA:194,37,0,0
BRDA:197,38,0,0
BRDA:209,39,0,0
BRDA:219,40,0,0
BRDA:219,40,1,0
BRF:67
BRH:0
end_of_record
TN:
SF:components\AdminPanel.tsx
FN:25,(anonymous_0)
FN:34,(anonymous_1)
FN:37,(anonymous_2)
FN:43,(anonymous_3)
FN:45,(anonymous_4)
FN:49,(anonymous_5)
FN:50,(anonymous_6)
FN:58,(anonymous_7)
FN:64,(anonymous_8)
FN:85,(anonymous_9)
FN:87,(anonymous_10)
FN:92,(anonymous_11)
FN:103,(anonymous_12)
FN:106,(anonymous_13)
FN:181,(anonymous_14)
FN:191,(anonymous_15)
FN:210,(anonymous_16)
FN:216,(anonymous_17)
FN:226,(anonymous_18)
FN:227,(anonymous_19)
FN:232,(anonymous_20)
FN:257,(anonymous_21)
FN:260,(anonymous_22)
FN:263,(anonymous_23)
FN:264,(anonymous_24)
FN:265,(anonymous_25)
FN:299,(anonymous_26)
FN:300,(anonymous_27)
FN:319,(anonymous_28)
FN:330,(anonymous_29)
FN:333,(anonymous_30)
FN:336,(anonymous_31)
FN:349,(anonymous_32)
FN:350,(anonymous_33)
FN:350,(anonymous_34)
FN:367,(anonymous_35)
FN:387,(anonymous_36)
FN:401,(anonymous_37)
FN:408,(anonymous_38)
FN:411,(anonymous_39)
FN:414,(anonymous_40)
FN:416,(anonymous_41)
FN:419,(anonymous_42)
FN:446,(anonymous_43)
FN:448,(anonymous_44)
FN:453,(anonymous_45)
FN:454,(anonymous_46)
FN:454,(anonymous_47)
FN:457,(anonymous_48)
FN:474,(anonymous_49)
FN:596,(anonymous_50)
FN:597,(anonymous_51)
FN:606,(anonymous_52)
FN:611,(anonymous_53)
FN:663,(anonymous_54)
FN:669,(anonymous_55)
FN:676,(anonymous_56)
FN:679,(anonymous_57)
FN:682,(anonymous_58)
FN:709,(anonymous_59)
FN:711,(anonymous_60)
FN:716,(anonymous_61)
FN:717,(anonymous_62)
FN:717,(anonymous_63)
FN:720,(anonymous_64)
FN:737,(anonymous_65)
FN:844,(anonymous_66)
FN:844,(anonymous_67)
FN:859,(anonymous_68)
FN:860,(anonymous_69)
FN:869,(anonymous_70)
FN:874,(anonymous_71)
FN:922,(anonymous_72)
FN:956,(anonymous_73)
FN:982,(anonymous_74)
FN:998,(anonymous_75)
FN:1037,(anonymous_76)
FN:1074,(anonymous_77)
FN:1075,(anonymous_78)
FN:1079,(anonymous_79)
FN:1088,(anonymous_80)
FN:1114,(anonymous_81)
FN:1124,(anonymous_82)
FN:1132,(anonymous_83)
FN:1133,(anonymous_84)
FN:1135,(anonymous_85)
FN:1136,(anonymous_86)
FN:1137,(anonymous_87)
FN:1139,(anonymous_88)
FN:1141,(anonymous_89)
FN:1154,(anonymous_90)
FN:1156,(anonymous_91)
FN:1160,(anonymous_92)
FN:1165,(anonymous_93)
FN:1170,(anonymous_94)
FN:1171,(anonymous_95)
FN:1181,(anonymous_96)
FN:1184,(anonymous_97)
FN:1194,(anonymous_98)
FN:1196,(anonymous_99)
FN:1200,(anonymous_100)
FN:1204,(anonymous_101)
FN:1210,(anonymous_102)
FN:1218,(anonymous_103)
FN:1222,(anonymous_104)
FN:1227,(anonymous_105)
FN:1239,(anonymous_106)
FN:1307,(anonymous_107)
FN:1317,(anonymous_108)
FN:1324,(anonymous_109)
FN:1327,(anonymous_110)
FN:1334,(anonymous_111)
FN:1337,(anonymous_112)
FN:1344,(anonymous_113)
FN:1349,(anonymous_114)
FN:1377,(anonymous_115)
FN:1387,(anonymous_116)
FN:1406,(anonymous_117)
FN:1407,(anonymous_118)
FN:1408,(anonymous_119)
FN:1409,(anonymous_120)
FN:1465,(anonymous_121)
FN:1468,(anonymous_122)
FN:1513,(anonymous_123)
FN:1562,(anonymous_124)
FN:1573,(anonymous_125)
FN:1578,(anonymous_126)
FN:1592,(anonymous_127)
FN:1596,(anonymous_128)
FN:1625,(anonymous_129)
FN:1631,(anonymous_130)
FN:1641,(anonymous_131)
FN:1651,(anonymous_132)
FN:1678,(anonymous_133)
FN:1694,(anonymous_134)
FN:1704,(anonymous_135)
FN:1709,(anonymous_136)
FN:1722,(anonymous_137)
FN:1727,(anonymous_138)
FN:1746,(anonymous_139)
FN:1750,(anonymous_140)
FN:1770,(anonymous_141)
FN:1780,(anonymous_142)
FN:1794,(anonymous_143)
FN:1800,(anonymous_144)
FN:1801,(anonymous_145)
FN:1811,(anonymous_146)
FN:1845,(anonymous_147)
FN:1848,(anonymous_148)
FN:1849,(anonymous_149)
FN:1851,(anonymous_150)
FN:1862,(anonymous_151)
FN:1873,(anonymous_152)
FN:1883,(anonymous_153)
FN:1893,(anonymous_154)
FN:1932,(anonymous_155)
FN:1946,(anonymous_156)
FN:1956,(anonymous_157)
FN:1990,(anonymous_158)
FN:1991,(anonymous_159)
FN:2007,(anonymous_160)
FN:2032,(anonymous_161)
FN:2040,(anonymous_162)
FN:2043,(anonymous_163)
FN:2047,(anonymous_164)
FN:2064,(anonymous_165)
FN:2067,(anonymous_166)
FN:2074,(anonymous_167)
FN:2099,(anonymous_168)
FN:2120,(anonymous_169)
FN:2144,(anonymous_170)
FN:2155,(anonymous_171)
FN:2157,(anonymous_172)
FN:2161,(anonymous_173)
FN:2163,(anonymous_174)
FN:2166,(anonymous_175)
FN:2181,(anonymous_176)
FN:2193,(anonymous_177)
FN:2203,(anonymous_178)
FN:2212,(anonymous_179)
FN:2215,(anonymous_180)
FN:2222,(anonymous_181)
FN:2247,(anonymous_182)
FN:2269,(anonymous_183)
[...]
BRDA:111,5,0,0
BRDA:111,5,1,0
BRDA:123,6,0,0
BRDA:123,6,1,0
BRDA:139,7,0,0
BRDA:154,8,0,0
BRDA:177,9,0,0
BRDA:200,10,0,0
BRDA:223,11,0,0
BRDA:257,12,0,0
BRF:21
BRH:0
end_of_record
TN:
SF:services\trustSafetyService.ts
FN:15,initVerificationStatus
FN:24,verifyPhone
FN:33,verifyEmail
FN:42,verifyGovtId
FN:57,getVerificationCount
FN:70,calculateTrustScore
FN:125,getTrustBadge
FN:146,calculateResponseStats
FN:151,(anonymous_8)
FN:159,(anonymous_9)
FN:213,getResponseTimeBadge
FN:235,createSafetyReport
FN:268,getSafetyReports
FN:276,(anonymous_13)
FN:287,updateSafetyReportStatus
FN:297,(anonymous_15)
FN:315,getReportsForTarget
FN:324,(anonymous_17)
FN:332,hasBeenReported
FN:345,getSafetyTips
FN:380,blockUser
FN:391,(anonymous_21)
FN:409,unblockUser
FN:418,(anonymous_23)
FN:428,isUserBlocked
FN:436,(anonymous_25)
FNF:26
FNH:0
FNDA:0,initVerificationStatus
FNDA:0,verifyPhone
FNDA:0,verifyEmail
FNDA:0,verifyGovtId
FNDA:0,getVerificationCount
FNDA:0,calculateTrustScore
FNDA:0,getTrustBadge
FNDA:0,calculateResponseStats
FNDA:0,(anonymous_8)
FNDA:0,(anonymous_9)
FNDA:0,getResponseTimeBadge
FNDA:0,createSafetyReport
FNDA:0,getSafetyReports
FNDA:0,(anonymous_13)
FNDA:0,updateSafetyReportStatus
FNDA:0,(anonymous_15)
FNDA:0,getReportsForTarget
FNDA:0,(anonymous_17)
FNDA:0,hasBeenReported
FNDA:0,getSafetyTips
FNDA:0,blockUser
FNDA:0,(anonymous_21)
FNDA:0,unblockUser
FNDA:0,(anonymous_23)
FNDA:0,isUserBlocked
FNDA:0,(anonymous_25)
DA:16,0
DA:25,0
DA:34,0
DA:47,0
DA:58,0
DA:59,0
DA:60,0
DA:61,0
DA:62,0
DA:74,0
DA:77,0
DA:78,0
DA:79,0
DA:82,0
DA:83,0
DA:86,0
DA:87,0
DA:88,0
DA:89,0
DA:93,0
DA:94,0
DA:98,0
DA:102,0
DA:103,0
DA:106,0
DA:108,0
DA:130,0
DA:131,0
DA:132,0
DA:133,0
DA:134,0
DA:135,0
DA:137,0
DA:150,0
DA:151,0
DA:154,0
DA:155,0
DA:156,0
DA:157,0
DA:159,0
DA:160,0
DA:161,0
DA:163,0
DA:164,0
DA:165,0
DA:168,0
DA:172,0
DA:176,0
DA:177,0
DA:179,0
DA:180,0
DA:183,0
DA:184,0
DA:185,0
DA:187,0
DA:188,0
DA:194,0
DA:198,0
DA:202,0
DA:217,0
DA:218,0
DA:219,0
DA:220,0
DA:221,0
DA:222,0
DA:224,0
DA:232,0
DA:242,0
DA:243,0
DA:244,0
DA:246,0
DA:257,0
DA:258,0
DA:260,0
DA:262,0
DA:263,0
DA:269,0
DA:270,0
DA:271,0
DA:273,0
DA:275,0
DA:276,0
DA:279,0
DA:281,0
DA:282,0
DA:292,0
DA:293,0
DA:294,0
DA:296,0
DA:297,0
DA:299,0
DA:300,0
DA:301,0
DA:302,0
DA:303,0
DA:306,0
DA:309,0
DA:310,0
DA:319,0
DA:320,0
DA:321,0
DA:323,0
DA:324,0
DA:326,0
DA:327,0
DA:336,0
DA:337,0
DA:346,0
DA:366,0
DA:367,0
DA:370,0
DA:377,0
DA:381,0
DA:382,0
DA:384,0
DA:386,0
DA:387,0
DA:391,0
DA:392,0
DA:395,0
DA:401,0
DA:403,0
DA:404,0
DA:410,0
DA:411,0
DA:412,0
DA:415,0
DA:417,0
DA:418,0
DA:419,0
DA:422,0
DA:423,0
DA:429,0
DA:430,0
DA:431,0
DA:434,0
DA:436,0
DA:438,0
DA:439,0
LF:139
LH:0
BRDA:59,0,0,0
BRDA:60,1,0,0
BRDA:61,2,0,0
BRDA:72,3,0,0
BRDA:77,4,0,0
BRDA:77,4,1,0
BRDA:82,5,0,0
BRDA:82,5,1,0
BRDA:86,6,0,0
BRDA:86,6,1,0
BRDA:87,7,0,0
BRDA:87,7,1,0
BRDA:88,8,0,0
BRDA:93,9,0,0
BRDA:102,10,0,0
BRDA:102,10,1,0
BRDA:115,11,0,0
BRDA:115,11,1,0
BRDA:130,12,0,0
BRDA:130,12,1,0
BRDA:132,13,0,0
BRDA:132,13,1,0
BRDA:134,14,0,0
BRDA:134,14,1,0
BRDA:151,15,0,0
BRDA:151,15,1,0
BRDA:168,16,0,0
BRDA:168,16,1,0
BRDA:172,17,0,0
BRDA:172,17,1,0
BRDA:176,18,0,0
BRDA:179,19,0,0
BRDA:194,20,0,0
BRDA:194,20,1,0
BRDA:198,21,0,0
BRDA:198,21,1,0
BRDA:217,22,0,0
BRDA:217,22,1,0
BRDA:219,23,0,0
BRDA:219,23,1,0
BRDA:221,24,0,0
BRDA:221,24,1,0
BRDA:244,25,0,0
BRDA:244,25,1,0
BRDA:271,26,0,0
BRDA:275,27,0,0
BRDA:294,28,0,0
BRDA:299,29,0,0
BRDA:301,30,0,0
BRDA:302,31,0,0
BRDA:321,32,0,0
BRDA:324,33,0,0
BRDA:324,33,1,0
BRDA:366,34,0,0
BRDA:366,35,0,0
BRDA:366,35,1,0
BRDA:384,36,0,0
BRDA:384,36,1,0
BRDA:386,37,0,0
BRDA:391,38,0,0
BRDA:412,39,0,0
BRDA:417,40,0,0
BRDA:431,41,0,0
BRDA:436,42,0,0
BRDA:436,42,1,0
BRF:65
BRH:0
end_of_record
TN:
SF:services\userService.ts
FN:48,(anonymous_0)
FN:62,(anonymous_1)
FN:73,(anonymous_2)
FN:75,(anonymous_3)
FN:84,(anonymous_4)
FN:97,(anonymous_5)
FN:157,(anonymous_6)
FN:167,(anonymous_7)
FN:180,(anonymous_8)
FN:188,(anonymous_9)
FN:212,(anonymous_10)
FN:217,(anonymous_11)
FN:223,(anonymous_12)
FN:265,(anonymous_13)
FN:267,(anonymous_14)
FN:272,(anonymous_15)
FN:283,(anonymous_16)
FN:315,(anonymous_17)
FN:318,(anonymous_18)
FN:335,(anonymous_19)
FN:354,(anonymous_20)
FN:386,(anonymous_21)
FN:398,(anonymous_22)
FN:413,(anonymous_23)
FN:503,(anonymous_24)
FN:529,(anonymous_25)
FN:549,(anonymous_26)
FN:565,(anonymous_27)
FN:577,(anonymous_28)
FN:584,(anonymous_29)
FN:587,(anonymous_30)
FN:603,(anonymous_31)
FN:672,(anonymous_32)
FN:707,(anonymous_33)
FN:715,(anonymous_34)
FNF:35
FNH:0
FNDA:0,(anonymous_0)
FNDA:0,(anonymous_1)
FNDA:0,(anonymous_2)
FNDA:0,(anonymous_3)
FNDA:0,(anonymous_4)
FNDA:0,(anonymous_5)
FNDA:0,(anonymous_6)
FNDA:0,(anonymous_7)
FNDA:0,(anonymous_8)
FNDA:0,(anonymous_9)
FNDA:0,(anonymous_10)
FNDA:0,(anonymous_11)
FNDA:0,(anonymous_12)
FNDA:0,(anonymous_13)
FNDA:0,(anonymous_14)
FNDA:0,(anonymous_15)
FNDA:0,(anonymous_16)
FNDA:0,(anonymous_17)
FNDA:0,(anonymous_18)
FNDA:0,(anonymous_19)
FNDA:0,(anonymous_20)
FNDA:0,(anonymous_21)
FNDA:0,(anonymous_22)
FNDA:0,(anonymous_23)
FNDA:0,(anonymous_24)
FNDA:0,(anonymous_25)
FNDA:0,(anonymous_26)
FNDA:0,(anonymous_27)
FNDA:0,(anonymous_28)
FNDA:0,(anonymous_29)
FNDA:0,(anonymous_30)
FNDA:0,(anonymous_31)
FNDA:0,(anonymous_32)
FNDA:0,(anonymous_33)
FNDA:0,(anonymous_34)
DA:8,0
DA:45,0
DA:48,0
DA:49,0
DA:51,0
DA:52,0
DA:54,0
DA:55,0
DA:56,0
DA:58,0
DA:62,0
DA:63,0
DA:64,0
DA:66,0
DA:67,0
DA:68,0
DA:73,0
DA:74,0
DA:80,0
DA:84,0
DA:85,0
DA:86,0
DA:88,0
DA:89,0
DA:90,0
DA:91,0
DA:93,0
DA:97,0
DA:98,0
DA:100,0
DA:101,0
DA:102,0
DA:103,0
DA:104,0
DA:108,0
DA:109,0
DA:110,0
DA:114,0
DA:115,0
DA:118,0
DA:119,0
DA:120,0
DA:121,0
DA:128,0
DA:129,0
DA:130,0
DA:131,0
DA:134,0
DA:135,0
DA:136,0
DA:137,0
DA:138,0
DA:141,0
DA:146,0
DA:148,0
DA:154,0
DA:155,0
DA:157,0
DA:158,0
DA:161,0
DA:164,0
DA:165,0
DA:167,0
DA:168,0
DA:173,0
DA:176,0
DA:177,0
DA:178,0
DA:180,0
DA:181,0
DA:183,0
DA:188,0
DA:189,0
DA:190,0
DA:192,0
DA:193,0
DA:194,0
DA:195,0
DA:196,0
DA:197,0
DA:199,0
DA:200,0
DA:201,0
DA:202,0
DA:203,0
DA:206,0
DA:208,0
DA:212,0
DA:213,0
DA:215,0
DA:217,0
DA:218,0
DA:220,0
DA:223,0
DA:224,0
DA:225,0
DA:227,0
DA:228,0
DA:229,0
DA:230,0
DA:235,0
DA:237,0
DA:241,0
DA:244,0
DA:249,0
DA:251,0
DA:253,0
DA:254,0
DA:255,0
DA:256,0
DA:262,0
DA:265,0
DA:266,0
DA:267,0
DA:268,0
DA:269,0
DA:272,0
DA:275,0
DA:277,0
DA:278,0
DA:280,0
DA:283,0
DA:285,0
DA:286,0
DA:291,0
DA:292,0
DA:294,0
DA:295,0
DA:298,0
DA:299,0
DA:306,0
DA:307,0
DA:311,0
DA:312,0
DA:315,0
DA:316,0
DA:317,0
DA:318,0
DA:319,0
DA:321,0
DA:327,0
DA:328,0
DA:329,0
DA:330,0
DA:335,0
DA:337,0
DA:338,0
DA:340,0
DA:341,0
DA:342,0
DA:346,0
DA:347,0
DA:350,0
DA:354,0
DA:356,0
DA:362,0
DA:366,0
DA:368,0
DA:369,0
DA:373,0
DA:375,0
DA:376,0
DA:377,0
DA:379,0
DA:383,0
DA:386,0
DA:387,0
DA:391,0
DA:392,0
DA:393,0
DA:395,0
DA:398,0
DA:400,0
DA:407,0
DA:408,0
DA:409,0
DA:413,0
DA:414,0
DA:415,0
DA:422,0
DA:423,0
DA:424,0
DA:425,0
DA:428,0
DA:432,0
DA:433,0
DA:434,0
DA:438,0
DA:439,0
DA:440,0
DA:444,0
DA:446,0
DA:447,0
DA:448,0
DA:449,0
DA:450,0
DA:451,0
DA:452,0
DA:453,0
DA:456,0
DA:457,0
DA:462,0
DA:466,0
DA:468,0
DA:469,0
DA:472,0
DA:476,0
DA:477,0
DA:478,0
DA:481,0
DA:482,0
DA:483,0
DA:485,0
DA:489,0
DA:494,0
DA:496,0
DA:503,0
DA:505,0
DA:508,0
DA:509,0
DA:512,0
DA:513,0
DA:516,0
DA:519,0
DA:520,0
DA:524,0
DA:529,0
DA:530,0
DA:532,0
DA:533,0
DA:534,0
DA:536,0
DA:537,0
DA:539,0
DA:542,0
DA:543,0
DA:544,0
DA:545,0
DA:546,0
DA:547,0
DA:548,0
DA:549,0
DA:551,0
DA:559,0
DA:563,0
DA:564,0
DA:565,0
DA:567,0
DA:571,0
DA:572,0
DA:575,0
DA:576,0
DA:577,0
DA:579,0
DA:584,0
DA:585,0
DA:587,0
DA:589,0
DA:590,0
DA:591,0
DA:593,0
DA:595,0
DA:599,0
DA:602,0
DA:603,0
DA:605,0
DA:606,0
DA:608,0
DA:609,0
DA:612,0
DA:614,0
DA:615,0
DA:617,0
DA:618,0
DA:621,0
DA:622,0
DA:629,0
DA:630,0
DA:634,0
DA:635,0
DA:643,0
DA:644,0
DA:645,0
DA:648,0
DA:655,0
DA:657,0
DA:658,0
DA:659,0
DA:660,0
DA:664,0
DA:668,0
DA:669,0
DA:672,0
DA:674,0
DA:675,0
DA:677,0
DA:678,0
DA:680,0
DA:681,0
DA:683,0
DA:684,0
DA:686,0
DA:687,0
DA:690,0
DA:691,0
DA:692,0
DA:694,0
DA:695,0
DA:696,0
DA:698,0
DA:700,0
DA:703,0
DA:707,0
DA:708,0
DA:712,0
DA:713,0
DA:715,0
DA:716,0
DA:718,0
DA:719,0
DA:720,0
DA:721,0
DA:723,0
DA:725,0
DA:726,0
DA:727,0
DA:730,0
DA:737,0
DA:738,0
DA:739,0
DA:740,0
DA:744,0
DA:745,0
DA:746,0
DA:747,0
DA:751,0
DA:752,0
DA:753,0
DA:756,0
DA:757,0
DA:760,0
DA:762,0
DA:763,0
DA:764,0
DA:767,0
DA:769,0
DA:772,0
LF:347
LH:0
BRDA:51,0,0,0
BRDA:51,1,0,0
BRDA:51,1,1,0
BRDA:55,2,0,0
BRDA:63,3,0,0
BRDA:63,4,0,0
BRDA:63,4,1,0
BRDA:85,5,0,0
BRDA:85,6,0,0
BRDA:85,6,1,0
BRDA:98,7,0,0
BRDA:100,8,0,0
BRDA:102,9,0,0
BRDA:102,9,1,0
BRDA:108,10,0,0
BRDA:114,11,0,0
BRDA:120,12,0,0
BRDA:128,13,0,0
BRDA:128,14,0,0
BRDA:128,14,1,0
BRDA:134,15,0,0
BRDA:136,16,0,0
BRDA:136,17,0,0
BRDA:136,17,1,0
BRDA:137,18,0,0
BRDA:137,18,1,0
BRDA:146,19,0,0
BRDA:146,20,0,0
BRDA:146,20,1,0
BRDA:158,21,0,0
BRDA:158,21,1,0
BRDA:158,21,2,0
BRDA:161,22,0,0
BRDA:165,23,0,0
BRDA:165,24,0,0
BRDA:165,24,1,0
BRDA:176,25,0,0
BRDA:181,26,0,0
BRDA:181,26,1,0
BRDA:189,27,0,0
BRDA:189,28,0,0
BRDA:189,28,1,0
BRDA:194,29,0,0
BRDA:194,29,1,0
BRDA:194,30,0,0
BRDA:194,30,1,0
BRDA:194,30,2,0
BRDA:200,31,0,0
BRDA:200,32,0,0
BRDA:200,32,1,0
BRDA:218,33,0,0
BRDA:224,34,0,0
BRDA:227,35,0,0
BRDA:227,35,1,0
BRDA:229,36,0,0
BRDA:241,37,0,0
BRDA:249,38,0,0
BRDA:254,39,0,0
BRDA:277,40,0,0
BRDA:277,40,1,0
BRDA:278,41,0,0
BRDA:278,41,1,0
BRDA:283,42,0,0
BRDA:283,42,1,0
BRDA:285,43,0,0
BRDA:291,44,0,0
BRDA:291,44,1,0
BRDA:294,45,0,0
BRDA:298,46,0,0
BRDA:298,47,0,0
BRDA:298,47,1,0
BRDA:298,47,2,0
BRDA:306,48,0,0
BRDA:318,49,0,0
BRDA:340,50,0,0
BRDA:340,50,1,0
BRDA:346,51,0,0
BRDA:346,51,1,0
BRDA:362,52,0,0
BRDA:362,52,1,0
BRDA:362,52,2,0
BRDA:368,53,0,0
BRDA:369,54,0,0
BRDA:369,54,1,0
BRDA:369,54,2,0
BRDA:373,55,0,0
BRDA:375,56,0,0
BRDA:392,57,0,0
BRDA:393,58,0,0
BRDA:393,58,1,0
BRDA:393,58,2,0
BRDA:400,59,0,0
BRDA:400,59,1,0
BRDA:401,60,0,0
BRDA:401,60,1,0
BRDA:402,61,0,0
BRDA:402,61,1,0
BRDA:407,62,0,0
BRDA:422,63,0,0
BRDA:424,64,0,0
BRDA:424,64,1,0
BRDA:432,65,0,0
BRDA:438,66,0,0
BRDA:438,67,0,0
BRDA:438,67,1,0
BRDA:444,68,0,0
BRDA:450,69,0,0
BRDA:450,70,0,0
BRDA:450,70,1,0
BRDA:452,71,0,0
BRDA:452,71,1,0
BRDA:452,71,2,0
BRDA:456,72,0,0
BRDA:456,73,0,0
BRDA:456,73,1,0
BRDA:466,74,0,0
BRDA:466,75,0,0
BRDA:466,75,1,0
BRDA:477,76,0,0
BRDA:477,77,0,0
BRDA:477,77,1,0
BRDA:505,78,0,0
BRDA:509,79,0,0
BRDA:509,80,0,0
BRDA:509,80,1,0
BRDA:513,81,0,0
BRDA:513,82,0,0
BRDA:513,82,1,0
BRDA:516,83,0,0
BRDA:516,84,0,0
BRDA:516,84,1,0
BRDA:519,85,0,0
BRDA:519,86,0,0
BRDA:519,86,1,0
BRDA:519,86,2,0
BRDA:519,86,3,0
BRDA:532,87,0,0
BRDA:532,87,1,0
BRDA:536,88,0,0
BRDA:536,89,0,0
BRDA:536,89,1,0
BRDA:536,89,2,0
BRDA:542,90,0,0
BRDA:542,91,0,0
BRDA:542,91,1,0
BRDA:542,91,2,0
BRDA:545,92,0,0
BRDA:547,93,0,0
BRDA:547,94,0,0
BRDA:547,94,1,0
BRDA:548,95,0,0
BRDA:564,96,0,0
BRDA:571,97,0,0
BRDA:576,98,0,0
BRDA:589,99,0,0
BRDA:589,99,1,0
BRDA:602,100,0,0
BRDA:602,100,1,0
BRDA:605,101,0,0
BRDA:605,102,0,0
BRDA:605,102,1,0
BRDA:608,103,0,0
BRDA:608,104,0,0
BRDA:608,104,1,0
BRDA:612,105,0,0
BRDA:612,105,1,0
BRDA:617,106,0,0
BRDA:617,107,0,0
BRDA:617,107,1,0
BRDA:621,108,0,0
BRDA:629,109,0,0
BRDA:629,110,0,0
BRDA:629,110,1,0
BRDA:634,111,0,0
BRDA:634,112,0,0
BRDA:634,112,1,0
BRDA:643,113,0,0
BRDA:643,114,0,0
BRDA:643,114,1,0
BRDA:655,115,0,0
BRDA:655,115,1,0
BRDA:664,116,0,0
BRDA:664,116,1,0
BRDA:674,117,0,0
BRDA:674,118,0,0
BRDA:674,118,1,0
BRDA:677,119,0,0
BRDA:677,120,0,0
BRDA:677,120,1,0
BRDA:680,121,0,0
BRDA:680,122,0,0
BRDA:680,122,1,0
BRDA:683,123,0,0
BRDA:683,124,0,0
BRDA:683,124,1,0
BRDA:686,125,0,0
BRDA:686,126,0,0
BRDA:686,126,1,0
BRDA:690,127,0,0
BRDA:690,127,1,0
BRDA:694,128,0,0
BRDA:694,129,0,0
BRDA:694,129,1,0
BRDA:694,129,2,0
BRDA:719,130,0,0
BRDA:726,131,0,0
BRDA:737,132,0,0
BRDA:737,133,0,0
BRDA:737,133,1,0
BRDA:744,134,0,0
BRDA:751,135,0,0
BRDA:756,136,0,0
BRDA:762,137,0,0
BRDA:762,138,0,0
BRDA:762,138,1,0
BRF:215
BRH:0
end_of_record
TN:
SF:services\vehicleDataService.ts
FN:14,(anonymous_0)
FN:18,(anonymous_1)
FN:97,(anonymous_2)
FN:141,(anonymous_3)
FN:185,(anonymous_4)
FN:221,(anonymous_5)
FN:243,(anonymous_6)
FN:331,(anonymous_7)
FNF:8
FNH:0
FNDA:0,(anonymous_0)
FNDA:0,(anonymous_1)
FNDA:0,(anonymous_2)
FNDA:0,(anonymous_3)
FNDA:0,(anonymous_4)
FNDA:0,(anonymous_5)
FNDA:0,(anonymous_6)
FNDA:0,(anonymous_7)
DA:7,0
DA:8,0
DA:14,0
DA:16,0
DA:17,0
DA:20,0
DA:21,0
DA:22,0
DA:23,0
DA:24,0
DA:25,0
DA:26,0
DA:27,0
DA:28,0
DA:29,0
DA:31,0
DA:35,0
DA:38,0
DA:42,0
DA:43,0
DA:44,0
DA:45,0
DA:46,0
DA:47,0
DA:48,0
DA:49,0
DA:51,0
DA:54,0
DA:57,0
DA:61,0
DA:66,0
DA:68,0
DA:69,0
DA:70,0
DA:71,0
DA:72,0
DA:77,0
DA:78,0
DA:79,0
DA:80,0
DA:81,0
DA:84,0
DA:89,0
DA:90,0
DA:91,0
DA:97,0
DA:103,0
DA:104,0
DA:112,0
DA:113,0
DA:119,0
DA:120,0
DA:121,0
DA:127,0
DA:128,0
DA:130,0
DA:131,0
DA:141,0
DA:147,0
DA:148,0
DA:156,0
DA:157,0
DA:163,0
DA:164,0
DA:165,0
DA:171,0
DA:172,0
DA:174,0
DA:175,0
DA:185,0
DA:186,0
DA:187,0
DA:191,0
DA:192,0
DA:198,0
DA:199,0
DA:200,0
DA:206,0
DA:207,0
DA:209,0
DA:210,0
DA:221,0
DA:222,0
DA:223,0
DA:224,0
DA:225,0
DA:226,0
DA:229,0
DA:234,0
DA:235,0
DA:236,0
DA:243,0
DA:244,0
DA:247,0
DA:248,0
DA:250,0
DA:251,0
DA:254,0
DA:255,0
DA:264,0
DA:265,0
DA:266,0
DA:269,0
DA:270,0
DA:271,0
DA:272,0
DA:274,0
DA:279,0
DA:281,0
DA:282,0
DA:283,0
DA:286,0
DA:287,0
DA:291,0
DA:292,0
DA:301,0
DA:302,0
DA:303,0
DA:306,0
DA:307,0
DA:308,0
DA:309,0
DA:311,0
DA:316,0
DA:318,0
DA:319,0
DA:320,0
DA:323,0
DA:324,0
DA:328,0
DA:329,0
DA:330,0
DA:331,0
DA:335,0
DA:336,0
DA:339,0
DA:340,0
DA:341,0
DA:342,0
DA:347,0
LF:140
LH:0
BRDA:22,0,0,0
BRDA:22,0,1,0
BRDA:24,1,0,0
BRDA:24,2,0,0
BRDA:24,2,1,0
BRDA:43,3,0,0
BRDA:43,3,1,0
BRDA:45,4,0,0
BRDA:45,4,1,0
BRDA:45,5,0,0
BRDA:45,5,1,0
BRDA:69,6,0,0
BRDA:69,6,1,0
BRDA:71,7,0,0
BRDA:71,8,0,0
BRDA:71,8,1,0
BRDA:77,9,0,0
BRDA:80,10,0,0
BRDA:112,11,0,0
BRDA:120,12,0,0
BRDA:120,13,0,0
BRDA:120,13,1,0
BRDA:133,14,0,0
BRDA:133,14,1,0
BRDA:156,15,0,0
BRDA:164,16,0,0
BRDA:164,17,0,0
BRDA:164,17,1,0
BRDA:177,18,0,0
BRDA:177,18,1,0
BRDA:191,19,0,0
BRDA:199,20,0,0
BRDA:199,21,0,0
BRDA:199,21,1,0
BRDA:212,22,0,0
BRDA:212,22,1,0
BRDA:222,23,0,0
BRDA:225,24,0,0
BRDA:264,25,0,0
BRDA:264,25,1,0
BRDA:269,26,0,0
BRDA:301,27,0,0
BRDA:301,27,1,0
BRDA:306,28,0,0
BRDA:328,29,0,0
BRDA:339,30,0,0
BRDA:340,31,0,0
BRDA:340,31,1,0
BRDA:341,32,0,0
BRDA:341,33,0,0
BRDA:341,33,1,0
BRF:51
BRH:0
end_of_record
TN:
SF:services\vehicleDataServiceOptimized.ts
FN:5,(anonymous_0)
FN:10,(anonymous_1)
FN:18,(anonymous_2)
FN:23,(anonymous_3)
FN:40,(anonymous_4)
FN:45,(anonymous_5)
FN:54,(anonymous_6)
FN:58,(anonymous_7)
FN:62,(anonymous_8)
FNF:9
FNH:0
FNDA:0,(anonymous_0)
FNDA:0,(anonymous_1)
FNDA:0,(anonymous_2)
FNDA:0,(anonymous_3)
FNDA:0,(anonymous_4)
FNDA:0,(anonymous_5)
FNDA:0,(anonymous_6)
FNDA:0,(anonymous_7)
FNDA:0,(anonymous_8)
DA:7,0
DA:8,0
DA:11,0
DA:12,0
DA:14,0
DA:19,0
DA:24,0
DA:25,0
DA:28,0
DA:29,0
DA:30,0
DA:31,0
DA:32,0
DA:34,0
DA:35,0
DA:41,0
DA:46,0
DA:47,0
DA:51,0
DA:54,0
DA:55,0
DA:58,0
DA:59,0
DA:62,0
DA:65,0
DA:66,0
DA:67,0
LF:27
LH:0
BRDA:11,0,0,0
BRDA:24,1,0,0
BRDA:24,2,0,0
BRDA:24,2,1,0
BRF:4
BRH:0
end_of_record
TN:
SF:services\vehicleService.ts
FN:45,(anonymous_0)
FN:73,(anonymous_1)
FN:118,(anonymous_2)
FN:156,(anonymous_3)
FN:184,(anonymous_4)
FN:190,(anonymous_5)
FN:195,(anonymous_6)
FN:201,(anonymous_7)
FN:215,(anonymous_8)
FN:253,(anonymous_9)
FN:288,(anonymous_10)
FN:301,(anonymous_11)
FN:314,(anonymous_12)
FN:330,(anonymous_13)
FN:344,(anonymous_14)
FN:421,(anonymous_15)
FN:447,(anonymous_16)
FN:463,(anonymous_17)
FNF:18
FNH:0
FNDA:0,(anonymous_0)
FNDA:0,(anonymous_1)
FNDA:0,(anonymous_2)
FNDA:0,(anonymous_3)
FNDA:0,(anonymous_4)
FNDA:0,(anonymous_5)
FNDA:0,(anonymous_6)
FNDA:0,(anonymous_7)
FNDA:0,(anonymous_8)
FNDA:0,(anonymous_9)
FNDA:0,(anonymous_10)
FNDA:0,(anonymous_11)
FNDA:0,(anonymous_12)
FNDA:0,(anonymous_13)
FNDA:0,(anonymous_14)
FNDA:0,(anonymous_15)
FNDA:0,(anonymous_16)
FNDA:0,(anonymous_17)
DA:7,0
DA:45,0
DA:46,0
DA:48,0
DA:49,0
DA:53,0
DA:54,0
DA:55,0
DA:58,0
DA:59,0
DA:60,0
DA:64,0
DA:66,0
DA:67,0
DA:69,0
DA:73,0
DA:74,0
DA:76,0
DA:77,0
DA:78,0
DA:81,0
DA:82,0
DA:83,0
DA:89,0
DA:93,0
DA:96,0
DA:97,0
DA:98,0
DA:99,0
DA:100,0
DA:101,0
DA:103,0
DA:106,0
DA:109,0
DA:110,0
DA:113,0
DA:118,0
DA:119,0
DA:120,0
DA:121,0
DA:124,0
DA:125,0
DA:127,0
DA:128,0
DA:129,0
DA:130,0
DA:133,0
DA:134,0
DA:135,0
DA:137,0
DA:138,0
DA:141,0
DA:142,0
DA:143,0
DA:145,0
DA:147,0
DA:148,0
DA:149,0
DA:152,0
DA:156,0
DA:157,0
DA:158,0
DA:159,0
DA:162,0
DA:163,0
DA:164,0
DA:165,0
DA:168,0
DA:169,0
DA:170,0
DA:171,0
DA:174,0
DA:175,0
DA:176,0
DA:178,0
DA:180,0
DA:184,0
DA:185,0
DA:186,0
DA:189,0
DA:190,0
DA:191,0
DA:192,0
DA:195,0
DA:196,0
DA:197,0
DA:200,0
DA:201,0
DA:202,0
DA:203,0
DA:215,0
DA:219,0
DA:220,0
DA:223,0
DA:225,0
DA:226,0
DA:229,0
DA:230,0
DA:231,0
DA:233,0
DA:234,0
DA:235,0
DA:238,0
DA:250,0
DA:253,0
DA:254,0
DA:256,0
DA:259,0
DA:261,0
DA:262,0
DA:267,0
DA:268,0
DA:269,0
DA:270,0
DA:272,0
DA:276,0
DA:277,0
DA:280,0
DA:281,0
DA:282,0
DA:285,0
DA:288,0
DA:289,0
DA:290,0
DA:294,0
DA:295,0
DA:296,0
DA:298,0
DA:301,0
DA:302,0
DA:303,0
DA:307,0
DA:308,0
DA:309,0
DA:311,0
DA:314,0
DA:315,0
DA:316,0
DA:320,0
DA:321,0
DA:322,0
DA:324,0
DA:330,0
DA:331,0
DA:332,0
DA:338,0
DA:344,0
DA:345,0
DA:346,0
DA:347,0
DA:350,0
DA:351,0
DA:352,0
DA:353,0
DA:354,0
DA:357,0
DA:358,0
DA:359,0
DA:363,0
DA:364,0
DA:365,0
DA:366,0
DA:368,0
DA:371,0
DA:373,0
DA:374,0
DA:377,0
DA:378,0
DA:379,0
DA:380,0
DA:381,0
DA:382,0
DA:383,0
DA:384,0
DA:388,0
DA:393,0
DA:394,0
DA:395,0
DA:396,0
DA:397,0
DA:398,0
DA:399,0
DA:403,0
DA:404,0
DA:407,0
DA:408,0
DA:411,0
DA:412,0
DA:413,0
DA:417,0
DA:418,0
DA:421,0
DA:422,0
DA:423,0
DA:424,0
DA:427,0
DA:428,0
DA:429,0
DA:430,0
DA:431,0
DA:432,0
DA:434,0
DA:436,0
DA:440,0
DA:441,0
DA:442,0
DA:443,0
DA:447,0
DA:449,0
DA:450,0
DA:451,0
DA:453,0
DA:455,0
DA:459,0
DA:463,0
DA:465,0
DA:466,0
DA:467,0
DA:469,0
DA:471,0
DA:475,0
LF:221
LH:0
BRDA:48,0,0,0
BRDA:48,1,0,0
BRDA:48,1,1,0
BRDA:53,2,0,0
BRDA:53,2,1,0
BRDA:53,3,0,0
BRDA:53,3,1,0
BRDA:54,4,0,0
BRDA:58,5,0,0
BRDA:58,5,1,0
BRDA:58,6,0,0
BRDA:58,6,1,0
BRDA:59,7,0,0
BRDA:66,8,0,0
BRDA:74,9,0,0
BRDA:76,10,0,0
BRDA:89,11,0,0
BRDA:89,11,1,0
BRDA:89,11,2,0
BRDA:89,11,3,0
BRDA:96,12,0,0
BRDA:96,12,1,0
BRDA:97,13,0,0
BRDA:100,14,0,0
BRDA:100,15,0,0
BRDA:100,15,1,0
BRDA:109,16,0,0
BRDA:120,17,0,0
BRDA:120,18,0,0
BRDA:120,18,1,0
BRDA:124,19,0,0
BRDA:128,20,0,0
BRDA:128,20,1,0
BRDA:129,21,0,0
BRDA:137,22,0,0
BRDA:142,23,0,0
BRDA:147,24,0,0
BRDA:158,25,0,0
BRDA:158,26,0,0
BRDA:158,26,1,0
BRDA:168,27,0,0
BRDA:168,28,0,0
BRDA:168,28,1,0
BRDA:169,29,0,0
BRDA:169,30,0,0
BRDA:169,30,1,0
BRDA:170,31,0,0
BRDA:185,32,0,0
BRDA:185,33,0,0
BRDA:185,33,1,0
BRDA:190,34,0,0
BRDA:190,34,1,0
BRDA:196,35,0,0
BRDA:196,36,0,0
BRDA:196,36,1,0
BRDA:216,37,0,0
BRDA:217,38,0,0
BRDA:225,39,0,0
BRDA:226,40,0,0
BRDA:226,40,1,0
BRDA:226,40,2,0
BRDA:229,41,0,0
BRDA:229,42,0,0
BRDA:229,42,1,0
BRDA:229,42,2,0
BRDA:230,43,0,0
BRDA:230,43,1,0
BRDA:231,44,0,0
BRDA:231,44,1,0
BRDA:234,45,0,0
BRDA:241,46,0,0
BRDA:241,46,1,0
BRDA:242,47,0,0
BRDA:242,47,1,0
BRDA:243,48,0,0
BRDA:243,48,1,0
BRDA:244,49,0,0
BRDA:244,49,1,0
BRDA:245,50,0,0
BRDA:245,50,1,0
BRDA:261,51,0,0
BRDA:262,52,0,0
BRDA:262,52,1,0
BRDA:262,52,2,0
BRDA:267,53,0,0
BRDA:267,53,1,0
BRDA:269,54,0,0
BRDA:269,54,1,0
BRDA:269,55,0,0
BRDA:269,55,1,0
BRDA:269,55,2,0
BRDA:270,56,0,0
BRDA:270,56,1,0
BRDA:276,57,0,0
BRDA:281,58,0,0
BRDA:295,59,0,0
BRDA:296,60,0,0
BRDA:296,60,1,0
BRDA:296,60,2,0
BRDA:308,61,0,0
BRDA:309,62,0,0
BRDA:309,62,1,0
BRDA:309,62,2,0
BRDA:321,63,0,0
BRDA:322,64,0,0
BRDA:322,64,1,0
BRDA:322,64,2,0
BRDA:332,65,0,0
BRDA:332,65,1,0
BRDA:332,65,2,0
BRDA:332,65,3,0
BRDA:332,65,4,0
BRDA:350,66,0,0
BRDA:350,66,1,0
BRDA:357,67,0,0
BRDA:363,68,0,0
BRDA:363,69,0,0
BRDA:363,69,1,0
BRDA:373,70,0,0
BRDA:373,70,1,0
BRDA:377,71,0,0
BRDA:377,72,0,0
BRDA:377,72,1,0
BRDA:380,73,0,0
BRDA:382,74,0,0
BRDA:382,75,0,0
BRDA:382,75,1,0
BRDA:407,76,0,0
BRDA:407,76,1,0
BRDA:411,77,0,0
BRDA:427,78,0,0
BRDA:427,78,1,0
BRDA:449,79,0,0
BRDA:449,79,1,0
BRDA:465,80,0,0
BRDA:465,80,1,0
BRF:136
BRH:0
end_of_record
