TN:
SF:api\ai.ts
FN:4,handler
FN:39,handleGemini
FNF:2
FNH:0
FNDA:0,handler
FNDA:0,handleGemini
DA:4,0
DA:9,0
DA:10,0
DA:11,0
DA:14,0
DA:16,0
DA:17,0
DA:20,0
DA:21,0
DA:22,0
DA:25,0
DA:26,0
DA:28,0
DA:32,0
DA:33,0
DA:34,0
DA:40,0
DA:41,0
DA:44,0
DA:45,0
DA:47,0
DA:48,0
DA:55,0
DA:69,0
DA:70,0
DA:71,0
DA:74,0
DA:75,0
DA:77,0
DA:84,0
DA:86,0
LF:31
LH:0
BRDA:16,0,0,0
BRDA:21,1,0,0
BRDA:21,1,1,0
BRDA:25,2,0,0
BRDA:25,2,1,0
BRDA:25,3,0,0
BRDA:25,3,1,0
BRDA:33,4,0,0
BRDA:33,4,1,0
BRDA:40,5,0,0
BRDA:47,6,0,0
BRDA:63,7,0,0
BRDA:63,7,1,0
BRDA:69,8,0,0
BRDA:71,9,0,0
BRDA:71,9,1,0
BRDA:75,10,0,0
BRDA:75,10,1,0
BRDA:89,11,0,0
BRDA:89,11,1,0
BRF:20
BRH:0
end_of_record
TN:
SF:api\business.ts
FN:5,handler
FN:43,handlePayments
FN:222,handlePlans
FNF:3
FNH:0
FNDA:0,handler
FNDA:0,handlePayments
FNDA:0,handlePlans
DA:2,0
DA:3,0
DA:5,0
DA:10,0
DA:11,0
DA:12,0
DA:13,0
DA:15,0
DA:16,0
DA:17,0
DA:20,0
DA:22,0
DA:24,0
DA:26,0
DA:28,0
DA:30,0
DA:36,0
DA:37,0
DA:38,0
DA:44,0
DA:45,0
DA:47,0
DA:49,0
DA:50,0
DA:51,0
DA:54,0
DA:55,0
DA:57,0
DA:58,0
DA:65,0
DA:75,0
DA:82,0
DA:90,0
DA:91,0
DA:92,0
DA:95,0
DA:96,0
DA:98,0
DA:99,0
DA:106,0
DA:113,0
DA:119,0
DA:127,0
DA:128,0
DA:129,0
DA:132,0
DA:133,0
DA:135,0
DA:136,0
DA:143,0
DA:150,0
DA:158,0
DA:159,0
DA:160,0
DA:163,0
DA:164,0
DA:166,0
DA:167,0
DA:174,0
DA:182,0
DA:191,0
DA:192,0
DA:194,0
DA:196,0
DA:202,0
DA:210,0
DA:212,0
DA:213,0
DA:223,0
DA:224,0
DA:227,0
DA:228,0
DA:232,0
DA:233,0
DA:234,0
DA:237,0
DA:238,0
DA:240,0
DA:244,0
DA:245,0
DA:246,0
DA:249,0
DA:250,0
DA:252,0
DA:256,0
DA:257,0
DA:258,0
DA:261,0
DA:262,0
DA:263,0
DA:266,0
DA:269,0
DA:272,0
DA:273,0
LF:94
LH:0
BRDA:15,0,0,0
BRDA:24,1,0,0
BRDA:24,1,1,0
BRDA:24,1,2,0
BRDA:37,2,0,0
BRDA:37,2,1,0
BRDA:49,3,0,0
BRDA:50,4,0,0
BRDA:57,5,0,0
BRDA:57,6,0,0
BRDA:57,6,1,0
BRDA:57,6,2,0
BRDA:85,7,0,0
BRDA:85,7,1,0
BRDA:90,8,0,0
BRDA:91,9,0,0
BRDA:98,10,0,0
BRDA:122,11,0,0
BRDA:122,11,1,0
BRDA:127,12,0,0
BRDA:128,13,0,0
BRDA:135,14,0,0
BRDA:153,15,0,0
BRDA:153,15,1,0
BRDA:158,16,0,0
BRDA:159,17,0,0
BRDA:166,18,0,0
BRDA:178,19,0,0
BRDA:178,19,1,0
BRDA:185,20,0,0
BRDA:185,20,1,0
BRDA:191,21,0,0
BRDA:205,22,0,0
BRDA:205,22,1,0
BRDA:216,23,0,0
BRDA:216,23,1,0
BRDA:224,24,0,0
BRDA:224,24,1,0
BRDA:224,24,2,0
BRDA:224,24,3,0
BRDA:224,24,4,0
BRDA:233,25,0,0
BRDA:233,26,0,0
BRDA:233,26,1,0
BRDA:245,27,0,0
BRDA:257,28,0,0
BRDA:257,29,0,0
BRDA:257,29,1,0
BRDA:262,30,0,0
BRDA:275,31,0,0
BRDA:275,31,1,0
BRF:51
BRH:0
end_of_record
TN:
SF:api\content.ts
FN:4,handler
FN:52,handleFAQs
FN:69,handleGetFAQs
FN:95,handleCreateFAQ
FN:125,handleUpdateFAQ
FN:163,handleDeleteFAQ
FN:198,handleSupportTickets
FN:215,handleGetSupportTickets
FN:245,handleCreateSupportTicket
FN:278,handleUpdateSupportTicket
FN:316,handleDeleteSupportTicket
FNF:11
FNH:0
FNDA:0,handler
FNDA:0,handleFAQs
FNDA:0,handleGetFAQs
FNDA:0,handleCreateFAQ
FNDA:0,handleUpdateFAQ
FNDA:0,handleDeleteFAQ
FNDA:0,handleSupportTickets
FNDA:0,handleGetSupportTickets
FNDA:0,handleCreateSupportTicket
FNDA:0,handleUpdateSupportTicket
FNDA:0,handleDeleteSupportTicket
DA:2,0
DA:4,0
DA:9,0
DA:10,0
DA:11,0
DA:13,0
DA:14,0
DA:17,0
DA:18,0
DA:19,0
DA:21,0
DA:22,0
DA:29,0
DA:31,0
DA:33,0
DA:35,0
DA:37,0
DA:43,0
DA:44,0
DA:53,0
DA:55,0
DA:57,0
DA:59,0
DA:61,0
DA:63,0
DA:65,0
DA:70,0
DA:71,0
DA:73,0
DA:75,0
DA:76,0
DA:79,0
DA:81,0
DA:87,0
DA:88,0
DA:96,0
DA:97,0
DA:99,0
DA:100,0
DA:106,0
DA:111,0
DA:117,0
DA:118,0
DA:126,0
DA:127,0
DA:128,0
DA:130,0
DA:131,0
DA:137,0
DA:142,0
DA:143,0
DA:149,0
DA:155,0
DA:156,0
DA:164,0
DA:165,0
DA:167,0
DA:168,0
DA:174,0
DA:176,0
DA:177,0
DA:183,0
DA:189,0
DA:190,0
DA:199,0
DA:201,0
DA:203,0
DA:205,0
DA:207,0
DA:209,0
DA:211,0
DA:216,0
DA:217,0
DA:219,0
DA:221,0
DA:222,0
DA:225,0
DA:226,0
DA:229,0
DA:231,0
DA:237,0
DA:238,0
DA:246,0
DA:247,0
DA:249,0
DA:250,0
DA:256,0
DA:264,0
DA:270,0
DA:271,0
DA:279,0
DA:280,0
DA:281,0
DA:283,0
DA:284,0
DA:290,0
DA:295,0
DA:296,0
DA:302,0
DA:308,0
DA:309,0
DA:317,0
DA:318,0
DA:320,0
DA:321,0
DA:327,0
DA:329,0
DA:330,0
DA:336,0
DA:342,0
DA:343,0
LF:111
LH:0
BRDA:13,0,0,0
BRDA:21,1,0,0
BRDA:31,2,0,0
BRDA:31,2,1,0
BRDA:31,2,2,0
BRDA:46,3,0,0
BRDA:46,3,1,0
BRDA:55,4,0,0
BRDA:55,4,1,0
BRDA:55,4,2,0
BRDA:55,4,3,0
BRDA:55,4,4,0
BRDA:75,5,0,0
BRDA:75,6,0,0
BRDA:75,6,1,0
BRDA:99,7,0,0
BRDA:99,8,0,0
BRDA:99,8,1,0
BRDA:99,8,2,0
BRDA:130,9,0,0
BRDA:142,10,0,0
BRDA:167,11,0,0
BRDA:176,12,0,0
BRDA:201,13,0,0
BRDA:201,13,1,0
BRDA:201,13,2,0
BRDA:201,13,3,0
BRDA:201,13,4,0
BRDA:221,14,0,0
BRDA:225,15,0,0
BRDA:249,16,0,0
BRDA:249,17,0,0
BRDA:249,17,1,0
BRDA:249,17,2,0
BRDA:249,17,3,0
BRDA:283,18,0,0
BRDA:295,19,0,0
BRDA:320,20,0,0
BRDA:329,21,0,0
BRF:39
BRH:0
end_of_record
TN:
SF:api\main.ts
FN:19,calculateDistance
FN:52,(anonymous_2)
FN:70,handler
FN:76,(anonymous_4)
FN:179,handleUsers
FN:422,handleVehicles
FN:540,(anonymous_7)
FN:549,(anonymous_8)
FN:652,handleAdmin
FN:677,(anonymous_10)
FN:715,handleHealth
FN:744,handleSeed
FN:770,handleVehicleData
FN:814,calculateTrustScore
FN:825,getPopularMakes
FN:827,(anonymous_16)
FN:832,(anonymous_17)
FN:834,(anonymous_18)
FN:837,getPriceRange
FN:840,(anonymous_20)
FN:847,seedUsers
FN:895,seedVehicles
FNF:22
FNH:0
FNDA:0,calculateDistance
FNDA:0,(anonymous_2)
FNDA:0,handler
FNDA:0,(anonymous_4)
FNDA:0,handleUsers
FNDA:0,handleVehicles
FNDA:0,(anonymous_7)
FNDA:0,(anonymous_8)
FNDA:0,handleAdmin
FNDA:0,(anonymous_10)
FNDA:0,handleHealth
FNDA:0,handleSeed
FNDA:0,handleVehicleData
FNDA:0,calculateTrustScore
FNDA:0,getPopularMakes
FNDA:0,(anonymous_16)
FNDA:0,(anonymous_17)
FNDA:0,(anonymous_18)
FNDA:0,getPriceRange
FNDA:0,(anonymous_20)
FNDA:0,seedUsers
FNDA:0,seedVehicles
DA:2,0
DA:3,0
DA:4,0
DA:5,0
DA:6,0
DA:16,0
DA:20,0
DA:21,0
DA:22,0
DA:24,0
DA:27,0
DA:28,0
DA:49,0
DA:50,0
DA:52,0
DA:53,0
DA:54,0
DA:55,0
DA:57,0
DA:58,0
DA:59,0
DA:62,0
DA:63,0
DA:66,0
DA:67,0
DA:70,0
DA:75,0
DA:76,0
DA:77,0
DA:81,0
DA:82,0
DA:83,0
DA:85,0
DA:88,0
DA:89,0
DA:90,0
DA:91,0
DA:94,0
DA:96,0
DA:97,0
DA:101,0
DA:102,0
DA:104,0
DA:105,0
DA:112,0
DA:114,0
DA:116,0
DA:117,0
DA:119,0
DA:121,0
DA:130,0
DA:131,0
DA:134,0
DA:135,0
DA:136,0
DA:137,0
DA:138,0
DA:139,0
DA:140,0
DA:141,0
DA:142,0
DA:143,0
DA:144,0
DA:145,0
DA:148,0
DA:152,0
DA:155,0
DA:157,0
DA:158,0
DA:165,0
DA:166,0
DA:173,0
DA:174,0
DA:181,0
DA:182,0
DA:185,0
DA:186,0
DA:187,0
DA:191,0
DA:194,0
DA:195,0
DA:198,0
DA:200,0
DA:201,0
DA:205,0
DA:206,0
DA:207,0
DA:210,0
DA:211,0
DA:213,0
DA:214,0
DA:218,0
DA:219,0
DA:221,0
DA:222,0
DA:231,0
DA:232,0
DA:233,0
DA:237,0
DA:238,0
DA:240,0
DA:241,0
DA:248,0
DA:249,0
DA:250,0
DA:254,0
DA:257,0
DA:259,0
DA:273,0
DA:276,0
DA:277,0
DA:279,0
DA:280,0
DA:289,0
DA:290,0
DA:291,0
DA:295,0
DA:297,0
DA:298,0
DA:299,0
DA:313,0
DA:317,0
DA:318,0
DA:320,0
DA:321,0
DA:330,0
DA:331,0
DA:333,0
DA:334,0
DA:337,0
DA:338,0
DA:348,0
DA:353,0
DA:357,0
DA:361,0
DA:362,0
DA:364,0
DA:365,0
DA:366,0
DA:367,0
DA:370,0
DA:371,0
DA:379,0
DA:380,0
DA:384,0
DA:385,0
DA:386,0
DA:387,0
DA:390,0
DA:396,0
DA:397,0
DA:400,0
DA:404,0
DA:405,0
DA:406,0
DA:407,0
DA:410,0
DA:411,0
DA:412,0
DA:415,0
DA:418,0
DA:424,0
DA:427,0
DA:429,0
DA:472,0
DA:473,0
DA:474,0
DA:475,0
DA:477,0
DA:478,0
DA:480,0
DA:481,0
DA:484,0
DA:486,0
DA:488,0
DA:492,0
DA:493,0
DA:494,0
DA:495,0
DA:497,0
DA:510,0
DA:511,0
DA:518,0
DA:522,0
DA:523,0
DA:535,0
DA:536,0
DA:537,0
DA:538,0
DA:540,0
DA:544,0
DA:547,0
DA:548,0
DA:549,0
DA:550,0
DA:551,0
DA:557,0
DA:559,0
DA:563,0
DA:564,0
DA:567,0
DA:568,0
DA:569,0
DA:570,0
DA:572,0
DA:573,0
DA:576,0
DA:577,0
DA:580,0
DA:581,0
DA:582,0
DA:583,0
DA:584,0
DA:587,0
DA:588,0
DA:591,0
DA:592,0
DA:593,0
DA:595,0
DA:596,0
DA:599,0
DA:600,0
DA:601,0
DA:605,0
DA:611,0
DA:612,0
DA:615,0
DA:616,0
DA:617,0
DA:618,0
DA:621,0
DA:627,0
DA:628,0
DA:631,0
DA:634,0
DA:635,0
DA:636,0
DA:637,0
DA:640,0
DA:641,0
DA:642,0
DA:645,0
DA:648,0
DA:653,0
DA:655,0
DA:656,0
DA:657,0
DA:659,0
DA:660,0
DA:670,0
DA:671,0
DA:672,0
DA:674,0
DA:677,0
DA:684,0
DA:692,0
DA:693,0
DA:694,0
DA:695,0
DA:697,0
DA:703,0
DA:711,0
DA:716,0
DA:717,0
DA:718,0
DA:724,0
DA:726,0
DA:727,0
DA:728,0
DA:729,0
DA:730,0
DA:734,0
DA:745,0
DA:746,0
DA:749,0
DA:750,0
DA:752,0
DA:753,0
DA:755,0
DA:761,0
DA:771,0
DA:772,0
DA:773,0
DA:774,0
DA:794,0
DA:795,0
DA:798,0
DA:801,0
DA:802,0
DA:807,0
DA:810,0
DA:815,0
DA:817,0
DA:818,0
DA:819,0
DA:820,0
DA:822,0
DA:826,0
DA:827,0
DA:828,0
DA:831,0
DA:832,0
DA:834,0
DA:838,0
DA:840,0
DA:841,0
DA:848,0
DA:890,0
DA:891,0
DA:892,0
DA:896,0
DA:927,0
DA:928,0
DA:929,0
LF:314
LH:0
BRDA:57,0,0,0
BRDA:57,1,0,0
BRDA:57,1,1,0
BRDA:62,2,0,0
BRDA:82,3,0,0
BRDA:82,3,1,0
BRDA:96,4,0,0
BRDA:101,5,0,0
BRDA:101,5,1,0
BRDA:101,5,2,0
BRDA:104,6,0,0
BRDA:125,7,0,0
BRDA:125,7,1,0
BRDA:130,8,0,0
BRDA:130,8,1,0
BRDA:134,9,0,0
BRDA:134,9,1,0
BRDA:134,10,0,0
BRDA:134,10,1,0
BRDA:136,11,0,0
BRDA:136,11,1,0
BRDA:136,12,0,0
BRDA:136,12,1,0
BRDA:138,13,0,0
BRDA:138,13,1,0
BRDA:138,14,0,0
BRDA:138,14,1,0
BRDA:140,15,0,0
BRDA:140,15,1,0
BRDA:140,16,0,0
BRDA:140,16,1,0
BRDA:142,17,0,0
BRDA:142,17,1,0
BRDA:142,18,0,0
BRDA:142,18,1,0
BRDA:144,19,0,0
BRDA:144,19,1,0
BRDA:144,20,0,0
BRDA:144,20,1,0
BRDA:157,21,0,0
BRDA:157,22,0,0
BRDA:157,22,1,0
BRDA:165,23,0,0
BRDA:165,24,0,0
BRDA:165,24,1,0
BRDA:165,24,2,0
BRDA:173,25,0,0
BRDA:173,25,1,0
BRDA:181,26,0,0
BRDA:185,27,0,0
BRDA:186,28,0,0
BRDA:186,29,0,0
BRDA:186,29,1,0
BRDA:194,30,0,0
BRDA:200,31,0,0
BRDA:206,32,0,0
BRDA:210,33,0,0
BRDA:210,34,0,0
BRDA:210,34,1,0
BRDA:213,35,0,0
BRDA:231,36,0,0
BRDA:232,37,0,0
BRDA:232,38,0,0
BRDA:232,38,1,0
BRDA:232,38,2,0
BRDA:232,38,3,0
BRDA:232,38,4,0
BRDA:240,39,0,0
BRDA:249,40,0,0
BRDA:289,41,0,0
BRDA:290,42,0,0
BRDA:290,43,0,0
BRDA:290,43,1,0
BRDA:290,43,2,0
BRDA:290,43,3,0
BRDA:298,44,0,0
BRDA:330,45,0,0
BRDA:333,46,0,0
BRDA:361,47,0,0
BRDA:364,48,0,0
BRDA:364,49,0,0
BRDA:364,49,1,0
BRDA:366,50,0,0
BRDA:384,51,0,0
BRDA:386,52,0,0
BRDA:396,53,0,0
BRDA:404,54,0,0
BRDA:406,55,0,0
BRDA:411,56,0,0
BRDA:427,57,0,0
BRDA:472,58,0,0
BRDA:478,59,0,0
BRDA:492,60,0,0
BRDA:535,61,0,0
BRDA:536,62,0,0
BRDA:536,63,0,0
BRDA:536,63,1,0
BRDA:540,64,0,0
BRDA:540,64,1,0
BRDA:547,65,0,0
BRDA:547,66,0,0
BRDA:547,66,1,0
BRDA:547,66,2,0
BRDA:547,66,3,0
BRDA:550,67,0,0
BRDA:550,68,0,0
BRDA:550,68,1,0
BRDA:567,69,0,0
BRDA:568,70,0,0
BRDA:572,71,0,0
BRDA:576,72,0,0
BRDA:580,73,0,0
BRDA:580,73,1,0
BRDA:583,74,0,0
BRDA:591,75,0,0
BRDA:595,76,0,0
BRDA:615,77,0,0
BRDA:617,78,0,0
BRDA:627,79,0,0
BRDA:634,80,0,0
BRDA:636,81,0,0
BRDA:641,82,0,0
BRDA:655,83,0,0
BRDA:659,84,0,0
BRDA:672,85,0,0
BRDA:672,85,1,0
BRDA:687,86,0,0
BRDA:687,86,1,0
BRDA:692,87,0,0
BRDA:706,88,0,0
BRDA:706,88,1,0
BRDA:726,89,0,0
BRDA:727,90,0,0
BRDA:727,90,1,0
BRDA:729,91,0,0
BRDA:729,92,0,0
BRDA:729,92,1,0
BRDA:737,93,0,0
BRDA:737,93,1,0
BRDA:745,94,0,0
BRDA:764,95,0,0
BRDA:764,95,1,0
BRDA:771,96,0,0
BRDA:773,97,0,0
BRDA:801,98,0,0
BRDA:817,99,0,0
BRDA:818,100,0,0
BRDA:819,101,0,0
BRDA:820,102,0,0
BRDA:828,103,0,0
BRDA:828,103,1,0
BRDA:838,104,0,0
BRF:152
BRH:0
end_of_record
TN:
SF:api\payments.ts
FN:5,handler
FN:37,handlePaymentRequests
FNF:2
FNH:0
FNDA:0,handler
FNDA:0,handlePaymentRequests
DA:5,0
DA:10,0
DA:11,0
DA:12,0
DA:14,0
DA:15,0
DA:18,0
DA:19,0
DA:20,0
DA:23,0
DA:24,0
DA:26,0
DA:30,0
DA:31,0
DA:32,0
DA:40,0
DA:42,0
DA:43,0
DA:44,0
DA:47,0
DA:48,0
DA:50,0
DA:51,0
DA:58,0
DA:68,0
DA:75,0
DA:83,0
DA:84,0
DA:85,0
DA:88,0
DA:89,0
DA:91,0
DA:92,0
DA:99,0
DA:106,0
DA:112,0
DA:120,0
DA:121,0
DA:122,0
DA:125,0
DA:126,0
DA:128,0
DA:129,0
DA:136,0
DA:143,0
DA:151,0
DA:152,0
DA:153,0
DA:156,0
DA:157,0
DA:159,0
DA:160,0
DA:167,0
DA:175,0
DA:184,0
DA:185,0
DA:187,0
DA:189,0
DA:195,0
DA:203,0
LF:60
LH:0
BRDA:14,0,0,0
BRDA:19,1,0,0
BRDA:19,1,1,0
BRDA:23,2,0,0
BRDA:23,2,1,0
BRDA:23,3,0,0
BRDA:23,3,1,0
BRDA:31,4,0,0
BRDA:31,4,1,0
BRDA:42,5,0,0
BRDA:43,6,0,0
BRDA:50,7,0,0
BRDA:50,8,0,0
BRDA:50,8,1,0
BRDA:50,8,2,0
BRDA:78,9,0,0
BRDA:78,9,1,0
BRDA:83,10,0,0
BRDA:84,11,0,0
BRDA:91,12,0,0
BRDA:115,13,0,0
BRDA:115,13,1,0
BRDA:120,14,0,0
BRDA:121,15,0,0
BRDA:128,16,0,0
BRDA:146,17,0,0
BRDA:146,17,1,0
BRDA:151,18,0,0
BRDA:152,19,0,0
BRDA:159,20,0,0
BRDA:171,21,0,0
BRDA:171,21,1,0
BRDA:178,22,0,0
BRDA:178,22,1,0
BRDA:184,23,0,0
BRDA:198,24,0,0
BRDA:198,24,1,0
BRF:37
BRH:0
end_of_record
TN:
SF:api\plans.ts
FN:4,handler
FNF:1
FNH:0
FNDA:0,handler
DA:2,0
DA:4,0
DA:9,0
DA:10,0
DA:11,0
DA:12,0
DA:14,0
DA:15,0
DA:16,0
DA:19,0
DA:20,0
DA:23,0
DA:24,0
DA:28,0
DA:29,0
DA:30,0
DA:33,0
DA:34,0
DA:36,0
DA:40,0
DA:41,0
DA:42,0
DA:45,0
DA:46,0
DA:48,0
DA:52,0
DA:53,0
DA:54,0
DA:57,0
DA:58,0
DA:59,0
DA:62,0
DA:65,0
DA:68,0
DA:69,0
LF:35
LH:0
BRDA:14,0,0,0
BRDA:20,1,0,0
BRDA:20,1,1,0
BRDA:20,1,2,0
BRDA:20,1,3,0
BRDA:20,1,4,0
BRDA:29,2,0,0
BRDA:29,3,0,0
BRDA:29,3,1,0
BRDA:41,4,0,0
BRDA:53,5,0,0
BRDA:53,6,0,0
BRDA:53,6,1,0
BRDA:58,7,0,0
BRDA:71,8,0,0
BRDA:71,8,1,0
BRF:16
BRH:0
end_of_record
TN:
SF:api\sell-car.ts
FN:26,(anonymous_0)
FN:31,(anonymous_1)
FN:73,(anonymous_2)
FN:103,(anonymous_3)
FN:133,(anonymous_4)
FNF:5
FNH:0
FNDA:0,(anonymous_0)
FNDA:0,(anonymous_1)
FNDA:0,(anonymous_2)
FNDA:0,(anonymous_3)
FNDA:0,(anonymous_4)
DA:24,0
DA:28,0
DA:32,0
DA:33,0
DA:45,0
DA:47,0
DA:48,0
DA:51,0
DA:53,0
DA:56,0
DA:57,0
DA:58,0
DA:65,0
DA:79,0
DA:80,0
DA:81,0
DA:82,0
DA:83,0
DA:84,0
DA:86,0
DA:87,0
DA:89,0
DA:90,0
DA:93,0
DA:95,0
DA:96,0
DA:108,0
DA:109,0
DA:117,0
DA:119,0
DA:120,0
DA:123,0
DA:125,0
DA:126,0
DA:134,0
DA:135,0
DA:139,0
DA:141,0
DA:142,0
DA:145,0
DA:147,0
DA:148,0
DA:157,0
LF:43
LH:0
BRDA:47,0,0,0
BRDA:48,1,0,0
BRDA:48,1,1,0
BRDA:56,2,0,0
BRDA:56,3,0,0
BRDA:56,3,1,0
BRDA:68,4,0,0
BRDA:68,4,1,0
BRDA:73,5,0,0
BRDA:81,6,0,0
BRDA:82,7,0,0
BRDA:83,8,0,0
BRDA:84,9,0,0
BRDA:89,10,0,0
BRDA:90,11,0,0
BRDA:90,11,1,0
BRDA:98,12,0,0
BRDA:98,12,1,0
BRDA:119,13,0,0
BRDA:120,14,0,0
BRDA:120,14,1,0
BRDA:128,15,0,0
BRDA:128,15,1,0
BRDA:141,16,0,0
BRDA:142,17,0,0
BRDA:142,17,1,0
BRDA:150,18,0,0
BRDA:150,18,1,0
BRF:28
BRH:0
end_of_record
TN:
SF:api\system.ts
FN:5,handler
FN:41,handleHealth
FN:114,(anonymous_3)
FN:198,handleTestConnection
FNF:4
FNH:0
FNDA:0,handler
FNDA:0,handleHealth
FNDA:0,(anonymous_3)
FNDA:0,handleTestConnection
DA:2,0
DA:3,0
DA:5,0
DA:10,0
DA:11,0
DA:12,0
DA:14,0
DA:15,0
DA:18,0
DA:20,0
DA:22,0
DA:24,0
DA:26,0
DA:28,0
DA:34,0
DA:35,0
DA:36,0
DA:42,0
DA:43,0
DA:49,0
DA:50,0
DA:53,0
DA:54,0
DA:55,0
DA:73,0
DA:74,0
DA:77,0
DA:80,0
DA:81,0
DA:84,0
DA:93,0
DA:94,0
DA:95,0
DA:98,0
DA:99,0
DA:102,0
DA:104,0
DA:105,0
DA:113,0
DA:114,0
DA:116,0
DA:118,0
DA:159,0
DA:161,0
DA:162,0
DA:164,0
DA:165,0
DA:167,0
DA:168,0
DA:169,0
DA:170,0
DA:171,0
DA:172,0
DA:173,0
DA:174,0
DA:178,0
DA:199,0
DA:200,0
DA:202,0
DA:204,0
DA:215,0
DA:217,0
LF:62
LH:0
BRDA:14,0,0,0
BRDA:22,1,0,0
BRDA:22,1,1,0
BRDA:22,1,2,0
BRDA:35,2,0,0
BRDA:35,2,1,0
BRDA:42,3,0,0
BRDA:54,4,0,0
BRDA:104,5,0,0
BRDA:164,6,0,0
BRDA:167,7,0,0
BRDA:167,7,1,0
BRDA:169,8,0,0
BRDA:169,8,1,0
BRDA:169,9,0,0
BRDA:169,9,1,0
BRDA:171,10,0,0
BRDA:171,10,1,0
BRDA:173,11,0,0
BRDA:183,12,0,0
BRDA:183,12,1,0
BRDA:220,13,0,0
BRDA:220,13,1,0
BRF:23
BRH:0
end_of_record
TN:
SF:api\utils.ts
FN:5,handler
FN:37,handleTestConnection
FNF:2
FNH:0
FNDA:0,handler
FNDA:0,handleTestConnection
DA:2,0
DA:5,0
DA:10,0
DA:11,0
DA:12,0
DA:14,0
DA:15,0
DA:18,0
DA:19,0
DA:20,0
DA:23,0
DA:24,0
DA:26,0
DA:30,0
DA:31,0
DA:32,0
DA:38,0
DA:39,0
DA:41,0
DA:43,0
DA:54,0
DA:56,0
LF:22
LH:0
BRDA:14,0,0,0
BRDA:19,1,0,0
BRDA:19,1,1,0
BRDA:23,2,0,0
BRDA:23,2,1,0
BRDA:23,3,0,0
BRDA:23,3,1,0
BRDA:31,4,0,0
BRDA:31,4,1,0
BRDA:59,5,0,0
BRDA:59,5,1,0
BRF:11
BRH:0
end_of_record
TN:
SF:api\vehicle-data.ts
FN:6,handler
FN:276,validateVehicleData
FNF:2
FNH:0
FNDA:0,handler
FNDA:0,validateVehicleData
DA:2,0
DA:3,0
DA:6,0
DA:11,0
DA:12,0
DA:13,0
DA:16,0
DA:18,0
DA:19,0
DA:22,0
DA:24,0
DA:26,0
DA:69,0
DA:70,0
DA:73,0
DA:74,0
DA:75,0
DA:78,0
DA:80,0
DA:81,0
DA:82,0
DA:83,0
DA:84,0
DA:87,0
DA:88,0
DA:91,0
DA:93,0
DA:97,0
DA:98,0
DA:100,0
DA:102,0
DA:103,0
DA:110,0
DA:111,0
DA:118,0
DA:119,0
DA:120,0
DA:123,0
DA:136,0
DA:137,0
DA:145,0
DA:149,0
DA:150,0
DA:160,0
DA:161,0
DA:163,0
DA:165,0
DA:166,0
DA:173,0
DA:174,0
DA:181,0
DA:182,0
DA:183,0
DA:186,0
DA:195,0
DA:196,0
DA:202,0
DA:203,0
DA:211,0
DA:212,0
DA:221,0
DA:222,0
DA:225,0
DA:226,0
DA:227,0
DA:229,0
DA:231,0
DA:232,0
DA:238,0
DA:239,0
DA:246,0
DA:247,0
DA:256,0
DA:262,0
DA:264,0
DA:266,0
DA:277,0
DA:278,0
DA:282,0
DA:283,0
DA:284,0
DA:288,0
DA:289,0
DA:290,0
DA:294,0
DA:295,0
DA:296,0
DA:300,0
DA:301,0
DA:302,0
DA:308,0
LF:91
LH:0
BRDA:18,0,0,0
BRDA:69,1,0,0
BRDA:80,2,0,0
BRDA:97,3,0,0
BRDA:102,4,0,0
BRDA:102,5,0,0
BRDA:102,5,1,0
BRDA:110,6,0,0
BRDA:160,7,0,0
BRDA:165,8,0,0
BRDA:165,9,0,0
BRDA:165,9,1,0
BRDA:173,10,0,0
BRDA:195,11,0,0
BRDA:221,12,0,0
BRDA:231,13,0,0
BRDA:264,14,0,0
BRDA:264,14,1,0
BRDA:277,15,0,0
BRDA:277,16,0,0
BRDA:277,16,1,0
BRDA:283,17,0,0
BRDA:289,18,0,0
BRDA:295,19,0,0
BRDA:295,20,0,0
BRDA:295,20,1,0
BRDA:301,21,0,0
BRDA:301,22,0,0
BRDA:301,22,1,0
BRF:29
BRH:0
end_of_record
TN:
SF:api\sell-car\index.ts
FN:32,connectToDatabase
FN:52,handler
FNF:2
FNH:0
FNDA:0,connectToDatabase
FNDA:0,handler
DA:5,0
DA:7,0
DA:8,0
DA:29,0
DA:30,0
DA:33,0
DA:34,0
DA:37,0
DA:38,0
DA:39,0
DA:40,0
DA:42,0
DA:43,0
DA:45,0
DA:47,0
DA:48,0
DA:52,0
DA:54,0
DA:55,0
DA:56,0
DA:57,0
DA:59,0
DA:60,0
DA:61,0
DA:64,0
DA:66,0
DA:67,0
DA:68,0
DA:70,0
DA:73,0
DA:80,0
DA:86,0
DA:87,0
DA:88,0
DA:95,0
DA:99,0
DA:100,0
DA:105,0
DA:107,0
DA:112,0
DA:116,0
DA:117,0
DA:118,0
DA:119,0
DA:121,0
DA:123,0
DA:124,0
DA:127,0
DA:128,0
DA:136,0
DA:143,0
DA:145,0
DA:155,0
DA:159,0
DA:161,0
DA:162,0
DA:165,0
DA:166,0
DA:167,0
DA:168,0
DA:169,0
DA:171,0
DA:176,0
DA:177,0
DA:180,0
DA:184,0
DA:188,0
DA:190,0
DA:191,0
DA:194,0
DA:196,0
DA:197,0
DA:200,0
DA:204,0
DA:207,0
DA:208,0
DA:211,0
DA:212,0
LF:78
LH:0
BRDA:7,0,0,0
BRDA:7,0,1,0
BRDA:8,1,0,0
BRDA:8,1,1,0
BRDA:33,2,0,0
BRDA:33,3,0,0
BRDA:33,3,1,0
BRDA:59,4,0,0
BRDA:70,5,0,0
BRDA:70,5,1,0
BRDA:70,5,2,0
BRDA:70,5,3,0
BRDA:70,5,4,0
BRDA:87,6,0,0
BRDA:99,7,0,0
BRDA:116,8,0,0
BRDA:116,9,0,0
BRDA:123,10,0,0
BRDA:127,11,0,0
BRDA:161,12,0,0
BRDA:166,13,0,0
BRDA:167,14,0,0
BRDA:168,15,0,0
BRDA:176,16,0,0
BRDA:190,17,0,0
BRDA:196,18,0,0
BRDA:214,19,0,0
BRDA:214,19,1,0
BRF:28
BRH:0
end_of_record
TN:
SF:components\AdminPanel.tsx
FN:21,(anonymous_10)
FN:30,(anonymous_11)
FN:33,(anonymous_12)
FN:39,(anonymous_13)
FN:41,(anonymous_14)
FN:45,(anonymous_15)
FN:46,(anonymous_16)
FN:54,(anonymous_17)
FN:60,(anonymous_18)
FN:81,(anonymous_19)
FN:83,(anonymous_20)
FN:88,(anonymous_21)
FN:99,(anonymous_22)
FN:102,(anonymous_23)
FN:173,(anonymous_24)
FN:183,(anonymous_25)
FN:200,(anonymous_26)
FN:206,(anonymous_27)
FN:216,(anonymous_28)
FN:217,(anonymous_29)
FN:222,(anonymous_30)
FN:247,(anonymous_31)
FN:250,(anonymous_32)
FN:253,(anonymous_33)
FN:254,(anonymous_34)
FN:255,(anonymous_35)
FN:289,(anonymous_36)
FN:290,(anonymous_37)
FN:309,(anonymous_38)
FN:320,(anonymous_39)
FN:323,(anonymous_40)
FN:326,(anonymous_41)
FN:339,(anonymous_42)
FN:340,(anonymous_43)
FN:340,(anonymous_44)
FN:357,(anonymous_45)
FN:377,(anonymous_46)
FN:391,(anonymous_47)
FN:398,(anonymous_48)
FN:401,(anonymous_49)
FN:404,(anonymous_50)
FN:406,(anonymous_51)
FN:409,(anonymous_52)
FN:436,(anonymous_53)
FN:438,(anonymous_54)
FN:443,(anonymous_55)
FN:444,(anonymous_56)
FN:444,(anonymous_57)
FN:447,(anonymous_58)
FN:464,(anonymous_59)
FN:586,(anonymous_60)
FN:587,(anonymous_61)
FN:596,(anonymous_62)
FN:601,(anonymous_63)
FN:653,(anonymous_64)
FN:659,(anonymous_65)
FN:666,(anonymous_66)
FN:669,(anonymous_67)
FN:672,(anonymous_68)
FN:699,(anonymous_69)
FN:701,(anonymous_70)
FN:706,(anonymous_71)
FN:707,(anonymous_72)
FN:707,(anonymous_73)
FN:710,(anonymous_74)
FN:727,(anonymous_75)
FN:834,(anonymous_76)
FN:834,(anonymous_77)
FN:849,(anonymous_78)
FN:850,(anonymous_79)
FN:859,(anonymous_80)
FN:864,(anonymous_81)
FN:912,(anonymous_82)
FN:940,(anonymous_83)
FN:941,(anonymous_84)
FN:945,(anonymous_85)
FN:953,(anonymous_86)
FN:961,(anonymous_87)
FN:962,(anonymous_88)
FN:964,(anonymous_89)
FN:965,(anonymous_90)
FN:966,(anonymous_91)
FN:968,(anonymous_92)
FN:970,(anonymous_93)
FN:983,(anonymous_94)
FN:985,(anonymous_95)
FN:989,(anonymous_96)
FN:994,(anonymous_97)
FN:999,(anonymous_98)
FN:1000,(anonymous_99)
FN:1010,(anonymous_100)
FN:1013,(anonymous_101)
FN:1023,(anonymous_102)
FN:1025,(anonymous_103)
FN:1029,(anonymous_104)
FN:1031,(anonymous_105)
FN:1034,(anonymous_106)
FN:1042,(anonymous_107)
FN:1046,(anonymous_108)
FN:1051,(anonymous_109)
FN:1086,(anonymous_110)
FN:1092,(anonymous_111)
FN:1098,(anonymous_112)
FN:1104,(anonymous_113)
FN:1111,(anonymous_114)
FN:1139,(anonymous_115)
FN:1162,(anonymous_116)
FN:1172,(anonymous_117)
FN:1177,(anonymous_118)
FN:1190,(anonymous_119)
FN:1194,(anonymous_120)
FN:1220,(anonymous_121)
FN:1226,(anonymous_122)
FN:1236,(anonymous_123)
FN:1263,(anonymous_124)
FN:1279,(anonymous_125)
FN:1289,(anonymous_126)
FN:1294,(anonymous_127)
FN:1307,(anonymous_128)
FN:1311,(anonymous_129)
FN:1331,(anonymous_130)
FN:1341,(anonymous_131)
FN:1355,(anonymous_132)
FN:1361,(anonymous_133)
FN:1362,(anonymous_134)
FN:1372,(anonymous_135)
FN:1402,(anonymous_136)
FN:1405,(anonymous_137)
FN:1406,(anonymous_138)
FN:1408,(anonymous_139)
FN:1419,(anonymous_140)
FN:1430,(anonymous_141)
FN:1440,(anonymous_142)
FN:1450,(anonymous_143)
FN:1489,(anonymous_144)
FN:1503,(anonymous_145)
FN:1513,(anonymous_146)
FN:1547,(anonymous_147)
FN:1548,(anonymous_148)
FN:1564,(anonymous_149)
FN:1589,(anonymous_150)
FN:1597,(anonymous_151)
FN:1600,(anonymous_152)
FN:1604,(anonymous_153)
FN:1621,(anonymous_154)
FN:1624,(anonymous_155)
FN:1631,(anonymous_156)
FN:1656,(anonymous_157)
FN:1677,(anonymous_158)
FN:1701,(anonymous_159)
FN:1709,(anonymous_160)
FN:1722,(anonymous_161)
FN:1732,(anonymous_162)
FN:1735,(anonymous_163)
FN:1739,(anonymous_164)
FN:1740,(anonymous_165)
FN:1792,(anonymous_166)
FN:1800,(anonymous_167)
FN:1808,(anonymous_168)
FN:1821,(anonymous_169)
FN:1824,(anonymous_170)
FN:1851,(anonymous_171)
FN:1858,(anonymous_172)
FN:1885,(anonymous_173)
FN:1904,(anonymous_174)
FN:1905,(anonymous_175)
FN:1913,(anonymous_176)
FN:1914,(anonymous_177)
FN:1922,(anonymous_178)
FN:1924,(anonymous_179)
FN:1927,(anonymous_180)
FN:1932,(anonymous_181)
FN:1940,(anonymous_182)
FN:1956,(anonymous_183)
FN:1971,(anonymous_184)
FN:1991,(anonymous_185)
FN:2005,(anonymous_186)
FN:2011,(anonymous_187)
FN:2017,(anonymous_188)
FN:2023,(anonymous_189)
FN:2038,(anonymous_190)
FN:2062,(anonymous_191)
FN:2074,(anonymous_192)
FN:2094,(anonymous_193)
FN:2106,(anonymous_194)
FN:2117,(anonymous_195)
FN:2125,(anonymous_196)
FN:2127,(anonymous_197)
FN:2147,(anonymous_198)
FN:2149,(anonymous_199)
FN:2203,(anonymous_200)
FN:2248,(anonymous_201)
FN:2248,(anonymous_202)
FN:2249,(anonymous_203)
FN:2255,(anonymous_204)
FN:2262,(anonymous_205)
FNF:196
FNH:0
FNDA:0,(anonymous_10)
FNDA:0,(anonymous_11)
FNDA:0,(anonymous_12)
FNDA:0,(anonymous_13)
FNDA:0,(anonymous_14)
FNDA:0,(anonymous_15)
FNDA:0,(anonymous_16)
FNDA:0,(anonymous_17)
FNDA:0,(anonymous_18)
FNDA:0,(anonymous_19)
FNDA:0,(anonymous_20)
FNDA:0,(anonymous_21)
FNDA:0,(anonymous_22)
FNDA:0,(anonymous_23)
FNDA:0,(anonymous_24)
FNDA:0,(anonymous_25)
FNDA:0,(anonymous_26)
FNDA:0,(anonymous_27)
FNDA:0,(anonymous_28)
FNDA:0,(anonymous_29)
FNDA:0,(anonymous_30)
FNDA:0,(anonymous_31)
FNDA:0,(anonymous_32)
FNDA:0,(anonymous_33)
FNDA:0,(anonymous_34)
FNDA:0,(anonymous_35)
FNDA:0,(anonymous_36)
FNDA:0,(anonymous_37)
FNDA:0,(anonymous_38)
FNDA:0,(anonymous_39)
FNDA:0,(anonymous_40)
FNDA:0,(anonymous_41)
FNDA:0,(anonymous_42)
FNDA:0,(anonymous_43)
FNDA:0,(anonymous_44)
FNDA:0,(anonymous_45)
FNDA:0,(anonymous_46)
FNDA:0,(anonymous_47)
FNDA:0,(anonymous_48)
FNDA:0,(anonymous_49)
FNDA:0,(anonymous_50)
FNDA:0,(anonymous_51)
FNDA:0,(anonymous_52)
FNDA:0,(anonymous_53)
FNDA:0,(anonymous_54)
FNDA:0,(anonymous_55)
FNDA:0,(anonymous_56)
FNDA:0,(anonymous_57)
FNDA:0,(anonymous_58)
FNDA:0,(anonymous_59)
FNDA:0,(anonymous_60)
FNDA:0,(anonymous_61)
FNDA:0,(anonymous_62)
FNDA:0,(anonymous_63)
FNDA:0,(anonymous_64)
FNDA:0,(anonymous_65)
FNDA:0,(anonymous_66)
FNDA:0,(anonymous_67)
FNDA:0,(anonymous_68)
FNDA:0,(anonymous_69)
FNDA:0,(anonymous_70)
FNDA:0,(anonymous_71)
FNDA:0,(anonymous_72)
FNDA:0,(anonymous_73)
FNDA:0,(anonymous_74)
FNDA:0,(anonymous_75)
FNDA:0,(anonymous_76)
FNDA:0,(anonymous_77)
FNDA:0,(anonymous_78)
FNDA:0,(anonymous_79)
FNDA:0,(anonymous_80)
FNDA:0,(anonymous_81)
FNDA:0,(anonymous_82)
FNDA:0,(anonymous_83)
FNDA:0,(anonymous_84)
FNDA:0,(anonymous_85)
FNDA:0,(anonymous_86)
FNDA:0,(anonymous_87)
FNDA:0,(anonymous_88)
FNDA:0,(anonymous_89)
FNDA:0,(anonymous_90)
FNDA:0,(anonymous_91)
FNDA:0,(anonymous_92)
FNDA:0,(anonymous_93)
FNDA:0,(anonymous_94)
FNDA:0,(anonymous_95)
FNDA:0,(anonymous_96)
FNDA:0,(anonymous_97)
FNDA:0,(anonymous_98)
FNDA:0,(anonymous_99)
FNDA:0,(anonymous_100)
FNDA:0,(anonymous_101)
FNDA:0,(anonymous_102)
FNDA:0,(anonymous_103)
FNDA:0,(anonymous_104)
FNDA:0,(anonymous_105)
FNDA:0,(anonymous_106)
FNDA:0,(anonymous_107)
FNDA:0,(anonymous_108)
FNDA:0,(anonymous_109)
FNDA:0,(anonymous_110)
FNDA:0,(anonymous_111)
FNDA:0,(anonymous_112)
FNDA:0,(anonymous_113)
FNDA:0,(anonymous_114)
FNDA:0,(anonymous_115)
FNDA:0,(anonymous_116)
FNDA:0,(anonymous_117)
FNDA:0,(anonymous_118)
FNDA:0,(anonymous_119)
FNDA:0,(anonymous_120)
FNDA:0,(anonymous_121)
FNDA:0,(anonymous_122)
FNDA:0,(anonymous_123)
FNDA:0,(anonymous_124)
FNDA:0,(anonymous_125)
FNDA:0,(anonymous_126)
FNDA:0,(anonymous_127)
FNDA:0,(anonymous_128)
FNDA:0,(anonymous_129)
FNDA:0,(anonymous_130)
FNDA:0,(anonymous_131)
FNDA:0,(anonymous_132)
FNDA:0,(anonymous_133)
FNDA:0,(anonymous_134)
FNDA:0,(anonymous_135)
FNDA:0,(anonymous_136)
FNDA:0,(anonymous_137)
FNDA:0,(anonymous_138)
FNDA:0,(anonymous_139)
FNDA:0,(anonymous_140)
FNDA:0,(anonymous_141)
FNDA:0,(anonymous_142)
FNDA:0,(anonymous_143)
FNDA:0,(anonymous_144)
FNDA:0,(anonymous_145)
FNDA:0,(anonymous_146)
FNDA:0,(anonymous_147)
FNDA:0,(anonymous_148)
FNDA:0,(anonymous_149)
FNDA:0,(anonymous_150)
FNDA:0,(anonymous_151)
FNDA:0,(anonymous_152)
FNDA:0,(anonymous_153)
FNDA:0,(anonymous_154)
FNDA:0,(anonymous_155)
FNDA:0,(anonymous_156)
FNDA:0,(anonymous_157)
FNDA:0,(anonymous_158)
FNDA:0,(anonymous_159)
FNDA:0,(anonymous_160)
FNDA:0,(anonymous_161)
FNDA:0,(anonymous_162)
FNDA:0,(anonymous_163)
FNDA:0,(anonymous_164)
FNDA:0,(anonymous_165)
FNDA:0,(anonymous_166)
FNDA:0,(anonymous_167)
FNDA:0,(anonymous_168)
FNDA:0,(anonymous_169)
FNDA:0,(anonymous_170)
FNDA:0,(anonymous_171)
FNDA:0,(anonymous_172)
FNDA:0,(anonymous_173)
FNDA:0,(anonymous_174)
FNDA:0,(anonymous_175)
FNDA:0,(anonymous_176)
FNDA:0,(anonymous_177)
FNDA:0,(anonymous_178)
FNDA:0,(anonymous_179)
FNDA:0,(anonymous_180)
FNDA:0,(anonymous_181)
FNDA:0,(anonymous_182)
FNDA:0,(anonymous_183)
FNDA:0,(anonymous_184)
FNDA:0,(anonymous_185)
FNDA:0,(anonymous_186)
FNDA:0,(anonymous_187)
FNDA:0,(anonymous_188)
FNDA:0,(anonymous_189)
FNDA:0,(anonymous_190)
FNDA:0,(anonymous_191)
FNDA:0,(anonymous_192)
FNDA:0,(anonymous_193)
FNDA:0,(anonymous_194)
FNDA:0,(anonymous_195)
FNDA:0,(anonymous_196)
FNDA:0,(anonymous_197)
FNDA:0,(anonymous_198)
FNDA:0,(anonymous_199)
FNDA:0,(anonymous_200)
FNDA:0,(anonymous_201)
FNDA:0,(anonymous_202)
FNDA:0,(anonymous_203)
FNDA:0,(anonymous_204)
FNDA:0,(anonymous_205)
DA:2,0
DA:4,0
DA:5,0
DA:6,0
DA:7,0
DA:9,0
DA:10,0
DA:11,0
DA:12,0
DA:21,0
DA:26,0
DA:27,0
DA:28,0
DA:30,0
DA:31,0
DA:32,0
DA:33,0
DA:34,0
DA:39,0
DA:40,0
DA:41,0
DA:42,0
DA:45,0
DA:46,0
DA:47,0
DA:48,0
DA:49,0
DA:53,0
DA:54,0
DA:57,0
DA:60,0
DA:81,0
DA:83,0
DA:89,0
DA:90,0
DA:91,0
DA:100,0
DA:103,0
DA:104,0
DA:105,0
DA:173,0
DA:174,0
DA:183,0
DA:184,0
DA:200,0
DA:201,0
DA:202,0
DA:204,0
DA:206,0
DA:216,0
DA:217,0
DA:218,0
DA:223,0
DA:247,0
DA:250,0
DA:251,0
DA:253,0
DA:254,0
DA:255,0
DA:256,0
DA:257,0
DA:258,0
DA:260,0
DA:261,0
DA:262,0
DA:263,0
DA:264,0
DA:266,0
DA:269,0
DA:270,0
DA:279,0
DA:289,0
DA:290,0
DA:296,0
DA:310,0
DA:320,0
DA:321,0
DA:323,0
DA:324,0
DA:325,0
DA:326,0
DA:327,0
DA:335,0
DA:339,0
DA:340,0
DA:344,0
DA:358,0
DA:377,0
DA:378,0
DA:387,0
DA:388,0
DA:389,0
DA:391,0
DA:392,0
DA:393,0
DA:394,0
DA:397,0
DA:398,0
DA:401,0
DA:404,0
DA:405,0
DA:406,0
DA:409,0
DA:410,0
DA:412,0
DA:413,0
DA:416,0
DA:417,0
DA:420,0
DA:421,0
DA:424,0
DA:425,0
DA:428,0
DA:429,0
DA:432,0
DA:433,0
DA:436,0
DA:437,0
DA:438,0
DA:439,0
DA:443,0
DA:444,0
DA:447,0
DA:448,0
DA:450,0
DA:451,0
DA:454,0
DA:455,0
DA:456,0
DA:458,0
DA:462,0
DA:464,0
DA:586,0
DA:587,0
DA:597,0
DA:601,0
DA:653,0
DA:654,0
DA:655,0
DA:656,0
DA:657,0
DA:659,0
DA:660,0
DA:661,0
DA:662,0
DA:665,0
DA:666,0
DA:669,0
DA:672,0
DA:673,0
DA:675,0
DA:676,0
DA:679,0
DA:680,0
DA:683,0
DA:684,0
DA:687,0
DA:688,0
DA:691,0
DA:692,0
DA:695,0
DA:696,0
DA:699,0
DA:700,0
DA:701,0
DA:702,0
DA:706,0
DA:707,0
DA:710,0
DA:711,0
DA:713,0
DA:714,0
DA:717,0
DA:718,0
DA:719,0
DA:721,0
DA:725,0
DA:727,0
DA:834,0
DA:849,0
DA:850,0
DA:860,0
DA:864,0
DA:912,0
DA:920,0
DA:921,0
DA:922,0
DA:923,0
DA:924,0
DA:925,0
DA:926,0
DA:929,0
DA:930,0
DA:933,0
DA:934,0
DA:937,0
DA:940,0
DA:941,0
DA:942,0
DA:943,0
DA:945,0
DA:946,0
DA:947,0
DA:948,0
DA:953,0
DA:955,0
DA:956,0
DA:957,0
DA:959,0
DA:960,0
DA:961,0
DA:962,0
DA:964,0
DA:965,0
DA:966,0
DA:967,0
DA:968,0
DA:970,0
DA:971,0
DA:972,0
DA:975,0
DA:983,0
DA:985,0
DA:989,0
DA:990,0
DA:991,0
DA:994,0
DA:995,0
DA:996,0
DA:999,0
DA:1000,0
DA:1001,0
DA:1002,0
DA:1006,0
DA:1010,0
DA:1011,0
DA:1013,0
DA:1014,0
DA:1015,0
DA:1017,0
DA:1018,0
DA:1019,0
DA:1023,0
DA:1024,0
DA:1025,0
DA:1029,0
DA:1030,0
DA:1031,0
DA:1034,0
DA:1035,0
DA:1036,0
DA:1037,0
DA:1040,0
DA:1042,0
DA:1043,0
DA:1046,0
DA:1047,0
DA:1048,0
DA:1051,0
DA:1052,0
DA:1054,0
DA:1081,0
DA:1086,0
DA:1092,0
DA:1098,0
DA:1104,0
DA:1112,0
DA:1113,0
DA:1114,0
DA:1140,0
DA:1163,0
DA:1164,0
DA:1165,0
DA:1173,0
DA:1174,0
DA:1175,0
DA:1176,0
DA:1177,0
DA:1191,0
DA:1192,0
DA:1193,0
DA:1194,0
DA:1215,0
DA:1220,0
DA:1226,0
DA:1237,0
DA:1238,0
DA:1239,0
DA:1264,0
DA:1280,0
DA:1281,0
DA:1282,0
DA:1290,0
DA:1291,0
DA:1292,0
DA:1293,0
DA:1294,0
DA:1308,0
DA:1309,0
DA:1310,0
DA:1311,0
DA:1331,0
DA:1341,0
DA:1353,0
DA:1355,0
DA:1357,0
DA:1361,0
DA:1362,0
DA:1366,0
DA:1373,0
DA:1374,0
DA:1385,0
DA:1387,0
DA:1389,0
DA:1391,0
DA:1393,0
DA:1395,0
DA:1397,0
DA:1402,0
DA:1403,0
DA:1405,0
DA:1406,0
DA:1408,0
DA:1409,0
DA:1411,0
DA:1413,0
DA:1415,0
DA:1419,0
DA:1420,0
DA:1421,0
DA:1425,0
DA:1430,0
DA:1440,0
DA:1450,0
DA:1490,0
DA:1504,0
DA:1505,0
DA:1506,0
DA:1514,0
DA:1515,0
DA:1516,0
DA:1517,0
DA:1548,0
DA:1549,0
DA:1552,0
DA:1565,0
DA:1566,0
DA:1567,0
DA:1568,0
DA:1589,0
DA:1590,0
DA:1597,0
DA:1598,0
DA:1600,0
DA:1601,0
DA:1604,0
DA:1605,0
DA:1607,0
DA:1609,0
DA:1611,0
DA:1613,0
DA:1617,0
DA:1622,0
DA:1624,0
DA:1631,0
DA:1657,0
DA:1678,0
DA:1679,0
DA:1680,0
DA:1682,0
DA:1683,0
DA:1701,0
DA:1702,0
DA:1709,0
DA:1710,0
DA:1711,0
DA:1712,0
DA:1713,0
DA:1714,0
DA:1719,0
DA:1722,0
DA:1723,0
DA:1724,0
DA:1725,0
DA:1727,0
DA:1732,0
DA:1733,0
DA:1735,0
DA:1736,0
DA:1739,0
DA:1740,0
DA:1742,0
DA:1743,0
DA:1752,0
DA:1792,0
DA:1800,0
DA:1808,0
DA:1821,0
DA:1822,0
DA:1824,0
DA:1825,0
DA:1828,0
DA:1851,0
DA:1858,0
DA:1886,0
DA:1904,0
DA:1905,0
DA:1906,0
DA:1907,0
DA:1909,0
DA:1913,0
DA:1914,0
DA:1915,0
DA:1916,0
DA:1917,0
DA:1919,0
DA:1922,0
DA:1923,0
DA:1924,0
DA:1927,0
DA:1928,0
DA:1929,0
DA:1932,0
DA:1933,0
DA:1934,0
DA:1935,0
DA:1937,0
DA:1940,0
DA:1942,0
DA:1945,0
DA:1946,0
DA:1949,0
DA:1950,0
DA:1953,0
DA:1956,0
DA:1958,0
DA:1961,0
DA:1962,0
DA:1965,0
DA:1968,0
DA:1971,0
DA:1973,0
DA:1974,0
DA:1975,0
DA:1976,0
DA:1977,0
DA:1983,0
DA:1984,0
DA:1985,0
DA:1986,0
DA:1991,0
DA:1992,0
DA:1993,0
DA:1997,0
DA:2005,0
DA:2011,0
DA:2017,0
DA:2023,0
DA:2039,0
DA:2040,0
DA:2041,0
DA:2063,0
DA:2074,0
DA:2095,0
DA:2096,0
DA:2107,0
DA:2108,0
DA:2117,0
DA:2125,0
DA:2126,0
DA:2127,0
DA:2147,0
DA:2148,0
DA:2151,0
DA:2152,0
DA:2155,0
DA:2156,0
DA:2170,0
DA:2203,0
DA:2248,0
DA:2249,0
DA:2255,0
DA:2262,0
DA:2270,0
LF:484
LH:0
BRDA:31,0,0,0
BRDA:34,1,0,0
BRDA:34,1,1,0
BRDA:40,2,0,0
BRDA:42,3,0,0
BRDA:42,3,1,0
BRDA:47,4,0,0
BRDA:47,5,0,0
BRDA:47,5,1,0
BRDA:65,6,0,0
BRDA:65,6,1,0
BRDA:74,7,0,0
BRDA:74,7,1,0
BRDA:94,8,0,0
BRDA:94,8,1,0
BRDA:108,9,0,0
BRDA:108,9,1,0
BRDA:115,10,0,0
BRDA:115,10,1,0
BRDA:115,10,2,0
BRDA:174,11,0,0
BRDA:174,11,1,0
BRDA:187,12,0,0
BRDA:187,12,1,0
BRDA:202,13,0,0
BRDA:202,13,1,0
BRDA:209,14,0,0
BRDA:209,14,1,0
BRDA:209,15,0,0
BRDA:209,15,1,0
BRDA:217,16,0,0
BRDA:217,16,1,0
BRDA:222,17,0,0
BRDA:222,17,1,0
BRDA:256,18,0,0
BRDA:260,19,0,0
BRDA:260,19,1,0
BRDA:261,20,0,0
BRDA:261,20,1,0
BRDA:269,21,0,0
BRDA:286,22,0,0
BRDA:286,22,1,0
BRDA:298,23,0,0
BRDA:298,23,1,0
BRDA:324,24,0,0
BRDA:327,25,0,0
BRDA:327,25,1,0
BRDA:327,25,2,0
BRDA:327,25,3,0
BRDA:327,25,4,0
BRDA:368,26,0,0
BRDA:368,26,1,0
BRDA:394,27,0,0
BRDA:394,27,1,0
BRDA:394,28,0,0
BRDA:394,28,1,0
BRDA:397,29,0,0
BRDA:412,30,0,0
BRDA:412,31,0,0
BRDA:412,31,1,0
BRDA:416,32,0,0
BRDA:420,33,0,0
BRDA:420,34,0,0
BRDA:420,34,1,0
BRDA:424,35,0,0
BRDA:428,36,0,0
BRDA:437,37,0,0
BRDA:437,38,0,0
BRDA:437,38,1,0
BRDA:450,39,0,0
BRDA:483,40,0,0
BRDA:483,40,1,0
BRDA:489,41,0,0
BRDA:489,41,1,0
BRDA:503,42,0,0
BRDA:503,42,1,0
BRDA:509,43,0,0
BRDA:509,43,1,0
BRDA:519,44,0,0
BRDA:519,44,1,0
BRDA:524,45,0,0
BRDA:524,45,1,0
BRDA:529,46,0,0
BRDA:529,46,1,0
BRDA:540,47,0,0
BRDA:540,47,1,0
BRDA:545,48,0,0
BRDA:545,48,1,0
BRDA:556,49,0,0
BRDA:556,49,1,0
BRDA:561,50,0,0
BRDA:561,50,1,0
BRDA:587,51,0,0
BRDA:613,52,0,0
BRDA:613,52,1,0
BRDA:627,53,0,0
BRDA:627,53,1,0
BRDA:630,54,0,0
BRDA:630,54,1,0
BRDA:662,55,0,0
BRDA:662,55,1,0
BRDA:662,56,0,0
BRDA:662,56,1,0
BRDA:665,57,0,0
BRDA:675,58,0,0
BRDA:675,59,0,0
BRDA:675,59,1,0
BRDA:679,60,0,0
BRDA:683,61,0,0
BRDA:683,62,0,0
BRDA:683,62,1,0
BRDA:687,63,0,0
BRDA:691,64,0,0
BRDA:700,65,0,0
BRDA:700,66,0,0
BRDA:700,66,1,0
BRDA:713,67,0,0
BRDA:746,68,0,0
BRDA:746,68,1,0
BRDA:752,69,0,0
BRDA:752,69,1,0
BRDA:766,70,0,0
BRDA:766,70,1,0
BRDA:772,71,0,0
BRDA:772,71,1,0
BRDA:782,72,0,0
BRDA:782,72,1,0
BRDA:787,73,0,0
BRDA:787,73,1,0
BRDA:792,74,0,0
BRDA:792,74,1,0
BRDA:803,75,0,0
BRDA:803,75,1,0
BRDA:808,76,0,0
BRDA:808,76,1,0
BRDA:819,77,0,0
BRDA:819,77,1,0
BRDA:824,78,0,0
BRDA:824,78,1,0
BRDA:850,79,0,0
BRDA:876,80,0,0
BRDA:876,80,1,0
BRDA:890,81,0,0
BRDA:890,81,1,0
BRDA:893,82,0,0
BRDA:893,82,1,0
BRDA:955,83,0,0
BRDA:955,83,1,0
BRDA:956,84,0,0
BRDA:956,84,1,0
BRDA:957,85,0,0
BRDA:957,85,1,0
BRDA:964,86,0,0
BRDA:964,86,1,0
BRDA:965,87,0,0
BRDA:965,87,1,0
BRDA:966,88,0,0
BRDA:966,88,1,0
BRDA:971,89,0,0
BRDA:971,89,1,0
BRDA:1001,90,0,0
BRDA:1002,91,0,0
BRDA:1002,91,1,0
BRDA:1011,92,0,0
BRDA:1017,93,0,0
BRDA:1017,94,0,0
BRDA:1017,94,1,0
BRDA:1018,95,0,0
BRDA:1018,96,0,0
BRDA:1018,96,1,0
BRDA:1024,97,0,0
BRDA:1030,98,0,0
BRDA:1052,99,0,0
BRDA:1052,99,1,0
BRDA:1052,99,2,0
BRDA:1052,99,3,0
BRDA:1052,99,4,0
BRDA:1052,99,5,0
BRDA:1052,99,6,0
BRDA:1052,99,7,0
BRDA:1052,99,8,0
BRDA:1052,99,9,0
BRDA:1052,99,10,0
BRDA:1052,99,11,0
BRDA:1052,99,12,0
BRDA:1052,99,13,0
BRDA:1087,100,0,0
BRDA:1087,100,1,0
BRDA:1093,101,0,0
BRDA:1093,101,1,0
BRDA:1099,102,0,0
BRDA:1099,102,1,0
BRDA:1105,103,0,0
BRDA:1105,103,1,0
BRDA:1118,104,0,0
BRDA:1118,104,1,0
BRDA:1123,105,0,0
BRDA:1123,105,1,0
BRDA:1146,106,0,0
BRDA:1146,106,1,0
BRDA:1147,107,0,0
BRDA:1147,107,1,0
BRDA:1155,108,0,0
BRDA:1155,108,1,0
BRDA:1175,109,0,0
BRDA:1175,109,1,0
BRDA:1176,110,0,0
BRDA:1182,111,0,0
BRDA:1182,111,1,0
BRDA:1187,112,0,0
BRDA:1187,112,1,0
BRDA:1187,113,0,0
BRDA:1187,113,1,0
BRDA:1193,114,0,0
BRDA:1199,115,0,0
BRDA:1199,115,1,0
BRDA:1204,116,0,0
BRDA:1204,116,1,0
BRDA:1243,117,0,0
BRDA:1243,117,1,0
BRDA:1248,118,0,0
BRDA:1248,118,1,0
BRDA:1270,119,0,0
BRDA:1270,119,1,0
BRDA:1271,120,0,0
BRDA:1271,120,1,0
BRDA:1292,121,0,0
BRDA:1292,121,1,0
BRDA:1293,122,0,0
BRDA:1299,123,0,0
BRDA:1299,123,1,0
BRDA:1304,124,0,0
BRDA:1304,124,1,0
BRDA:1304,125,0,0
BRDA:1304,125,1,0
BRDA:1310,126,0,0
BRDA:1316,127,0,0
BRDA:1316,127,1,0
BRDA:1321,128,0,0
BRDA:1321,128,1,0
BRDA:1328,129,0,0
BRDA:1328,129,1,0
BRDA:1373,130,0,0
BRDA:1409,131,0,0
BRDA:1409,131,1,0
BRDA:1409,131,2,0
BRDA:1420,132,0,0
BRDA:1432,133,0,0
BRDA:1432,133,1,0
BRDA:1442,134,0,0
BRDA:1442,134,1,0
BRDA:1452,135,0,0
BRDA:1452,135,1,0
BRDA:1462,136,0,0
BRDA:1462,136,1,0
BRDA:1475,137,0,0
BRDA:1475,137,1,0
BRDA:1475,138,0,0
BRDA:1475,138,1,0
BRDA:1476,139,0,0
BRDA:1476,139,1,0
BRDA:1521,140,0,0
BRDA:1521,140,1,0
BRDA:1533,141,0,0
BRDA:1533,141,1,0
BRDA:1533,142,0,0
BRDA:1533,142,1,0
BRDA:1534,143,0,0
BRDA:1534,143,1,0
BRDA:1549,144,0,0
BRDA:1549,144,1,0
BRDA:1549,145,0,0
BRDA:1549,145,1,0
BRDA:1557,146,0,0
BRDA:1557,146,1,0
BRDA:1560,147,0,0
BRDA:1560,147,1,0
BRDA:1600,148,0,0
BRDA:1600,148,1,0
BRDA:1601,149,0,0
BRDA:1601,149,1,0
BRDA:1605,150,0,0
BRDA:1605,150,1,0
BRDA:1605,150,2,0
BRDA:1605,150,3,0
BRDA:1626,151,0,0
BRDA:1626,151,1,0
BRDA:1631,152,0,0
BRDA:1631,152,1,0
BRDA:1631,153,0,0
BRDA:1631,153,1,0
BRDA:1631,154,0,0
BRDA:1631,154,1,0
BRDA:1638,155,0,0
BRDA:1638,155,1,0
BRDA:1680,156,0,0
BRDA:1680,156,1,0
BRDA:1681,157,0,0
BRDA:1681,157,1,0
BRDA:1687,158,0,0
BRDA:1687,158,1,0
BRDA:1688,159,0,0
BRDA:1688,159,1,0
BRDA:1742,160,0,0
BRDA:1769,161,0,0
BRDA:1769,161,1,0
BRDA:1770,162,0,0
BRDA:1770,162,1,0
BRDA:1777,163,0,0
BRDA:1777,163,1,0
BRDA:1783,164,0,0
BRDA:1783,164,1,0
BRDA:1790,165,0,0
BRDA:1790,165,1,0
BRDA:1798,166,0,0
BRDA:1798,166,1,0
BRDA:1806,167,0,0
BRDA:1806,167,1,0
BRDA:1830,168,0,0
BRDA:1830,168,1,0
BRDA:1838,169,0,0
BRDA:1838,169,1,0
BRDA:1856,170,0,0
BRDA:1856,170,1,0
BRDA:1894,171,0,0
BRDA:1894,171,1,0
BRDA:1915,172,0,0
BRDA:1915,172,1,0
BRDA:1916,173,0,0
BRDA:1916,173,1,0
BRDA:1923,174,0,0
BRDA:1924,175,0,0
BRDA:1924,175,1,0
BRDA:1933,176,0,0
BRDA:1975,177,0,0
BRDA:1983,178,0,0
BRDA:1984,179,0,0
BRDA:1992,180,0,0
BRDA:2033,181,0,0
BRDA:2033,181,1,0
BRDA:2049,182,0,0
BRDA:2049,182,1,0
BRDA:2051,183,0,0
BRDA:2051,183,1,0
BRDA:2051,184,0,0
BRDA:2051,184,1,0
BRDA:2056,185,0,0
BRDA:2056,185,1,0
BRDA:2056,186,0,0
BRDA:2056,186,1,0
BRDA:2061,187,0,0
BRDA:2061,187,1,0
BRDA:2061,188,0,0
BRDA:2061,188,1,0
BRDA:2061,189,0,0
BRDA:2061,189,1,0
BRDA:2061,190,0,0
BRDA:2061,190,1,0
BRDA:2062,191,0,0
BRDA:2062,191,1,0
BRDA:2070,192,0,0
BRDA:2070,192,1,0
BRDA:2095,193,0,0
BRDA:2095,193,1,0
BRDA:2103,194,0,0
BRDA:2103,194,1,0
BRDA:2103,194,2,0
BRDA:2115,195,0,0
BRDA:2115,195,1,0
BRDA:2129,196,0,0
BRDA:2129,196,1,0
BRDA:2135,197,0,0
BRDA:2135,197,1,0
BRDA:2135,197,2,0
BRDA:2137,198,0,0
BRDA:2137,198,1,0
BRDA:2151,199,0,0
BRDA:2151,199,1,0
BRDA:2162,200,0,0
BRDA:2162,200,1,0
BRDA:2162,200,2,0
BRDA:2203,201,0,0
BRDA:2203,201,1,0
BRDA:2218,202,0,0
BRDA:2218,202,1,0
BRDA:2230,203,0,0
BRDA:2230,203,1,0
BRDA:2248,204,0,0
BRDA:2248,204,1,0
BRDA:2249,205,0,0
BRDA:2249,205,1,0
BRDA:2252,206,0,0
BRDA:2252,206,1,0
BRDA:2260,207,0,0
BRDA:2260,207,1,0
BRF:395
BRH:0
end_of_record
TN:
SF:components\AiAssistant.tsx
FN:12,(anonymous_9)
FN:31,(anonymous_10)
FN:49,(anonymous_11)
FN:54,(anonymous_12)
FN:55,(anonymous_13)
FN:59,(anonymous_14)
FN:74,(anonymous_15)
FN:77,(anonymous_16)
FN:85,(anonymous_17)
FN:89,(anonymous_18)
FN:119,(anonymous_19)
FN:120,(anonymous_20)
FNF:12
FNH:0
FNDA:0,(anonymous_9)
FNDA:0,(anonymous_10)
FNDA:0,(anonymous_11)
FNDA:0,(anonymous_12)
FNDA:0,(anonymous_13)
FNDA:0,(anonymous_14)
FNDA:0,(anonymous_15)
FNDA:0,(anonymous_16)
FNDA:0,(anonymous_17)
FNDA:0,(anonymous_18)
FNDA:0,(anonymous_19)
FNDA:0,(anonymous_20)
DA:1,0
DA:3,0
DA:12,0
DA:13,0
DA:15,0
DA:17,0
DA:19,0
DA:21,0
DA:25,0
DA:31,0
DA:32,0
DA:49,0
DA:50,0
DA:51,0
DA:52,0
DA:54,0
DA:55,0
DA:56,0
DA:57,0
DA:58,0
DA:59,0
DA:60,0
DA:61,0
DA:63,0
DA:66,0
DA:67,0
DA:69,0
DA:73,0
DA:74,0
DA:77,0
DA:78,0
DA:79,0
DA:81,0
DA:85,0
DA:86,0
DA:87,0
DA:90,0
DA:103,0
DA:104,0
DA:107,0
DA:108,0
DA:117,0
DA:120,0
DA:126,0
DA:136,0
LF:45
LH:0
BRDA:13,0,0,0
BRDA:13,0,1,0
BRDA:13,0,2,0
BRDA:13,0,3,0
BRDA:59,1,0,0
BRDA:59,1,1,0
BRDA:59,2,0,0
BRDA:59,2,1,0
BRDA:78,3,0,0
BRDA:78,3,1,0
BRDA:86,4,0,0
BRDA:103,5,0,0
BRDA:107,6,0,0
BRF:13
BRH:0
end_of_record
TN:
SF:components\AppProvider.tsx
FN:128,(anonymous_9)
FN:136,(anonymous_10)
FN:144,(anonymous_11)
FN:176,(anonymous_12)
FN:177,(anonymous_13)
FN:178,(anonymous_14)
FN:190,(anonymous_15)
FN:191,(anonymous_16)
FN:192,(anonymous_17)
FN:227,(anonymous_18)
FN:242,(anonymous_19)
FN:245,(anonymous_20)
FN:253,(anonymous_21)
FN:254,(anonymous_22)
FN:254,(anonymous_23)
FN:257,(anonymous_24)
FN:266,(anonymous_25)
FN:282,(anonymous_26)
FN:298,(anonymous_27)
FN:327,(anonymous_28)
FN:328,(anonymous_29)
FN:348,(anonymous_30)
FN:351,(anonymous_31)
FN:367,(anonymous_32)
FN:374,(anonymous_33)
FN:376,(anonymous_34)
FN:393,(anonymous_35)
FN:394,(anonymous_36)
FN:402,(anonymous_37)
FN:408,(anonymous_38)
FN:409,(anonymous_39)
FN:411,(anonymous_40)
FN:414,(anonymous_41)
FN:420,(anonymous_42)
FN:428,(anonymous_43)
FN:434,(anonymous_44)
FN:508,(anonymous_45)
FN:509,(anonymous_46)
FN:509,(anonymous_47)
FN:514,(anonymous_48)
FN:515,(anonymous_49)
FN:515,(anonymous_50)
FN:520,(anonymous_51)
FN:521,(anonymous_52)
FN:521,(anonymous_53)
FN:526,(anonymous_54)
FN:527,(anonymous_55)
FN:527,(anonymous_56)
FN:532,(anonymous_57)
FN:533,(anonymous_58)
FN:533,(anonymous_59)
FN:538,(anonymous_60)
FN:540,(anonymous_61)
FN:540,(anonymous_62)
FN:544,(anonymous_63)
FN:544,(anonymous_64)
FN:550,(anonymous_65)
FN:554,(anonymous_66)
FN:555,(anonymous_67)
FN:566,(anonymous_68)
FN:569,(anonymous_69)
FN:588,(anonymous_70)
FN:591,(anonymous_71)
FN:610,(anonymous_72)
FN:612,(anonymous_73)
FN:614,(anonymous_74)
FN:633,(anonymous_75)
FN:639,(anonymous_76)
FN:653,(anonymous_77)
FN:665,(anonymous_78)
FN:666,(anonymous_79)
FN:666,(anonymous_80)
FN:671,(anonymous_81)
FN:672,(anonymous_82)
FN:672,(anonymous_83)
FN:677,(anonymous_84)
FN:679,(anonymous_85)
FN:682,(anonymous_86)
FN:683,(anonymous_87)
FN:683,(anonymous_88)
FN:686,(anonymous_89)
FN:687,(anonymous_90)
FN:687,(anonymous_91)
FN:690,(anonymous_92)
FN:691,(anonymous_93)
FN:691,(anonymous_94)
FN:701,(anonymous_95)
FN:702,(anonymous_96)
FN:708,(anonymous_97)
FN:709,(anonymous_98)
FN:715,(anonymous_99)
FN:729,(anonymous_100)
FN:730,(anonymous_101)
FN:746,(anonymous_102)
FN:762,(anonymous_103)
FN:778,(anonymous_104)
FN:795,(anonymous_105)
FN:796,(anonymous_106)
FN:796,(anonymous_107)
FN:799,(anonymous_108)
FN:803,(anonymous_109)
FN:806,(anonymous_110)
FN:808,(anonymous_111)
FN:808,(anonymous_112)
FN:812,(anonymous_113)
FN:812,(anonymous_114)
FN:818,(anonymous_115)
FN:821,(anonymous_116)
FN:821,(anonymous_117)
FN:827,(anonymous_118)
FN:902,(anonymous_119)
FN:903,(anonymous_120)
FN:903,(anonymous_121)
FN:906,(anonymous_122)
FN:909,(anonymous_123)
FN:919,(anonymous_124)
FN:923,(anonymous_125)
FN:923,(anonymous_126)
FN:934,(anonymous_127)
FN:937,(anonymous_128)
FN:942,(anonymous_129)
FN:942,(anonymous_130)
FN:953,(anonymous_131)
FN:958,(anonymous_132)
FN:959,(anonymous_133)
FN:961,(anonymous_134)
FN:965,(anonymous_135)
FN:966,(anonymous_136)
FN:968,(anonymous_137)
FN:972,(anonymous_138)
FN:975,(anonymous_139)
FN:976,(anonymous_140)
FN:978,(anonymous_141)
FN:1024,(anonymous_142)
FN:1026,(anonymous_143)
FN:1030,(anonymous_144)
FNF:136
FNH:0
FNDA:0,(anonymous_9)
FNDA:0,(anonymous_10)
FNDA:0,(anonymous_11)
FNDA:0,(anonymous_12)
FNDA:0,(anonymous_13)
FNDA:0,(anonymous_14)
FNDA:0,(anonymous_15)
FNDA:0,(anonymous_16)
FNDA:0,(anonymous_17)
FNDA:0,(anonymous_18)
FNDA:0,(anonymous_19)
FNDA:0,(anonymous_20)
FNDA:0,(anonymous_21)
FNDA:0,(anonymous_22)
FNDA:0,(anonymous_23)
FNDA:0,(anonymous_24)
FNDA:0,(anonymous_25)
FNDA:0,(anonymous_26)
FNDA:0,(anonymous_27)
FNDA:0,(anonymous_28)
FNDA:0,(anonymous_29)
FNDA:0,(anonymous_30)
FNDA:0,(anonymous_31)
FNDA:0,(anonymous_32)
FNDA:0,(anonymous_33)
FNDA:0,(anonymous_34)
FNDA:0,(anonymous_35)
FNDA:0,(anonymous_36)
FNDA:0,(anonymous_37)
FNDA:0,(anonymous_38)
FNDA:0,(anonymous_39)
FNDA:0,(anonymous_40)
FNDA:0,(anonymous_41)
FNDA:0,(anonymous_42)
FNDA:0,(anonymous_43)
FNDA:0,(anonymous_44)
FNDA:0,(anonymous_45)
FNDA:0,(anonymous_46)
FNDA:0,(anonymous_47)
FNDA:0,(anonymous_48)
FNDA:0,(anonymous_49)
FNDA:0,(anonymous_50)
FNDA:0,(anonymous_51)
FNDA:0,(anonymous_52)
FNDA:0,(anonymous_53)
FNDA:0,(anonymous_54)
FNDA:0,(anonymous_55)
FNDA:0,(anonymous_56)
FNDA:0,(anonymous_57)
FNDA:0,(anonymous_58)
FNDA:0,(anonymous_59)
FNDA:0,(anonymous_60)
FNDA:0,(anonymous_61)
FNDA:0,(anonymous_62)
FNDA:0,(anonymous_63)
FNDA:0,(anonymous_64)
FNDA:0,(anonymous_65)
FNDA:0,(anonymous_66)
FNDA:0,(anonymous_67)
FNDA:0,(anonymous_68)
FNDA:0,(anonymous_69)
FNDA:0,(anonymous_70)
FNDA:0,(anonymous_71)
FNDA:0,(anonymous_72)
FNDA:0,(anonymous_73)
FNDA:0,(anonymous_74)
FNDA:0,(anonymous_75)
FNDA:0,(anonymous_76)
FNDA:0,(anonymous_77)
FNDA:0,(anonymous_78)
FNDA:0,(anonymous_79)
FNDA:0,(anonymous_80)
FNDA:0,(anonymous_81)
FNDA:0,(anonymous_82)
FNDA:0,(anonymous_83)
FNDA:0,(anonymous_84)
FNDA:0,(anonymous_85)
FNDA:0,(anonymous_86)
FNDA:0,(anonymous_87)
FNDA:0,(anonymous_88)
FNDA:0,(anonymous_89)
FNDA:0,(anonymous_90)
FNDA:0,(anonymous_91)
FNDA:0,(anonymous_92)
FNDA:0,(anonymous_93)
FNDA:0,(anonymous_94)
FNDA:0,(anonymous_95)
FNDA:0,(anonymous_96)
FNDA:0,(anonymous_97)
FNDA:0,(anonymous_98)
FNDA:0,(anonymous_99)
FNDA:0,(anonymous_100)
FNDA:0,(anonymous_101)
FNDA:0,(anonymous_102)
FNDA:0,(anonymous_103)
FNDA:0,(anonymous_104)
FNDA:0,(anonymous_105)
FNDA:0,(anonymous_106)
FNDA:0,(anonymous_107)
FNDA:0,(anonymous_108)
FNDA:0,(anonymous_109)
FNDA:0,(anonymous_110)
FNDA:0,(anonymous_111)
FNDA:0,(anonymous_112)
FNDA:0,(anonymous_113)
FNDA:0,(anonymous_114)
FNDA:0,(anonymous_115)
FNDA:0,(anonymous_116)
FNDA:0,(anonymous_117)
FNDA:0,(anonymous_118)
FNDA:0,(anonymous_119)
FNDA:0,(anonymous_120)
FNDA:0,(anonymous_121)
FNDA:0,(anonymous_122)
FNDA:0,(anonymous_123)
FNDA:0,(anonymous_124)
FNDA:0,(anonymous_125)
FNDA:0,(anonymous_126)
FNDA:0,(anonymous_127)
FNDA:0,(anonymous_128)
FNDA:0,(anonymous_129)
FNDA:0,(anonymous_130)
FNDA:0,(anonymous_131)
FNDA:0,(anonymous_132)
FNDA:0,(anonymous_133)
FNDA:0,(anonymous_134)
FNDA:0,(anonymous_135)
FNDA:0,(anonymous_136)
FNDA:0,(anonymous_137)
FNDA:0,(anonymous_138)
FNDA:0,(anonymous_139)
FNDA:0,(anonymous_140)
FNDA:0,(anonymous_141)
FNDA:0,(anonymous_142)
FNDA:0,(anonymous_143)
FNDA:0,(anonymous_144)
DA:1,0
DA:3,0
DA:5,0
DA:6,0
DA:7,0
DA:9,0
DA:10,0
DA:11,0
DA:14,0
DA:126,0
DA:128,0
DA:129,0
DA:130,0
DA:131,0
DA:133,0
DA:136,0
DA:139,0
DA:140,0
DA:141,0
DA:142,0
DA:143,0
DA:144,0
DA:146,0
DA:147,0
DA:148,0
DA:149,0
DA:150,0
DA:151,0
DA:154,0
DA:156,0
DA:158,0
DA:159,0
DA:160,0
DA:161,0
DA:162,0
DA:163,0
DA:164,0
DA:165,0
DA:166,0
DA:167,0
DA:168,0
DA:169,0
DA:170,0
DA:171,0
DA:172,0
DA:173,0
DA:174,0
DA:175,0
DA:176,0
DA:177,0
DA:178,0
DA:180,0
DA:181,0
DA:182,0
DA:183,0
DA:186,0
DA:188,0
DA:190,0
DA:191,0
DA:192,0
DA:193,0
DA:194,0
DA:195,0
DA:196,0
DA:199,0
DA:219,0
DA:220,0
DA:223,0
DA:227,0
DA:228,0
DA:230,0
DA:231,0
DA:232,0
DA:235,0
DA:236,0
DA:237,0
DA:240,0
DA:241,0
DA:242,0
DA:245,0
DA:246,0
DA:249,0
DA:253,0
DA:254,0
DA:257,0
DA:258,0
DA:259,0
DA:260,0
DA:261,0
DA:262,0
DA:263,0
DA:266,0
DA:267,0
DA:268,0
DA:269,0
DA:270,0
DA:273,0
DA:274,0
DA:275,0
DA:276,0
DA:278,0
DA:282,0
DA:283,0
DA:284,0
DA:285,0
DA:286,0
DA:289,0
DA:290,0
DA:291,0
DA:292,0
DA:294,0
DA:298,0
DA:299,0
DA:300,0
DA:301,0
DA:302,0
DA:304,0
DA:307,0
DA:311,0
DA:313,0
DA:314,0
DA:315,0
DA:317,0
DA:318,0
DA:320,0
DA:321,0
DA:322,0
DA:323,0
DA:327,0
DA:328,0
DA:329,0
DA:330,0
DA:333,0
DA:338,0
DA:339,0
DA:342,0
DA:345,0
DA:349,0
DA:350,0
DA:352,0
DA:356,0
DA:357,0
DA:359,0
DA:363,0
DA:367,0
DA:368,0
DA:369,0
DA:374,0
DA:375,0
DA:376,0
DA:377,0
DA:380,0
DA:385,0
DA:386,0
DA:393,0
DA:394,0
DA:395,0
DA:396,0
DA:397,0
DA:401,0
DA:402,0
DA:403,0
DA:408,0
DA:409,0
DA:410,0
DA:411,0
DA:412,0
DA:413,0
DA:415,0
DA:416,0
DA:420,0
DA:421,0
DA:422,0
DA:425,0
DA:426,0
DA:428,0
DA:429,0
DA:430,0
DA:434,0
DA:509,0
DA:510,0
DA:512,0
DA:515,0
DA:516,0
DA:518,0
DA:521,0
DA:522,0
DA:524,0
DA:527,0
DA:528,0
DA:530,0
DA:533,0
DA:534,0
DA:536,0
DA:539,0
DA:540,0
DA:541,0
DA:544,0
DA:545,0
DA:548,0
DA:551,0
DA:552,0
DA:555,0
DA:564,0
DA:567,0
DA:568,0
DA:569,0
DA:570,0
DA:572,0
DA:573,0
DA:574,0
DA:575,0
DA:576,0
DA:577,0
DA:578,0
DA:579,0
DA:580,0
DA:581,0
DA:582,0
DA:584,0
DA:585,0
DA:589,0
DA:590,0
DA:591,0
DA:592,0
DA:594,0
DA:595,0
DA:596,0
DA:597,0
DA:598,0
DA:599,0
DA:600,0
DA:601,0
DA:602,0
DA:603,0
DA:604,0
DA:606,0
DA:607,0
DA:611,0
DA:612,0
DA:613,0
DA:614,0
DA:615,0
DA:617,0
DA:618,0
DA:619,0
DA:620,0
DA:621,0
DA:622,0
DA:623,0
DA:624,0
DA:625,0
DA:626,0
DA:627,0
DA:629,0
DA:630,0
DA:634,0
DA:636,0
DA:639,0
DA:640,0
DA:642,0
DA:643,0
DA:644,0
DA:647,0
DA:648,0
DA:649,0
DA:650,0
DA:653,0
DA:654,0
DA:656,0
DA:657,0
DA:661,0
DA:662,0
DA:666,0
DA:667,0
DA:669,0
DA:672,0
DA:673,0
DA:675,0
DA:678,0
DA:679,0
DA:680,0
DA:683,0
DA:684,0
DA:687,0
DA:688,0
DA:691,0
DA:692,0
DA:697,0
DA:702,0
DA:706,0
DA:709,0
DA:713,0
DA:716,0
DA:718,0
DA:719,0
DA:729,0
DA:730,0
DA:731,0
DA:740,0
DA:741,0
DA:745,0
DA:746,0
DA:747,0
DA:748,0
DA:756,0
DA:761,0
DA:762,0
DA:763,0
DA:764,0
DA:765,0
DA:767,0
DA:778,0
DA:779,0
DA:781,0
DA:782,0
DA:784,0
DA:786,0
DA:791,0
DA:792,0
DA:796,0
DA:797,0
DA:799,0
DA:804,0
DA:807,0
DA:808,0
DA:809,0
DA:812,0
DA:813,0
DA:816,0
DA:819,0
DA:821,0
DA:822,0
DA:826,0
DA:827,0
DA:830,0
DA:831,0
DA:832,0
DA:833,0
DA:835,0
DA:840,0
DA:841,0
DA:852,0
DA:853,0
DA:854,0
DA:856,0
DA:857,0
DA:858,0
DA:859,0
DA:863,0
DA:866,0
DA:869,0
DA:870,0
DA:871,0
DA:874,0
DA:877,0
DA:878,0
DA:882,0
DA:883,0
DA:884,0
DA:885,0
DA:886,0
DA:887,0
DA:888,0
DA:890,0
DA:893,0
DA:898,0
DA:899,0
DA:903,0
DA:904,0
DA:907,0
DA:909,0
DA:910,0
DA:911,0
DA:912,0
DA:916,0
DA:919,0
DA:920,0
DA:923,0
DA:924,0
DA:927,0
DA:928,0
DA:930,0
DA:931,0
DA:935,0
DA:937,0
DA:938,0
DA:940,0
DA:942,0
DA:943,0
DA:944,0
DA:946,0
DA:949,0
DA:950,0
DA:954,0
DA:956,0
DA:959,0
DA:960,0
DA:961,0
DA:966,0
DA:967,0
DA:968,0
DA:973,0
DA:975,0
DA:976,0
DA:977,0
DA:978,0
DA:979,0
DA:980,0
DA:986,0
DA:991,0
DA:995,0
DA:1001,0
DA:1010,0
DA:1016,0
DA:1019,0
DA:1020,0
DA:1024,0
DA:1025,0
DA:1026,0
DA:1027,0
DA:1028,0
DA:1031,0
DA:1032,0
DA:1038,0
DA:1043,0
DA:1048,0
DA:1051,0
DA:1073,0
LF:429
LH:0
BRDA:130,0,0,0
BRDA:148,1,0,0
BRDA:182,2,0,0
BRDA:190,3,0,0
BRDA:190,3,1,0
BRDA:191,4,0,0
BRDA:191,4,1,0
BRDA:195,5,0,0
BRDA:195,5,1,0
BRDA:230,6,0,0
BRDA:230,7,0,0
BRDA:230,7,1,0
BRDA:230,7,2,0
BRDA:235,8,0,0
BRDA:273,9,0,0
BRDA:273,9,1,0
BRDA:275,10,0,0
BRDA:275,10,1,0
BRDA:289,11,0,0
BRDA:289,11,1,0
BRDA:291,12,0,0
BRDA:291,12,1,0
BRDA:299,13,0,0
BRDA:299,13,1,0
BRDA:300,14,0,0
BRDA:307,15,0,0
BRDA:307,15,1,0
BRDA:307,15,2,0
BRDA:307,15,3,0
BRDA:307,15,4,0
BRDA:311,16,0,0
BRDA:313,17,0,0
BRDA:313,18,0,0
BRDA:313,18,1,0
BRDA:314,19,0,0
BRDA:314,20,0,0
BRDA:314,20,1,0
BRDA:317,21,0,0
BRDA:317,22,0,0
BRDA:317,22,1,0
BRDA:320,23,0,0
BRDA:320,23,1,0
BRDA:320,24,0,0
BRDA:320,24,1,0
BRDA:321,25,0,0
BRDA:321,25,1,0
BRDA:321,26,0,0
BRDA:321,26,1,0
BRDA:322,27,0,0
BRDA:322,27,1,0
BRDA:322,28,0,0
BRDA:322,28,1,0
BRDA:322,28,2,0
BRDA:368,29,0,0
BRDA:375,30,0,0
BRDA:377,31,0,0
BRDA:380,32,0,0
BRDA:380,32,1,0
BRDA:380,32,2,0
BRDA:380,32,3,0
BRDA:385,33,0,0
BRDA:396,34,0,0
BRDA:396,35,0,0
BRDA:396,35,1,0
BRDA:510,36,0,0
BRDA:510,36,1,0
BRDA:516,37,0,0
BRDA:516,37,1,0
BRDA:522,38,0,0
BRDA:522,38,1,0
BRDA:522,39,0,0
BRDA:522,39,1,0
BRDA:528,40,0,0
BRDA:528,40,1,0
BRDA:528,41,0,0
BRDA:528,41,1,0
BRDA:534,42,0,0
BRDA:534,42,1,0
BRDA:539,43,0,0
BRDA:539,43,1,0
BRDA:541,44,0,0
BRDA:541,44,1,0
BRDA:545,45,0,0
BRDA:545,45,1,0
BRDA:570,46,0,0
BRDA:570,46,1,0
BRDA:570,47,0,0
BRDA:570,47,1,0
BRDA:592,48,0,0
BRDA:592,48,1,0
BRDA:592,49,0,0
BRDA:592,49,1,0
BRDA:592,50,0,0
BRDA:592,50,1,0
BRDA:642,51,0,0
BRDA:642,51,1,0
BRDA:667,52,0,0
BRDA:667,52,1,0
BRDA:673,53,0,0
BRDA:673,53,1,0
BRDA:683,54,0,0
BRDA:683,54,1,0
BRDA:692,55,0,0
BRDA:692,55,1,0
BRDA:694,56,0,0
BRDA:694,56,1,0
BRDA:704,57,0,0
BRDA:704,57,1,0
BRDA:711,58,0,0
BRDA:711,58,1,0
BRDA:721,59,0,0
BRDA:721,59,1,0
BRDA:731,60,0,0
BRDA:731,60,1,0
BRDA:735,61,0,0
BRDA:735,61,1,0
BRDA:736,62,0,0
BRDA:736,62,1,0
BRDA:745,63,0,0
BRDA:747,64,0,0
BRDA:752,65,0,0
BRDA:752,65,1,0
BRDA:753,66,0,0
BRDA:753,66,1,0
BRDA:761,67,0,0
BRDA:763,68,0,0
BRDA:764,69,0,0
BRDA:764,69,1,0
BRDA:765,70,0,0
BRDA:765,70,1,0
BRDA:770,71,0,0
BRDA:770,71,1,0
BRDA:797,72,0,0
BRDA:797,72,1,0
BRDA:804,73,0,0
BRDA:804,73,1,0
BRDA:804,74,0,0
BRDA:804,74,1,0
BRDA:807,75,0,0
BRDA:807,75,1,0
BRDA:809,76,0,0
BRDA:809,76,1,0
BRDA:813,77,0,0
BRDA:813,77,1,0
BRDA:822,78,0,0
BRDA:822,78,1,0
BRDA:826,79,0,0
BRDA:826,80,0,0
BRDA:826,80,1,0
BRDA:827,81,0,0
BRDA:827,81,1,0
BRDA:852,82,0,0
BRDA:858,83,0,0
BRDA:863,84,0,0
BRDA:863,84,1,0
BRDA:877,85,0,0
BRDA:877,85,1,0
BRDA:878,86,0,0
BRDA:878,86,1,0
BRDA:878,87,0,0
BRDA:878,87,1,0
BRDA:878,87,2,0
BRDA:878,87,3,0
BRDA:883,88,0,0
BRDA:883,88,1,0
BRDA:885,89,0,0
BRDA:885,89,1,0
BRDA:887,90,0,0
BRDA:887,90,1,0
BRDA:910,91,0,0
BRDA:924,92,0,0
BRDA:924,92,1,0
BRDA:940,93,0,0
BRDA:940,93,1,0
BRDA:960,94,0,0
BRDA:960,94,1,0
BRDA:967,95,0,0
BRDA:967,95,1,0
BRDA:969,96,0,0
BRDA:969,96,1,0
BRDA:977,97,0,0
BRDA:979,98,0,0
BRDA:983,99,0,0
BRDA:983,99,1,0
BRDA:1025,100,0,0
BRDA:1025,101,0,0
BRDA:1025,101,1,0
BRDA:1027,102,0,0
BRDA:1031,103,0,0
BRDA:1035,104,0,0
BRDA:1035,104,1,0
BRF:191
BRH:0
end_of_record
TN:
SF:components\BadgeDisplay.tsx
FN:24,(anonymous_1)
FN:35,(anonymous_2)
FNF:2
FNH:0
FNDA:0,(anonymous_1)
FNDA:0,(anonymous_2)
DA:1,0
DA:4,0
DA:24,0
DA:25,0
DA:27,0
DA:31,0
DA:33,0
DA:36,0
DA:50,0
LF:9
LH:0
BRDA:24,0,0,0
BRDA:25,1,0,0
BRDA:25,2,0,0
BRDA:25,2,1,0
BRDA:27,3,0,0
BRDA:27,3,1,0
BRDA:31,4,0,0
BRDA:31,4,1,0
BRF:8
BRH:0
end_of_record
TN:
SF:components\Benefits.tsx
FN:26,(anonymous_1)
FN:37,(anonymous_2)
FN:42,(anonymous_3)
FNF:3
FNH:0
FNDA:0,(anonymous_1)
FNDA:0,(anonymous_2)
FNDA:0,(anonymous_3)
DA:1,0
DA:3,0
DA:26,0
DA:27,0
DA:37,0
DA:38,0
DA:43,0
DA:50,0
LF:8
LH:0
BRF:0
BRH:0
end_of_record
TN:
SF:components\BoostListingModal.tsx
FN:11,(anonymous_9)
FN:21,(anonymous_10)
FN:22,(anonymous_11)
FN:24,(anonymous_12)
FN:35,(anonymous_13)
FN:50,(anonymous_14)
FN:122,(anonymous_15)
FN:125,(anonymous_16)
FN:147,(anonymous_17)
FNF:9
FNH:0
FNDA:0,(anonymous_9)
FNDA:0,(anonymous_10)
FNDA:0,(anonymous_11)
FNDA:0,(anonymous_12)
FNDA:0,(anonymous_13)
FNDA:0,(anonymous_14)
FNDA:0,(anonymous_15)
FNDA:0,(anonymous_16)
FNDA:0,(anonymous_17)
DA:1,0
DA:11,0
DA:16,0
DA:17,0
DA:18,0
DA:21,0
DA:22,0
DA:23,0
DA:24,0
DA:25,0
DA:27,0
DA:30,0
DA:33,0
DA:35,0
DA:36,0
DA:38,0
DA:39,0
DA:40,0
DA:41,0
DA:43,0
DA:44,0
DA:46,0
DA:50,0
DA:51,0
DA:52,0
DA:53,0
DA:54,0
DA:55,0
DA:56,0
DA:60,0
DA:123,0
DA:125,0
DA:148,0
DA:225,0
LF:34
LH:0
BRDA:33,0,0,0
BRDA:36,1,0,0
BRDA:51,2,0,0
BRDA:51,2,1,0
BRDA:51,2,2,0
BRDA:51,2,3,0
BRDA:51,2,4,0
BRDA:127,3,0,0
BRDA:127,3,1,0
BRDA:140,4,0,0
BRDA:140,4,1,0
BRDA:171,5,0,0
BRDA:171,5,1,0
BRDA:201,6,0,0
BRDA:201,6,1,0
BRDA:204,7,0,0
BRDA:204,7,1,0
BRF:17
BRH:0
end_of_record
TN:
SF:components\BulkUploadModal.tsx
FN:12,(anonymous_9)
FN:14,(anonymous_10)
FN:19,(anonymous_11)
FN:37,(anonymous_12)
FN:43,(anonymous_13)
FN:49,(anonymous_14)
FN:52,(anonymous_15)
FN:58,(anonymous_16)
FN:88,(anonymous_17)
FN:122,(anonymous_18)
FN:129,(anonymous_19)
FN:143,(anonymous_20)
FN:154,(anonymous_21)
FN:154,(anonymous_22)
FN:171,(anonymous_23)
FNF:15
FNH:0
FNDA:0,(anonymous_9)
FNDA:0,(anonymous_10)
FNDA:0,(anonymous_11)
FNDA:0,(anonymous_12)
FNDA:0,(anonymous_13)
FNDA:0,(anonymous_14)
FNDA:0,(anonymous_15)
FNDA:0,(anonymous_16)
FNDA:0,(anonymous_17)
FNDA:0,(anonymous_18)
FNDA:0,(anonymous_19)
FNDA:0,(anonymous_20)
FNDA:0,(anonymous_21)
FNDA:0,(anonymous_22)
FNDA:0,(anonymous_23)
DA:1,0
DA:12,0
DA:13,0
DA:14,0
DA:15,0
DA:16,0
DA:17,0
DA:18,0
DA:19,0
DA:20,0
DA:21,0
DA:23,0
DA:26,0
DA:30,0
DA:35,0
DA:37,0
DA:38,0
DA:39,0
DA:40,0
DA:41,0
DA:43,0
DA:44,0
DA:45,0
DA:49,0
DA:50,0
DA:51,0
DA:52,0
DA:53,0
DA:54,0
DA:55,0
DA:56,0
DA:58,0
DA:59,0
DA:60,0
DA:61,0
DA:62,0
DA:63,0
DA:67,0
DA:69,0
DA:88,0
DA:108,0
DA:109,0
DA:110,0
DA:112,0
DA:115,0
DA:116,0
DA:117,0
DA:119,0
DA:122,0
DA:123,0
DA:124,0
DA:126,0
DA:129,0
DA:130,0
DA:131,0
DA:132,0
DA:133,0
DA:134,0
DA:135,0
DA:136,0
DA:137,0
DA:138,0
DA:141,0
DA:143,0
DA:154,0
DA:171,0
DA:190,0
LF:67
LH:0
BRDA:18,0,0,0
BRDA:44,1,0,0
BRDA:44,2,0,0
BRDA:44,2,1,0
BRDA:50,3,0,0
BRDA:61,4,0,0
BRDA:67,5,0,0
BRDA:80,6,0,0
BRDA:80,6,1,0
BRDA:85,7,0,0
BRDA:85,7,1,0
BRDA:88,8,0,0
BRDA:88,8,1,0
BRDA:90,9,0,0
BRDA:90,9,1,0
BRDA:91,10,0,0
BRDA:91,10,1,0
BRDA:92,11,0,0
BRDA:92,11,1,0
BRDA:93,12,0,0
BRDA:93,12,1,0
BRDA:94,13,0,0
BRDA:94,13,1,0
BRDA:108,14,0,0
BRDA:108,15,0,0
BRDA:108,15,1,0
BRDA:108,15,2,0
BRDA:123,16,0,0
BRDA:150,17,0,0
BRDA:150,17,1,0
BRDA:160,18,0,0
BRDA:160,18,1,0
BRDA:165,19,0,0
BRDA:165,19,1,0
BRDA:167,20,0,0
BRDA:167,20,1,0
BRDA:182,21,0,0
BRDA:182,21,1,0
BRDA:183,22,0,0
BRDA:183,22,1,0
BRF:40
BRH:0
end_of_record
TN:
SF:components\BuyerDashboard.tsx
FN:20,(anonymous_10)
FN:35,(anonymous_11)
FN:47,(anonymous_12)
FN:59,(anonymous_13)
FN:64,(anonymous_14)
FN:67,(anonymous_15)
FN:72,(anonymous_16)
FN:74,(anonymous_17)
FN:80,(anonymous_18)
FN:85,(anonymous_19)
FN:87,(anonymous_20)
FN:90,(anonymous_21)
FN:95,(anonymous_22)
FN:105,(anonymous_23)
FN:111,(anonymous_24)
FN:117,(anonymous_25)
FN:123,(anonymous_26)
FN:152,(anonymous_27)
FN:166,(anonymous_28)
FN:180,(anonymous_29)
FN:194,(anonymous_30)
FN:228,(anonymous_31)
FN:263,(anonymous_32)
FN:264,(anonymous_33)
FN:271,(anonymous_34)
FN:299,(anonymous_35)
FN:300,(anonymous_36)
FN:336,(anonymous_37)
FN:343,(anonymous_38)
FN:368,(anonymous_39)
FN:403,(anonymous_40)
FN:411,(anonymous_41)
FN:428,(anonymous_42)
FN:461,(anonymous_43)
FN:488,(anonymous_44)
FN:525,(anonymous_45)
FN:526,(anonymous_46)
FN:532,(anonymous_47)
FNF:38
FNH:0
FNDA:0,(anonymous_10)
FNDA:0,(anonymous_11)
FNDA:0,(anonymous_12)
FNDA:0,(anonymous_13)
FNDA:0,(anonymous_14)
FNDA:0,(anonymous_15)
FNDA:0,(anonymous_16)
FNDA:0,(anonymous_17)
FNDA:0,(anonymous_18)
FNDA:0,(anonymous_19)
FNDA:0,(anonymous_20)
FNDA:0,(anonymous_21)
FNDA:0,(anonymous_22)
FNDA:0,(anonymous_23)
FNDA:0,(anonymous_24)
FNDA:0,(anonymous_25)
FNDA:0,(anonymous_26)
FNDA:0,(anonymous_27)
FNDA:0,(anonymous_28)
FNDA:0,(anonymous_29)
FNDA:0,(anonymous_30)
FNDA:0,(anonymous_31)
FNDA:0,(anonymous_32)
FNDA:0,(anonymous_33)
FNDA:0,(anonymous_34)
FNDA:0,(anonymous_35)
FNDA:0,(anonymous_36)
FNDA:0,(anonymous_37)
FNDA:0,(anonymous_38)
FNDA:0,(anonymous_39)
FNDA:0,(anonymous_40)
FNDA:0,(anonymous_41)
FNDA:0,(anonymous_42)
FNDA:0,(anonymous_43)
FNDA:0,(anonymous_44)
FNDA:0,(anonymous_45)
FNDA:0,(anonymous_46)
FNDA:0,(anonymous_47)
DA:1,0
DA:3,0
DA:4,0
DA:5,0
DA:20,0
DA:32,0
DA:34,0
DA:35,0
DA:39,0
DA:40,0
DA:47,0
DA:58,0
DA:59,0
DA:64,0
DA:65,0
DA:66,0
DA:67,0
DA:71,0
DA:73,0
DA:74,0
DA:80,0
DA:81,0
DA:85,0
DA:86,0
DA:87,0
DA:90,0
DA:91,0
DA:92,0
DA:95,0
DA:96,0
DA:97,0
DA:100,0
DA:105,0
DA:111,0
DA:117,0
DA:123,0
DA:127,0
DA:152,0
DA:166,0
DA:180,0
DA:194,0
DA:229,0
DA:264,0
DA:265,0
DA:266,0
DA:267,0
DA:271,0
DA:300,0
DA:301,0
DA:302,0
DA:336,0
DA:344,0
DA:369,0
DA:403,0
DA:412,0
DA:413,0
DA:428,0
DA:461,0
DA:489,0
DA:526,0
DA:527,0
DA:528,0
DA:532,0
DA:572,0
LF:64
LH:0
BRDA:35,0,0,0
BRDA:35,0,1,0
BRDA:39,1,0,0
BRDA:65,2,0,0
BRDA:65,3,0,0
BRDA:65,3,1,0
BRDA:67,4,0,0
BRDA:67,4,1,0
BRDA:73,5,0,0
BRDA:73,6,0,0
BRDA:73,6,1,0
BRDA:74,7,0,0
BRDA:74,7,1,0
BRDA:154,8,0,0
BRDA:154,8,1,0
BRDA:168,9,0,0
BRDA:168,9,1,0
BRDA:182,10,0,0
BRDA:182,10,1,0
BRDA:196,11,0,0
BRDA:196,11,1,0
BRDA:205,12,0,0
BRDA:205,12,1,0
BRDA:248,13,0,0
BRDA:248,13,1,0
BRDA:248,13,2,0
BRDA:258,14,0,0
BRDA:258,14,1,0
BRDA:265,15,0,0
BRDA:294,16,0,0
BRDA:294,16,1,0
BRDA:301,17,0,0
BRDA:311,18,0,0
BRDA:311,18,1,0
BRDA:326,19,0,0
BRDA:326,19,1,0
BRDA:329,20,0,0
BRDA:329,20,1,0
BRDA:352,21,0,0
BRDA:352,21,1,0
BRDA:362,22,0,0
BRDA:362,22,1,0
BRDA:377,23,0,0
BRDA:377,23,1,0
BRDA:389,24,0,0
BRDA:389,24,1,0
BRDA:397,25,0,0
BRDA:397,25,1,0
BRDA:424,26,0,0
BRDA:424,26,1,0
BRDA:439,27,0,0
BRDA:439,27,1,0
BRDA:444,28,0,0
BRDA:444,28,1,0
BRDA:449,29,0,0
BRDA:449,29,1,0
BRDA:449,29,2,0
BRDA:451,30,0,0
BRDA:451,30,1,0
BRDA:451,31,0,0
BRDA:451,31,1,0
BRDA:477,32,0,0
BRDA:477,32,1,0
BRDA:482,33,0,0
BRDA:482,33,1,0
BRDA:497,34,0,0
BRDA:497,34,1,0
BRDA:508,35,0,0
BRDA:508,35,1,0
BRDA:513,36,0,0
BRDA:513,36,1,0
BRDA:513,37,0,0
BRDA:513,37,1,0
BRDA:519,38,0,0
BRDA:519,38,1,0
BRDA:527,39,0,0
BRF:76
BRH:0
end_of_record
TN:
SF:components\CarSpecModal.tsx
FN:10,(anonymous_9)
FN:19,(anonymous_10)
FN:26,(anonymous_11)
FN:32,(anonymous_12)
FN:37,(anonymous_13)
FN:38,(anonymous_14)
FN:39,(anonymous_15)
FN:47,(anonymous_16)
FN:60,(anonymous_17)
FNF:9
FNH:0
FNDA:0,(anonymous_9)
FNDA:0,(anonymous_10)
FNDA:0,(anonymous_11)
FNDA:0,(anonymous_12)
FNDA:0,(anonymous_13)
FNDA:0,(anonymous_14)
FNDA:0,(anonymous_15)
FNDA:0,(anonymous_16)
FNDA:0,(anonymous_17)
DA:1,0
DA:10,0
DA:11,0
DA:19,0
DA:20,0
DA:26,0
DA:27,0
DA:28,0
DA:30,0
DA:32,0
DA:37,0
DA:38,0
DA:39,0
DA:40,0
DA:41,0
DA:44,0
DA:45,0
DA:47,0
DA:48,0
DA:49,0
DA:53,0
DA:60,0
DA:117,0
LF:23
LH:0
BRDA:22,0,0,0
BRDA:22,0,1,0
BRDA:27,1,0,0
BRDA:40,2,0,0
BRDA:91,3,0,0
BRDA:91,3,1,0
BRF:6
BRH:0
end_of_record
TN:
SF:components\ChatWidget.tsx
FN:22,(anonymous_9)
FN:33,(anonymous_10)
FN:41,(anonymous_11)
FN:54,(anonymous_12)
FN:58,(anonymous_13)
FN:62,(anonymous_14)
FN:63,(anonymous_15)
FN:69,(anonymous_16)
FN:72,(anonymous_17)
FN:77,(anonymous_18)
FN:85,(anonymous_19)
FN:86,(anonymous_20)
FN:90,(anonymous_21)
FN:95,(anonymous_22)
FN:107,(anonymous_23)
FN:122,(anonymous_24)
FN:139,(anonymous_25)
FN:147,(anonymous_26)
FN:150,(anonymous_27)
FN:169,(anonymous_28)
FN:175,(anonymous_29)
FN:195,(anonymous_30)
FN:196,(anonymous_31)
FN:203,(anonymous_32)
FN:203,(anonymous_33)
FN:203,(anonymous_34)
FN:203,(anonymous_35)
FN:207,(anonymous_36)
FN:229,(anonymous_37)
FN:233,(anonymous_38)
FN:238,(anonymous_39)
FN:238,(anonymous_40)
FN:249,(anonymous_41)
FNF:33
FNH:0
FNDA:0,(anonymous_9)
FNDA:0,(anonymous_10)
FNDA:0,(anonymous_11)
FNDA:0,(anonymous_12)
FNDA:0,(anonymous_13)
FNDA:0,(anonymous_14)
FNDA:0,(anonymous_15)
FNDA:0,(anonymous_16)
FNDA:0,(anonymous_17)
FNDA:0,(anonymous_18)
FNDA:0,(anonymous_19)
FNDA:0,(anonymous_20)
FNDA:0,(anonymous_21)
FNDA:0,(anonymous_22)
FNDA:0,(anonymous_23)
FNDA:0,(anonymous_24)
FNDA:0,(anonymous_25)
FNDA:0,(anonymous_26)
FNDA:0,(anonymous_27)
FNDA:0,(anonymous_28)
FNDA:0,(anonymous_29)
FNDA:0,(anonymous_30)
FNDA:0,(anonymous_31)
FNDA:0,(anonymous_32)
FNDA:0,(anonymous_33)
FNDA:0,(anonymous_34)
FNDA:0,(anonymous_35)
FNDA:0,(anonymous_36)
FNDA:0,(anonymous_37)
FNDA:0,(anonymous_38)
FNDA:0,(anonymous_39)
FNDA:0,(anonymous_40)
FNDA:0,(anonymous_41)
DA:2,0
DA:4,0
DA:20,0
DA:22,0
DA:23,0
DA:33,0
DA:34,0
DA:35,0
DA:36,0
DA:37,0
DA:38,0
DA:41,0
DA:42,0
DA:51,0
DA:52,0
DA:54,0
DA:55,0
DA:58,0
DA:59,0
DA:62,0
DA:63,0
DA:64,0
DA:65,0
DA:68,0
DA:69,0
DA:72,0
DA:73,0
DA:74,0
DA:77,0
DA:78,0
DA:79,0
DA:80,0
DA:81,0
DA:82,0
DA:85,0
DA:86,0
DA:87,0
DA:90,0
DA:91,0
DA:92,0
DA:95,0
DA:96,0
DA:97,0
DA:98,0
DA:99,0
DA:100,0
DA:101,0
DA:107,0
DA:108,0
DA:112,0
DA:115,0
DA:116,0
DA:118,0
DA:119,0
DA:122,0
DA:134,0
DA:139,0
DA:147,0
DA:150,0
DA:170,0
DA:175,0
DA:196,0
DA:203,0
DA:207,0
DA:230,0
DA:231,0
DA:234,0
DA:235,0
DA:238,0
DA:249,0
LF:70
LH:0
BRDA:64,0,0,0
BRDA:64,1,0,0
BRDA:64,1,1,0
BRDA:79,2,0,0
BRDA:97,3,0,0
BRDA:97,4,0,0
BRDA:97,4,1,0
BRDA:98,5,0,0
BRDA:100,6,0,0
BRDA:101,7,0,0
BRDA:101,7,1,0
BRDA:115,8,0,0
BRDA:115,8,1,0
BRDA:116,9,0,0
BRDA:116,9,1,0
BRDA:118,10,0,0
BRDA:136,11,0,0
BRDA:136,11,1,0
BRDA:144,12,0,0
BRDA:144,12,1,0
BRDA:145,13,0,0
BRDA:145,13,1,0
BRDA:158,14,0,0
BRDA:158,14,1,0
BRDA:170,15,0,0
BRDA:170,15,1,0
BRDA:171,16,0,0
BRDA:171,16,1,0
BRDA:172,17,0,0
BRDA:172,17,1,0
BRDA:174,18,0,0
BRDA:174,18,1,0
BRDA:174,19,0,0
BRDA:174,19,1,0
BRDA:175,20,0,0
BRDA:175,20,1,0
BRDA:179,21,0,0
BRDA:179,21,1,0
BRDA:185,22,0,0
BRDA:185,22,1,0
BRDA:185,22,2,0
BRDA:193,23,0,0
BRDA:193,23,1,0
BRDA:206,24,0,0
BRDA:206,24,1,0
BRDA:210,25,0,0
BRDA:210,25,1,0
BRDA:244,26,0,0
BRDA:244,26,1,0
BRF:49
BRH:0
end_of_record
TN:
SF:components\CityDropdown.tsx
FN:10,(anonymous_9)
FN:15,(anonymous_10)
FN:19,(anonymous_11)
FN:20,(anonymous_12)
FN:27,(anonymous_13)
FN:32,(anonymous_14)
FN:45,(anonymous_15)
FN:64,(anonymous_16)
FN:83,(anonymous_17)
FN:86,(anonymous_18)
FN:99,(anonymous_19)
FN:102,(anonymous_20)
FNF:12
FNH:0
FNDA:0,(anonymous_9)
FNDA:0,(anonymous_10)
FNDA:0,(anonymous_11)
FNDA:0,(anonymous_12)
FNDA:0,(anonymous_13)
FNDA:0,(anonymous_14)
FNDA:0,(anonymous_15)
FNDA:0,(anonymous_16)
FNDA:0,(anonymous_17)
FNDA:0,(anonymous_18)
FNDA:0,(anonymous_19)
FNDA:0,(anonymous_20)
DA:1,0
DA:10,0
DA:11,0
DA:12,0
DA:15,0
DA:16,0
DA:19,0
DA:20,0
DA:24,0
DA:27,0
DA:28,0
DA:29,0
DA:32,0
DA:33,0
DA:34,0
DA:38,0
DA:39,0
DA:40,0
DA:42,0
DA:45,0
DA:64,0
DA:84,0
DA:86,0
DA:100,0
DA:102,0
DA:121,0
LF:26
LH:0
BRDA:19,0,0,0
BRDA:19,0,1,0
BRDA:50,1,0,0
BRDA:50,1,1,0
BRDA:59,2,0,0
BRDA:59,2,1,0
BRF:6
BRH:0
end_of_record
TN:
SF:components\CityLandingPage.tsx
FN:17,(anonymous_10)
FN:27,(anonymous_11)
FN:29,(anonymous_12)
FN:29,(anonymous_13)
FN:77,(anonymous_14)
FN:88,(anonymous_15)
FNF:6
FNH:0
FNDA:0,(anonymous_10)
FNDA:0,(anonymous_11)
FNDA:0,(anonymous_12)
FNDA:0,(anonymous_13)
FNDA:0,(anonymous_14)
FNDA:0,(anonymous_15)
DA:1,0
DA:3,0
DA:4,0
DA:17,0
DA:27,0
DA:28,0
DA:29,0
DA:33,0
DA:34,0
DA:42,0
DA:78,0
DA:88,0
DA:128,0
LF:13
LH:0
BRDA:29,0,0,0
BRDA:29,0,1,0
BRDA:33,1,0,0
BRDA:86,2,0,0
BRDA:86,2,1,0
BRF:5
BRH:0
end_of_record
TN:
SF:components\CommandPalette.tsx
FN:31,(anonymous_9)
FN:36,(anonymous_10)
FN:39,(anonymous_11)
FN:40,(anonymous_12)
FN:41,(anonymous_13)
FN:42,(anonymous_14)
FN:45,(anonymous_15)
FN:46,(anonymous_16)
FN:47,(anonymous_17)
FN:49,(anonymous_18)
FN:56,(anonymous_19)
FN:58,(anonymous_20)
FN:61,(anonymous_21)
FN:62,(anonymous_22)
FN:72,(anonymous_23)
FN:76,(anonymous_24)
FN:80,(anonymous_25)
FN:84,(anonymous_26)
FN:85,(anonymous_27)
FN:91,(anonymous_28)
FN:94,(anonymous_29)
FN:106,(anonymous_30)
FN:113,(anonymous_31)
FN:123,(anonymous_32)
FN:128,(anonymous_33)
FN:132,(anonymous_34)
FN:133,(anonymous_35)
FN:138,(anonymous_36)
FNF:28
FNH:0
FNDA:0,(anonymous_9)
FNDA:0,(anonymous_10)
FNDA:0,(anonymous_11)
FNDA:0,(anonymous_12)
FNDA:0,(anonymous_13)
FNDA:0,(anonymous_14)
FNDA:0,(anonymous_15)
FNDA:0,(anonymous_16)
FNDA:0,(anonymous_17)
FNDA:0,(anonymous_18)
FNDA:0,(anonymous_19)
FNDA:0,(anonymous_20)
FNDA:0,(anonymous_21)
FNDA:0,(anonymous_22)
FNDA:0,(anonymous_23)
FNDA:0,(anonymous_24)
FNDA:0,(anonymous_25)
FNDA:0,(anonymous_26)
FNDA:0,(anonymous_27)
FNDA:0,(anonymous_28)
FNDA:0,(anonymous_29)
FNDA:0,(anonymous_30)
FNDA:0,(anonymous_31)
FNDA:0,(anonymous_32)
FNDA:0,(anonymous_33)
FNDA:0,(anonymous_34)
FNDA:0,(anonymous_35)
FNDA:0,(anonymous_36)
DA:3,0
DA:5,0
DA:18,0
DA:31,0
DA:32,0
DA:33,0
DA:34,0
DA:36,0
DA:37,0
DA:39,0
DA:40,0
DA:41,0
DA:42,0
DA:45,0
DA:46,0
DA:47,0
DA:49,0
DA:53,0
DA:56,0
DA:57,0
DA:58,0
DA:61,0
DA:62,0
DA:63,0
DA:64,0
DA:65,0
DA:67,0
DA:68,0
DA:72,0
DA:73,0
DA:74,0
DA:75,0
DA:76,0
DA:80,0
DA:81,0
DA:84,0
DA:85,0
DA:86,0
DA:87,0
DA:89,0
DA:90,0
DA:91,0
DA:92,0
DA:93,0
DA:94,0
DA:95,0
DA:96,0
DA:97,0
DA:98,0
DA:100,0
DA:101,0
DA:105,0
DA:106,0
DA:109,0
DA:111,0
DA:113,0
DA:123,0
DA:129,0
DA:133,0
DA:134,0
DA:138,0
DA:178,0
LF:62
LH:0
BRDA:44,0,0,0
BRDA:44,0,1,0
BRDA:49,1,0,0
BRDA:49,1,1,0
BRDA:51,2,0,0
BRDA:51,2,1,0
BRDA:57,3,0,0
BRDA:64,4,0,0
BRDA:73,5,0,0
BRDA:86,6,0,0
BRDA:87,7,0,0
BRDA:89,8,0,0
BRDA:89,8,1,0
BRDA:92,9,0,0
BRDA:92,9,1,0
BRDA:95,10,0,0
BRDA:95,10,1,0
BRDA:97,11,0,0
BRDA:100,12,0,0
BRDA:109,13,0,0
BRDA:140,14,0,0
BRDA:140,14,1,0
BRDA:146,15,0,0
BRDA:146,15,1,0
BRDA:150,16,0,0
BRDA:150,16,1,0
BRDA:160,17,0,0
BRDA:160,17,1,0
BRF:28
BRH:0
end_of_record
TN:
SF:components\Comparison.tsx
FN:63,(anonymous_9)
FN:67,(anonymous_10)
FN:72,(anonymous_11)
FN:89,(anonymous_12)
FN:90,(anonymous_13)
FN:91,(anonymous_14)
FN:92,(anonymous_15)
FN:93,(anonymous_16)
FN:95,(anonymous_17)
FN:104,(anonymous_18)
FN:106,(anonymous_19)
FN:107,(anonymous_20)
FN:112,(anonymous_21)
FN:115,(anonymous_22)
FN:123,(anonymous_23)
FN:123,(anonymous_24)
FN:129,(anonymous_25)
FN:140,(anonymous_26)
FN:144,(anonymous_27)
FN:150,(anonymous_28)
FN:155,(anonymous_29)
FN:167,(anonymous_30)
FN:196,(anonymous_31)
FN:201,(anonymous_32)
FNF:24
FNH:0
FNDA:0,(anonymous_9)
FNDA:0,(anonymous_10)
FNDA:0,(anonymous_11)
FNDA:0,(anonymous_12)
FNDA:0,(anonymous_13)
FNDA:0,(anonymous_14)
FNDA:0,(anonymous_15)
FNDA:0,(anonymous_16)
FNDA:0,(anonymous_17)
FNDA:0,(anonymous_18)
FNDA:0,(anonymous_19)
FNDA:0,(anonymous_20)
FNDA:0,(anonymous_21)
FNDA:0,(anonymous_22)
FNDA:0,(anonymous_23)
FNDA:0,(anonymous_24)
FNDA:0,(anonymous_25)
FNDA:0,(anonymous_26)
FNDA:0,(anonymous_27)
FNDA:0,(anonymous_28)
FNDA:0,(anonymous_29)
FNDA:0,(anonymous_30)
FNDA:0,(anonymous_31)
FNDA:0,(anonymous_32)
DA:1,0
DA:3,0
DA:11,0
DA:13,0
DA:63,0
DA:64,0
DA:67,0
DA:68,0
DA:72,0
DA:73,0
DA:75,0
DA:76,0
DA:89,0
DA:90,0
DA:91,0
DA:92,0
DA:93,0
DA:95,0
DA:96,0
DA:97,0
DA:98,0
DA:99,0
DA:100,0
DA:101,0
DA:104,0
DA:105,0
DA:106,0
DA:107,0
DA:109,0
DA:112,0
DA:113,0
DA:114,0
DA:115,0
DA:118,0
DA:123,0
DA:129,0
DA:141,0
DA:144,0
DA:151,0
DA:152,0
DA:156,0
DA:157,0
DA:158,0
DA:161,0
DA:162,0
DA:164,0
DA:168,0
DA:169,0
DA:170,0
DA:171,0
DA:172,0
DA:173,0
DA:174,0
DA:176,0
DA:177,0
DA:178,0
DA:180,0
DA:197,0
DA:198,0
DA:202,0
DA:216,0
LF:61
LH:0
BRDA:75,0,0,0
BRDA:92,1,0,0
BRDA:92,1,1,0
BRDA:93,2,0,0
BRDA:93,2,1,0
BRDA:96,3,0,0
BRDA:96,4,0,0
BRDA:96,4,1,0
BRDA:97,5,0,0
BRDA:97,6,0,0
BRDA:97,6,1,0
BRDA:98,7,0,0
BRDA:98,8,0,0
BRDA:98,8,1,0
BRDA:99,9,0,0
BRDA:99,10,0,0
BRDA:99,10,1,0
BRDA:99,10,2,0
BRDA:100,11,0,0
BRDA:100,12,0,0
BRDA:100,12,1,0
BRDA:100,12,2,0
BRDA:113,13,0,0
BRDA:129,14,0,0
BRDA:129,14,1,0
BRDA:129,15,0,0
BRDA:129,15,1,0
BRDA:130,16,0,0
BRDA:130,16,1,0
BRDA:143,17,0,0
BRDA:143,17,1,0
BRDA:157,18,0,0
BRDA:161,19,0,0
BRDA:161,19,1,0
BRDA:162,20,0,0
BRDA:162,20,1,0
BRDA:162,21,0,0
BRDA:162,21,1,0
BRDA:165,22,0,0
BRDA:165,22,1,0
BRDA:166,23,0,0
BRDA:166,23,1,0
BRDA:168,24,0,0
BRDA:168,25,0,0
BRDA:168,25,1,0
BRDA:169,26,0,0
BRDA:169,27,0,0
BRDA:169,27,1,0
BRDA:170,28,0,0
BRDA:170,28,1,0
BRDA:171,29,0,0
BRDA:171,29,1,0
BRDA:172,30,0,0
BRDA:172,30,1,0
BRDA:173,31,0,0
BRDA:176,32,0,0
BRDA:177,33,0,0
BRDA:182,34,0,0
BRDA:182,34,1,0
BRDA:202,35,0,0
BRDA:202,35,1,0
BRDA:202,36,0,0
BRDA:202,36,1,0
BRDA:203,37,0,0
BRDA:203,37,1,0
BRF:65
BRH:0
end_of_record
TN:
SF:components\CustomerInbox.tsx
FN:20,(anonymous_10)
FN:24,(anonymous_11)
FN:25,(anonymous_12)
FN:31,(anonymous_13)
FN:32,(anonymous_14)
FN:35,(anonymous_15)
FN:43,(anonymous_16)
FN:48,(anonymous_17)
FN:54,(anonymous_18)
FN:58,(anonymous_19)
FN:60,(anonymous_20)
FN:73,(anonymous_21)
FN:97,(anonymous_22)
FN:105,(anonymous_23)
FN:142,(anonymous_24)
FN:170,(anonymous_25)
FNF:16
FNH:0
FNDA:0,(anonymous_10)
FNDA:0,(anonymous_11)
FNDA:0,(anonymous_12)
FNDA:0,(anonymous_13)
FNDA:0,(anonymous_14)
FNDA:0,(anonymous_15)
FNDA:0,(anonymous_16)
FNDA:0,(anonymous_17)
FNDA:0,(anonymous_18)
FNDA:0,(anonymous_19)
FNDA:0,(anonymous_20)
FNDA:0,(anonymous_21)
FNDA:0,(anonymous_22)
FNDA:0,(anonymous_23)
FNDA:0,(anonymous_24)
FNDA:0,(anonymous_25)
DA:1,0
DA:3,0
DA:4,0
DA:20,0
DA:21,0
DA:22,0
DA:24,0
DA:25,0
DA:26,0
DA:28,0
DA:29,0
DA:31,0
DA:32,0
DA:35,0
DA:36,0
DA:37,0
DA:38,0
DA:39,0
DA:43,0
DA:44,0
DA:45,0
DA:46,0
DA:48,0
DA:49,0
DA:54,0
DA:55,0
DA:58,0
DA:59,0
DA:60,0
DA:61,0
DA:62,0
DA:73,0
DA:74,0
DA:75,0
DA:79,0
DA:85,0
DA:98,0
DA:99,0
DA:102,0
DA:105,0
DA:143,0
DA:144,0
DA:146,0
DA:170,0
DA:177,0
LF:45
LH:0
BRDA:26,0,0,0
BRDA:26,0,1,0
BRDA:26,0,2,0
BRDA:37,1,0,0
BRDA:44,2,0,0
BRDA:44,3,0,0
BRDA:44,3,1,0
BRDA:48,4,0,0
BRDA:48,5,0,0
BRDA:48,5,1,0
BRDA:59,6,0,0
BRDA:61,7,0,0
BRDA:61,8,0,0
BRDA:61,8,1,0
BRDA:61,8,2,0
BRDA:74,9,0,0
BRDA:95,10,0,0
BRDA:95,10,1,0
BRDA:99,11,0,0
BRDA:99,11,1,0
BRDA:101,12,0,0
BRDA:101,12,1,0
BRDA:106,13,0,0
BRDA:106,13,1,0
BRDA:106,14,0,0
BRDA:106,14,1,0
BRDA:110,15,0,0
BRDA:110,15,1,0
BRDA:114,16,0,0
BRDA:114,16,1,0
BRDA:115,17,0,0
BRDA:115,17,1,0
BRDA:116,18,0,0
BRDA:116,18,1,0
BRDA:117,19,0,0
BRDA:117,19,1,0
BRDA:137,20,0,0
BRDA:137,20,1,0
BRDA:143,21,0,0
BRDA:143,21,1,0
BRDA:143,22,0,0
BRDA:143,22,1,0
BRDA:165,23,0,0
BRDA:165,23,1,0
BRDA:165,23,2,0
BRF:45
BRH:0
end_of_record
TN:
SF:components\Dashboard.tsx
FN:54,(anonymous_10)
FN:62,(anonymous_11)
FN:69,(anonymous_12)
FN:69,(anonymous_13)
FN:73,(anonymous_14)
FN:73,(anonymous_15)
FN:75,(anonymous_16)
FN:75,(anonymous_17)
FN:82,(anonymous_18)
FN:106,(anonymous_19)
FN:110,(anonymous_20)
FN:111,(anonymous_21)
FN:173,(anonymous_22)
FN:186,(anonymous_23)
FN:223,(anonymous_24)
FN:228,(anonymous_25)
FN:249,(anonymous_26)
FN:273,(anonymous_27)
FN:309,(anonymous_28)
FN:311,(anonymous_29)
FN:316,(anonymous_30)
FN:317,(anonymous_31)
FN:319,(anonymous_32)
FN:330,(anonymous_33)
FN:344,(anonymous_34)
FN:349,(anonymous_35)
FN:351,(anonymous_36)
FN:352,(anonymous_37)
FN:355,(anonymous_38)
FN:357,(anonymous_39)
FN:358,(anonymous_40)
FN:362,(anonymous_41)
FN:368,(anonymous_42)
FN:372,(anonymous_43)
FN:395,(anonymous_44)
FN:406,(anonymous_45)
FN:425,(anonymous_46)
FN:429,(anonymous_47)
FN:444,(anonymous_48)
FN:447,(anonymous_49)
FN:455,(anonymous_50)
FN:457,(anonymous_51)
FN:462,(anonymous_52)
FN:464,(anonymous_53)
FN:473,(anonymous_54)
FN:475,(anonymous_55)
FN:480,(anonymous_56)
FN:481,(anonymous_57)
FN:481,(anonymous_58)
FN:484,(anonymous_59)
FN:486,(anonymous_60)
FN:497,(anonymous_61)
FN:498,(anonymous_62)
FN:502,(anonymous_63)
FN:507,(anonymous_64)
FN:508,(anonymous_65)
FN:511,(anonymous_66)
FN:517,(anonymous_67)
FN:524,(anonymous_68)
FN:524,(anonymous_69)
FN:526,(anonymous_70)
FN:533,(anonymous_71)
FN:540,(anonymous_72)
FN:540,(anonymous_73)
FN:543,(anonymous_74)
FN:544,(anonymous_75)
FN:553,(anonymous_76)
FN:554,(anonymous_77)
FN:554,(anonymous_78)
FN:557,(anonymous_79)
FN:558,(anonymous_80)
FN:558,(anonymous_81)
FN:561,(anonymous_82)
FN:570,(anonymous_83)
FN:575,(anonymous_84)
FN:633,(anonymous_85)
FN:635,(anonymous_86)
FN:665,(anonymous_87)
FN:677,(anonymous_88)
FN:679,(anonymous_89)
FN:691,(anonymous_90)
FN:701,(anonymous_91)
FN:706,(anonymous_92)
FN:719,(anonymous_93)
FN:723,(anonymous_94)
FN:738,(anonymous_95)
FN:742,(anonymous_96)
FN:748,(anonymous_97)
FN:754,(anonymous_98)
FN:758,(anonymous_99)
FN:762,(anonymous_100)
FN:766,(anonymous_101)
FN:778,(anonymous_102)
FN:778,(anonymous_103)
FN:782,(anonymous_104)
FN:785,(anonymous_105)
FN:798,(anonymous_106)
FN:798,(anonymous_107)
FN:805,(anonymous_108)
FN:809,(anonymous_109)
FN:812,(anonymous_110)
FN:829,(anonymous_111)
FN:833,(anonymous_112)
FN:836,(anonymous_113)
FN:844,(anonymous_114)
FN:844,(anonymous_115)
FN:847,(anonymous_116)
FN:847,(anonymous_117)
FN:876,(anonymous_118)
FN:897,(anonymous_119)
FN:897,(anonymous_120)
FN:897,(anonymous_121)
FN:897,(anonymous_122)
FN:897,(anonymous_123)
FN:904,(anonymous_124)
FN:910,(anonymous_125)
FN:912,(anonymous_126)
FN:913,(anonymous_127)
FN:913,(anonymous_128)
FN:939,(anonymous_129)
FN:941,(anonymous_130)
FN:951,(anonymous_131)
FN:953,(anonymous_132)
FN:954,(anonymous_133)
FN:961,(anonymous_134)
FN:962,(anonymous_135)
FN:986,(anonymous_136)
FN:995,(anonymous_137)
FN:995,(anonymous_138)
FN:1000,(anonymous_139)
FN:1009,(anonymous_140)
FN:1009,(anonymous_141)
FN:1021,(anonymous_142)
FN:1026,(anonymous_143)
FN:1033,(anonymous_144)
FN:1033,(anonymous_145)
FN:1033,(anonymous_146)
FN:1034,(anonymous_147)
FN:1051,(anonymous_148)
FN:1062,(anonymous_149)
FN:1064,(anonymous_150)
FN:1077,(anonymous_151)
FN:1084,(anonymous_152)
FN:1112,(anonymous_153)
FN:1140,(anonymous_154)
FN:1166,(anonymous_155)
FN:1192,(anonymous_156)
FN:1218,(anonymous_157)
FN:1223,(anonymous_158)
FN:1228,(anonymous_159)
FN:1233,(anonymous_160)
FN:1234,(anonymous_161)
FN:1240,(anonymous_162)
FN:1241,(anonymous_163)
FN:1248,(anonymous_164)
FN:1248,(anonymous_165)
FN:1249,(anonymous_166)
FN:1249,(anonymous_167)
FN:1250,(anonymous_168)
FN:1250,(anonymous_169)
FN:1251,(anonymous_170)
FN:1253,(anonymous_171)
FN:1254,(anonymous_172)
FN:1255,(anonymous_173)
FN:1256,(anonymous_174)
FN:1257,(anonymous_175)
FN:1263,(anonymous_176)
FN:1271,(anonymous_177)
FN:1282,(anonymous_178)
FN:1290,(anonymous_179)
FN:1293,(anonymous_180)
FN:1297,(anonymous_181)
FN:1311,(anonymous_182)
FN:1328,(anonymous_183)
FN:1329,(anonymous_184)
FN:1330,(anonymous_185)
FN:1347,(anonymous_186)
FN:1348,(anonymous_187)
FN:1348,(anonymous_188)
FN:1435,(anonymous_189)
FN:1451,(anonymous_190)
FN:1457,(anonymous_191)
FN:1457,(anonymous_192)
FN:1460,(anonymous_193)
FN:1460,(anonymous_194)
FN:1461,(anonymous_195)
FN:1471,(anonymous_196)
FN:1499,(anonymous_197)
FN:1507,(anonymous_198)
FN:1519,(anonymous_199)
FN:1526,(anonymous_200)
FN:1538,(anonymous_201)
FN:1549,(anonymous_202)
FN:1560,(anonymous_203)
FN:1579,(anonymous_204)
FN:1586,(anonymous_205)
FN:1593,(anonymous_206)
FN:1600,(anonymous_207)
FN:1612,(anonymous_208)
FN:1624,(anonymous_209)
FN:1636,(anonymous_210)
FN:1684,(anonymous_211)
FN:1737,(anonymous_212)
FN:1739,(anonymous_213)
FN:1865,(anonymous_214)
FN:1866,(anonymous_215)
FN:1869,(anonymous_216)
FN:1877,(anonymous_217)
FN:1886,(anonymous_218)
FN:1887,(anonymous_219)
FNF:210
FNH:0
FNDA:0,(anonymous_10)
FNDA:0,(anonymous_11)
FNDA:0,(anonymous_12)
FNDA:0,(anonymous_13)
FNDA:0,(anonymous_14)
FNDA:0,(anonymous_15)
FNDA:0,(anonymous_16)
FNDA:0,(anonymous_17)
FNDA:0,(anonymous_18)
FNDA:0,(anonymous_19)
FNDA:0,(anonymous_20)
FNDA:0,(anonymous_21)
FNDA:0,(anonymous_22)
FNDA:0,(anonymous_23)
FNDA:0,(anonymous_24)
FNDA:0,(anonymous_25)
FNDA:0,(anonymous_26)
FNDA:0,(anonymous_27)
FNDA:0,(anonymous_28)
FNDA:0,(anonymous_29)
FNDA:0,(anonymous_30)
FNDA:0,(anonymous_31)
FNDA:0,(anonymous_32)
FNDA:0,(anonymous_33)
FNDA:0,(anonymous_34)
FNDA:0,(anonymous_35)
FNDA:0,(anonymous_36)
FNDA:0,(anonymous_37)
FNDA:0,(anonymous_38)
FNDA:0,(anonymous_39)
FNDA:0,(anonymous_40)
FNDA:0,(anonymous_41)
FNDA:0,(anonymous_42)
FNDA:0,(anonymous_43)
FNDA:0,(anonymous_44)
FNDA:0,(anonymous_45)
FNDA:0,(anonymous_46)
FNDA:0,(anonymous_47)
FNDA:0,(anonymous_48)
FNDA:0,(anonymous_49)
FNDA:0,(anonymous_50)
FNDA:0,(anonymous_51)
FNDA:0,(anonymous_52)
FNDA:0,(anonymous_53)
FNDA:0,(anonymous_54)
FNDA:0,(anonymous_55)
FNDA:0,(anonymous_56)
FNDA:0,(anonymous_57)
FNDA:0,(anonymous_58)
FNDA:0,(anonymous_59)
FNDA:0,(anonymous_60)
FNDA:0,(anonymous_61)
FNDA:0,(anonymous_62)
FNDA:0,(anonymous_63)
FNDA:0,(anonymous_64)
FNDA:0,(anonymous_65)
FNDA:0,(anonymous_66)
FNDA:0,(anonymous_67)
FNDA:0,(anonymous_68)
FNDA:0,(anonymous_69)
FNDA:0,(anonymous_70)
FNDA:0,(anonymous_71)
FNDA:0,(anonymous_72)
FNDA:0,(anonymous_73)
FNDA:0,(anonymous_74)
FNDA:0,(anonymous_75)
FNDA:0,(anonymous_76)
FNDA:0,(anonymous_77)
FNDA:0,(anonymous_78)
FNDA:0,(anonymous_79)
FNDA:0,(anonymous_80)
FNDA:0,(anonymous_81)
FNDA:0,(anonymous_82)
FNDA:0,(anonymous_83)
FNDA:0,(anonymous_84)
FNDA:0,(anonymous_85)
FNDA:0,(anonymous_86)
FNDA:0,(anonymous_87)
FNDA:0,(anonymous_88)
FNDA:0,(anonymous_89)
FNDA:0,(anonymous_90)
FNDA:0,(anonymous_91)
FNDA:0,(anonymous_92)
FNDA:0,(anonymous_93)
FNDA:0,(anonymous_94)
FNDA:0,(anonymous_95)
FNDA:0,(anonymous_96)
FNDA:0,(anonymous_97)
FNDA:0,(anonymous_98)
FNDA:0,(anonymous_99)
FNDA:0,(anonymous_100)
FNDA:0,(anonymous_101)
FNDA:0,(anonymous_102)
FNDA:0,(anonymous_103)
FNDA:0,(anonymous_104)
FNDA:0,(anonymous_105)
FNDA:0,(anonymous_106)
FNDA:0,(anonymous_107)
FNDA:0,(anonymous_108)
FNDA:0,(anonymous_109)
FNDA:0,(anonymous_110)
FNDA:0,(anonymous_111)
FNDA:0,(anonymous_112)
FNDA:0,(anonymous_113)
FNDA:0,(anonymous_114)
FNDA:0,(anonymous_115)
FNDA:0,(anonymous_116)
FNDA:0,(anonymous_117)
FNDA:0,(anonymous_118)
FNDA:0,(anonymous_119)
FNDA:0,(anonymous_120)
FNDA:0,(anonymous_121)
FNDA:0,(anonymous_122)
FNDA:0,(anonymous_123)
FNDA:0,(anonymous_124)
FNDA:0,(anonymous_125)
FNDA:0,(anonymous_126)
FNDA:0,(anonymous_127)
FNDA:0,(anonymous_128)
FNDA:0,(anonymous_129)
FNDA:0,(anonymous_130)
FNDA:0,(anonymous_131)
FNDA:0,(anonymous_132)
FNDA:0,(anonymous_133)
FNDA:0,(anonymous_134)
FNDA:0,(anonymous_135)
FNDA:0,(anonymous_136)
FNDA:0,(anonymous_137)
FNDA:0,(anonymous_138)
FNDA:0,(anonymous_139)
FNDA:0,(anonymous_140)
FNDA:0,(anonymous_141)
FNDA:0,(anonymous_142)
FNDA:0,(anonymous_143)
FNDA:0,(anonymous_144)
FNDA:0,(anonymous_145)
FNDA:0,(anonymous_146)
FNDA:0,(anonymous_147)
FNDA:0,(anonymous_148)
FNDA:0,(anonymous_149)
FNDA:0,(anonymous_150)
FNDA:0,(anonymous_151)
FNDA:0,(anonymous_152)
FNDA:0,(anonymous_153)
FNDA:0,(anonymous_154)
FNDA:0,(anonymous_155)
FNDA:0,(anonymous_156)
FNDA:0,(anonymous_157)
FNDA:0,(anonymous_158)
FNDA:0,(anonymous_159)
FNDA:0,(anonymous_160)
FNDA:0,(anonymous_161)
FNDA:0,(anonymous_162)
FNDA:0,(anonymous_163)
FNDA:0,(anonymous_164)
FNDA:0,(anonymous_165)
FNDA:0,(anonymous_166)
FNDA:0,(anonymous_167)
FNDA:0,(anonymous_168)
FNDA:0,(anonymous_169)
FNDA:0,(anonymous_170)
FNDA:0,(anonymous_171)
FNDA:0,(anonymous_172)
FNDA:0,(anonymous_173)
FNDA:0,(anonymous_174)
FNDA:0,(anonymous_175)
FNDA:0,(anonymous_176)
FNDA:0,(anonymous_177)
FNDA:0,(anonymous_178)
FNDA:0,(anonymous_179)
FNDA:0,(anonymous_180)
FNDA:0,(anonymous_181)
FNDA:0,(anonymous_182)
FNDA:0,(anonymous_183)
FNDA:0,(anonymous_184)
FNDA:0,(anonymous_185)
FNDA:0,(anonymous_186)
[...]
DA:249,0
LF:94
LH:0
BRDA:47,0,0,0
BRDA:72,1,0,0
BRDA:72,1,1,0
BRDA:82,2,0,0
BRDA:88,3,0,0
BRDA:113,4,0,0
BRDA:118,5,0,0
BRDA:121,6,0,0
BRDA:122,7,0,0
BRDA:122,8,0,0
BRDA:122,8,1,0
BRDA:123,9,0,0
BRDA:123,10,0,0
BRDA:123,10,1,0
BRDA:124,11,0,0
BRDA:124,12,0,0
BRDA:124,12,1,0
BRDA:125,13,0,0
BRDA:125,14,0,0
BRDA:125,14,1,0
BRDA:126,15,0,0
BRDA:126,16,0,0
BRDA:126,16,1,0
BRDA:127,17,0,0
BRDA:137,18,0,0
BRDA:137,18,1,0
BRDA:137,19,0,0
BRDA:137,19,1,0
BRDA:147,20,0,0
BRDA:147,20,1,0
BRDA:152,21,0,0
BRDA:152,21,1,0
BRDA:154,22,0,0
BRDA:162,23,0,0
BRDA:162,23,1,0
BRDA:172,24,0,0
BRDA:172,24,1,0
BRDA:179,25,0,0
BRDA:179,25,1,0
BRDA:201,26,0,0
BRDA:201,26,1,0
BRDA:204,27,0,0
BRDA:204,27,1,0
BRDA:207,28,0,0
BRDA:207,28,1,0
BRDA:231,29,0,0
BRDA:234,30,0,0
BRF:47
BRH:0
end_of_record
TN:
SF:services\notificationService.ts
FN:6,(anonymous_0)
FN:33,(anonymous_1)
FNF:2
FNH:0
FNDA:0,(anonymous_0)
FNDA:0,(anonymous_1)
DA:6,0
DA:8,0
DA:9,0
DA:10,0
DA:14,0
DA:15,0
DA:19,0
DA:20,0
DA:21,0
DA:25,0
DA:33,0
DA:35,0
DA:36,0
DA:39,0
DA:41,0
DA:43,0
LF:16
LH:0
BRDA:8,0,0,0
BRDA:14,1,0,0
BRDA:19,2,0,0
BRDA:35,3,0,0
BRDA:41,4,0,0
BRF:5
BRH:0
end_of_record
TN:
SF:services\paymentService.ts
FN:4,(anonymous_0)
FN:42,(anonymous_1)
FN:72,(anonymous_2)
FN:90,(anonymous_3)
FN:121,(anonymous_4)
FNF:5
FNH:0
FNDA:0,(anonymous_0)
FNDA:0,(anonymous_1)
FNDA:0,(anonymous_2)
FNDA:0,(anonymous_3)
FNDA:0,(anonymous_4)
DA:4,0
DA:12,0
DA:13,0
DA:28,0
DA:29,0
DA:30,0
DA:33,0
DA:34,0
DA:36,0
DA:37,0
DA:42,0
DA:43,0
DA:44,0
DA:46,0
DA:48,0
DA:49,0
DA:50,0
DA:51,0
DA:53,0
DA:58,0
DA:59,0
DA:60,0
DA:61,0
DA:63,0
DA:66,0
DA:67,0
DA:72,0
DA:73,0
DA:74,0
DA:75,0
DA:77,0
DA:78,0
DA:79,0
DA:82,0
DA:83,0
DA:85,0
DA:86,0
DA:90,0
DA:95,0
DA:96,0
DA:108,0
DA:109,0
DA:110,0
DA:113,0
DA:114,0
DA:116,0
DA:117,0
DA:121,0
DA:126,0
DA:127,0
DA:139,0
DA:140,0
DA:141,0
DA:144,0
DA:145,0
DA:147,0
DA:148,0
LF:57
LH:0
BRDA:28,0,0,0
BRDA:30,1,0,0
BRDA:30,1,1,0
BRDA:46,2,0,0
BRDA:49,3,0,0
BRDA:49,3,1,0
BRDA:49,4,0,0
BRDA:49,4,1,0
BRDA:51,5,0,0
BRDA:51,5,1,0
BRDA:59,6,0,0
BRDA:59,6,1,0
BRDA:59,7,0,0
BRDA:59,7,1,0
BRDA:74,8,0,0
BRDA:74,8,1,0
BRDA:77,9,0,0
BRDA:79,10,0,0
BRDA:79,10,1,0
BRDA:108,11,0,0
BRDA:110,12,0,0
BRDA:110,12,1,0
BRDA:139,13,0,0
BRDA:141,14,0,0
BRDA:141,14,1,0
BRF:25
BRH:0
end_of_record
TN:
SF:services\planService.ts
FN:11,(anonymous_9)
FN:12,(anonymous_10)
FN:19,(anonymous_11)
FN:25,(anonymous_12)
FN:26,(anonymous_13)
FN:28,(anonymous_14)
FN:35,(anonymous_15)
FN:36,(anonymous_16)
FN:37,(anonymous_17)
FN:43,(anonymous_18)
FN:51,(anonymous_19)
FN:62,(anonymous_20)
FN:63,(anonymous_21)
FN:75,(anonymous_22)
FN:87,(anonymous_23)
FN:93,(anonymous_24)
FN:94,(anonymous_25)
FN:99,(anonymous_26)
FN:104,(anonymous_27)
FN:110,(anonymous_28)
FNF:20
FNH:0
FNDA:0,(anonymous_9)
FNDA:0,(anonymous_10)
FNDA:0,(anonymous_11)
FNDA:0,(anonymous_12)
FNDA:0,(anonymous_13)
FNDA:0,(anonymous_14)
FNDA:0,(anonymous_15)
FNDA:0,(anonymous_16)
FNDA:0,(anonymous_17)
FNDA:0,(anonymous_18)
FNDA:0,(anonymous_19)
FNDA:0,(anonymous_20)
FNDA:0,(anonymous_21)
FNDA:0,(anonymous_22)
FNDA:0,(anonymous_23)
FNDA:0,(anonymous_24)
FNDA:0,(anonymous_25)
FNDA:0,(anonymous_26)
FNDA:0,(anonymous_27)
FNDA:0,(anonymous_28)
DA:4,0
DA:9,0
DA:12,0
DA:13,0
DA:14,0
DA:15,0
DA:20,0
DA:21,0
DA:26,0
DA:27,0
DA:29,0
DA:34,0
DA:35,0
DA:36,0
DA:37,0
DA:39,0
DA:44,0
DA:47,0
DA:52,0
DA:53,0
DA:55,0
DA:56,0
DA:58,0
DA:63,0
DA:64,0
DA:66,0
DA:69,0
DA:70,0
DA:71,0
DA:76,0
DA:77,0
DA:78,0
DA:79,0
DA:82,0
DA:88,0
DA:89,0
DA:94,0
DA:95,0
DA:100,0
DA:105,0
DA:106,0
DA:111,0
DA:112,0
DA:117,0
LF:44
LH:0
BRDA:14,0,0,0
BRDA:14,0,1,0
BRDA:21,1,0,0
BRDA:21,1,1,0
BRDA:64,2,0,0
BRDA:78,3,0,0
BRF:6
BRH:0
end_of_record
TN:
SF:services\ratingService.ts
FN:7,(anonymous_0)
FN:22,(anonymous_1)
FN:49,(anonymous_2)
FN:64,(anonymous_3)
FNF:4
FNH:0
FNDA:0,(anonymous_0)
FNDA:0,(anonymous_1)
FNDA:0,(anonymous_2)
FNDA:0,(anonymous_3)
DA:1,0
DA:7,0
DA:8,0
DA:9,0
DA:10,0
DA:12,0
DA:13,0
DA:22,0
DA:23,0
DA:24,0
DA:25,0
DA:28,0
DA:29,0
DA:33,0
DA:34,0
DA:36,0
DA:37,0
DA:39,0
DA:43,0
DA:49,0
DA:50,0
DA:51,0
DA:52,0
DA:54,0
DA:55,0
DA:64,0
DA:65,0
DA:66,0
DA:67,0
DA:70,0
DA:71,0
DA:73,0
DA:74,0
DA:76,0
DA:77,0
DA:79,0
LF:36
LH:0
BRDA:10,0,0,0
BRDA:10,0,1,0
BRDA:23,1,0,0
BRDA:23,2,0,0
BRDA:23,2,1,0
BRDA:29,3,0,0
BRDA:29,3,1,0
BRDA:52,4,0,0
BRDA:52,4,1,0
BRDA:65,5,0,0
BRDA:65,6,0,0
BRDA:65,6,1,0
BRDA:71,7,0,0
BRDA:71,7,1,0
BRF:14
BRH:0
end_of_record
TN:
SF:services\settingsService.ts
FN:10,(anonymous_0)
FN:20,(anonymous_1)
FNF:2
FNH:0
FNDA:0,(anonymous_0)
FNDA:0,(anonymous_1)
DA:3,0
DA:5,0
DA:10,0
DA:11,0
DA:12,0
DA:13,0
DA:15,0
DA:16,0
DA:20,0
DA:21,0
DA:22,0
DA:24,0
LF:12
LH:0
BRDA:13,0,0,0
BRDA:13,0,1,0
BRF:2
BRH:0
end_of_record
TN:
SF:services\supportTicketService.ts
FN:5,(anonymous_0)
FN:15,(anonymous_1)
FNF:2
FNH:0
FNDA:0,(anonymous_0)
FNDA:0,(anonymous_1)
DA:3,0
DA:5,0
DA:6,0
DA:7,0
DA:8,0
DA:10,0
DA:11,0
DA:15,0
DA:16,0
DA:17,0
DA:19,0
LF:11
LH:0
BRDA:8,0,0,0
BRDA:8,0,1,0
BRF:2
BRH:0
end_of_record
TN:
SF:services\syncService.ts
FN:25,(anonymous_0)
FN:29,(anonymous_1)
FN:31,(anonymous_2)
FN:38,(anonymous_3)
FN:46,(anonymous_4)
FN:53,(anonymous_5)
FN:62,(anonymous_6)
FN:69,(anonymous_7)
FN:74,(anonymous_8)
FN:81,(anonymous_9)
FN:88,(anonymous_10)
FN:130,(anonymous_11)
FN:146,(anonymous_12)
FN:187,(anonymous_13)
FN:194,(anonymous_14)
FN:225,(anonymous_15)
FN:234,(anonymous_16)
FN:239,(anonymous_17)
FN:243,(anonymous_18)
FN:249,(anonymous_19)
FN:257,(anonymous_20)
FN:258,(anonymous_21)
FN:261,(anonymous_22)
FNF:23
FNH:0
FNDA:0,(anonymous_0)
FNDA:0,(anonymous_1)
FNDA:0,(anonymous_2)
FNDA:0,(anonymous_3)
FNDA:0,(anonymous_4)
FNDA:0,(anonymous_5)
FNDA:0,(anonymous_6)
FNDA:0,(anonymous_7)
FNDA:0,(anonymous_8)
FNDA:0,(anonymous_9)
FNDA:0,(anonymous_10)
FNDA:0,(anonymous_11)
FNDA:0,(anonymous_12)
FNDA:0,(anonymous_13)
FNDA:0,(anonymous_14)
FNDA:0,(anonymous_15)
FNDA:0,(anonymous_16)
FNDA:0,(anonymous_17)
FNDA:0,(anonymous_18)
FNDA:0,(anonymous_19)
FNDA:0,(anonymous_20)
FNDA:0,(anonymous_21)
FNDA:0,(anonymous_22)
DA:12,0
DA:20,0
DA:21,0
DA:22,0
DA:23,0
DA:26,0
DA:31,0
DA:32,0
DA:33,0
DA:34,0
DA:35,0
DA:38,0
DA:39,0
DA:40,0
DA:41,0
DA:42,0
DA:46,0
DA:47,0
DA:48,0
DA:54,0
DA:55,0
DA:56,0
DA:57,0
DA:58,0
DA:59,0
DA:63,0
DA:64,0
DA:65,0
DA:66,0
DA:70,0
DA:71,0
DA:74,0
DA:75,0
DA:76,0
DA:82,0
DA:83,0
DA:84,0
DA:89,0
DA:90,0
DA:91,0
DA:92,0
DA:95,0
DA:96,0
DA:99,0
DA:100,0
DA:101,0
DA:102,0
DA:106,0
DA:108,0
DA:109,0
DA:110,0
DA:111,0
DA:112,0
DA:114,0
DA:115,0
DA:116,0
DA:119,0
DA:120,0
DA:122,0
DA:123,0
DA:124,0
DA:125,0
DA:126,0
DA:131,0
DA:132,0
DA:133,0
DA:135,0
DA:137,0
DA:138,0
DA:140,0
DA:143,0
DA:147,0
DA:149,0
DA:150,0
DA:152,0
DA:161,0
DA:162,0
DA:163,0
DA:167,0
DA:176,0
DA:177,0
DA:178,0
DA:181,0
DA:183,0
DA:186,0
DA:187,0
DA:191,0
DA:195,0
DA:197,0
DA:198,0
DA:199,0
DA:200,0
DA:201,0
DA:202,0
DA:203,0
DA:204,0
DA:205,0
DA:209,0
DA:210,0
DA:211,0
DA:212,0
DA:213,0
DA:214,0
DA:215,0
DA:216,0
DA:217,0
DA:220,0
DA:222,0
DA:226,0
DA:227,0
DA:228,0
DA:230,0
DA:235,0
DA:236,0
DA:240,0
DA:244,0
DA:246,0
DA:249,0
DA:250,0
DA:251,0
DA:252,0
DA:258,0
DA:262,0
DA:263,0
DA:268,0
LF:125
LH:0
BRDA:47,0,0,0
BRDA:47,1,0,0
BRDA:47,1,1,0
BRDA:70,2,0,0
BRDA:75,3,0,0
BRDA:75,4,0,0
BRDA:75,4,1,0
BRDA:82,5,0,0
BRDA:89,6,0,0
BRDA:100,7,0,0
BRDA:108,8,0,0
BRDA:108,8,1,0
BRDA:123,9,0,0
BRDA:123,9,1,0
BRDA:137,10,0,0
BRDA:137,10,1,0
BRDA:161,11,0,0
BRDA:176,12,0,0
BRDA:186,13,0,0
BRDA:198,14,0,0
BRDA:210,15,0,0
BRDA:228,16,0,0
BRDA:228,16,1,0
BRDA:251,17,0,0
BRF:24
BRH:0
end_of_record
TN:
SF:services\trustSafetyService.ts
FN:15,initVerificationStatus
FN:24,verifyPhone
FN:33,verifyEmail
FN:42,verifyGovtId
FN:57,getVerificationCount
FN:70,calculateTrustScore
FN:125,getTrustBadge
FN:146,calculateResponseStats
FN:151,(anonymous_8)
FN:159,(anonymous_9)
FN:213,getResponseTimeBadge
FN:235,createSafetyReport
FN:268,getSafetyReports
FN:276,(anonymous_13)
FN:287,updateSafetyReportStatus
FN:297,(anonymous_15)
FN:315,getReportsForTarget
FN:324,(anonymous_17)
FN:332,hasBeenReported
FN:345,getSafetyTips
FN:380,blockUser
FN:391,(anonymous_21)
FN:409,unblockUser
FN:418,(anonymous_23)
FN:428,isUserBlocked
FN:436,(anonymous_25)
FNF:26
FNH:0
FNDA:0,initVerificationStatus
FNDA:0,verifyPhone
FNDA:0,verifyEmail
FNDA:0,verifyGovtId
FNDA:0,getVerificationCount
FNDA:0,calculateTrustScore
FNDA:0,getTrustBadge
FNDA:0,calculateResponseStats
FNDA:0,(anonymous_8)
FNDA:0,(anonymous_9)
FNDA:0,getResponseTimeBadge
FNDA:0,createSafetyReport
FNDA:0,getSafetyReports
FNDA:0,(anonymous_13)
FNDA:0,updateSafetyReportStatus
FNDA:0,(anonymous_15)
FNDA:0,getReportsForTarget
FNDA:0,(anonymous_17)
FNDA:0,hasBeenReported
FNDA:0,getSafetyTips
FNDA:0,blockUser
FNDA:0,(anonymous_21)
FNDA:0,unblockUser
FNDA:0,(anonymous_23)
FNDA:0,isUserBlocked
FNDA:0,(anonymous_25)
DA:15,0
DA:16,0
DA:24,0
DA:25,0
DA:33,0
DA:34,0
DA:42,0
DA:47,0
DA:57,0
DA:58,0
DA:59,0
DA:60,0
DA:61,0
DA:62,0
DA:70,0
DA:74,0
DA:77,0
DA:78,0
DA:79,0
DA:82,0
DA:83,0
DA:86,0
DA:87,0
DA:88,0
DA:89,0
DA:93,0
DA:94,0
DA:98,0
DA:102,0
DA:103,0
DA:106,0
DA:108,0
DA:125,0
DA:130,0
DA:131,0
DA:132,0
DA:133,0
DA:134,0
DA:135,0
DA:137,0
DA:146,0
DA:150,0
DA:151,0
DA:154,0
DA:155,0
DA:156,0
DA:157,0
DA:159,0
DA:160,0
DA:161,0
DA:163,0
DA:164,0
DA:165,0
DA:168,0
DA:172,0
DA:176,0
DA:177,0
DA:179,0
DA:180,0
DA:183,0
DA:184,0
DA:185,0
DA:187,0
DA:188,0
DA:194,0
DA:198,0
DA:202,0
DA:213,0
DA:217,0
DA:218,0
DA:219,0
DA:220,0
DA:221,0
DA:222,0
DA:224,0
DA:232,0
DA:235,0
DA:242,0
DA:243,0
DA:244,0
DA:246,0
DA:257,0
DA:258,0
DA:260,0
DA:262,0
DA:263,0
DA:268,0
DA:269,0
DA:270,0
DA:271,0
DA:273,0
DA:275,0
DA:276,0
DA:279,0
DA:281,0
DA:282,0
DA:287,0
DA:292,0
DA:293,0
DA:294,0
DA:296,0
DA:297,0
DA:299,0
DA:300,0
DA:301,0
DA:302,0
DA:303,0
DA:306,0
DA:309,0
DA:310,0
DA:315,0
DA:319,0
DA:320,0
DA:321,0
DA:323,0
DA:324,0
DA:326,0
DA:327,0
DA:332,0
DA:336,0
DA:337,0
DA:345,0
DA:346,0
DA:366,0
DA:367,0
DA:370,0
DA:377,0
DA:380,0
DA:381,0
DA:382,0
DA:384,0
DA:386,0
DA:387,0
DA:391,0
DA:392,0
DA:395,0
DA:401,0
DA:403,0
DA:404,0
DA:409,0
DA:410,0
DA:411,0
DA:412,0
DA:415,0
DA:417,0
DA:418,0
DA:419,0
DA:422,0
DA:423,0
DA:428,0
DA:429,0
DA:430,0
DA:431,0
DA:434,0
DA:436,0
DA:438,0
DA:439,0
LF:157
LH:0
BRDA:59,0,0,0
BRDA:60,1,0,0
BRDA:61,2,0,0
BRDA:72,3,0,0
BRDA:77,4,0,0
BRDA:77,4,1,0
BRDA:82,5,0,0
BRDA:82,5,1,0
BRDA:86,6,0,0
BRDA:86,6,1,0
BRDA:87,7,0,0
BRDA:87,7,1,0
BRDA:88,8,0,0
BRDA:93,9,0,0
BRDA:102,10,0,0
BRDA:102,10,1,0
BRDA:115,11,0,0
BRDA:115,11,1,0
BRDA:130,12,0,0
BRDA:130,12,1,0
BRDA:132,13,0,0
BRDA:132,13,1,0
BRDA:134,14,0,0
BRDA:134,14,1,0
BRDA:151,15,0,0
BRDA:151,15,1,0
BRDA:168,16,0,0
BRDA:168,16,1,0
BRDA:172,17,0,0
BRDA:172,17,1,0
BRDA:176,18,0,0
BRDA:179,19,0,0
BRDA:194,20,0,0
BRDA:194,20,1,0
BRDA:198,21,0,0
BRDA:198,21,1,0
BRDA:217,22,0,0
BRDA:217,22,1,0
BRDA:219,23,0,0
BRDA:219,23,1,0
BRDA:221,24,0,0
BRDA:221,24,1,0
BRDA:244,25,0,0
BRDA:244,25,1,0
BRDA:271,26,0,0
BRDA:275,27,0,0
BRDA:294,28,0,0
BRDA:299,29,0,0
BRDA:301,30,0,0
BRDA:302,31,0,0
BRDA:321,32,0,0
BRDA:324,33,0,0
BRDA:324,33,1,0
BRDA:366,34,0,0
BRDA:366,35,0,0
BRDA:366,35,1,0
BRDA:384,36,0,0
BRDA:384,36,1,0
BRDA:386,37,0,0
BRDA:391,38,0,0
BRDA:412,39,0,0
BRDA:417,40,0,0
BRDA:431,41,0,0
BRDA:436,42,0,0
BRDA:436,42,1,0
BRF:65
BRH:0
end_of_record
TN:
SF:services\userService.ts
FN:22,(anonymous_9)
FN:33,(anonymous_10)
FN:42,(anonymous_11)
FN:52,(anonymous_12)
FN:59,(anonymous_13)
FN:67,(anonymous_14)
FN:74,(anonymous_15)
FN:92,(anonymous_16)
FN:95,(anonymous_17)
FN:107,(anonymous_18)
FN:109,(anonymous_19)
FN:114,(anonymous_20)
FN:120,(anonymous_21)
FN:163,(anonymous_22)
FN:166,(anonymous_23)
FN:183,(anonymous_24)
FN:188,(anonymous_25)
FN:197,(anonymous_26)
FN:206,(anonymous_27)
FN:251,(anonymous_28)
FN:281,(anonymous_29)
FN:297,(anonymous_30)
FN:325,(anonymous_31)
FN:354,(anonymous_32)
FN:360,(anonymous_33)
FNF:25
FNH:0
FNDA:0,(anonymous_9)
FNDA:0,(anonymous_10)
FNDA:0,(anonymous_11)
FNDA:0,(anonymous_12)
FNDA:0,(anonymous_13)
FNDA:0,(anonymous_14)
FNDA:0,(anonymous_15)
FNDA:0,(anonymous_16)
FNDA:0,(anonymous_17)
FNDA:0,(anonymous_18)
FNDA:0,(anonymous_19)
FNDA:0,(anonymous_20)
FNDA:0,(anonymous_21)
FNDA:0,(anonymous_22)
FNDA:0,(anonymous_23)
FNDA:0,(anonymous_24)
FNDA:0,(anonymous_25)
FNDA:0,(anonymous_26)
FNDA:0,(anonymous_27)
FNDA:0,(anonymous_28)
FNDA:0,(anonymous_29)
FNDA:0,(anonymous_30)
FNDA:0,(anonymous_31)
FNDA:0,(anonymous_32)
FNDA:0,(anonymous_33)
DA:5,0
DA:22,0
DA:23,0
DA:25,0
DA:26,0
DA:27,0
DA:29,0
DA:33,0
DA:34,0
DA:35,0
DA:36,0
DA:38,0
DA:42,0
DA:43,0
DA:44,0
DA:45,0
DA:46,0
DA:48,0
DA:52,0
DA:53,0
DA:55,0
DA:56,0
DA:57,0
DA:59,0
DA:60,0
DA:62,0
DA:67,0
DA:68,0
DA:69,0
DA:70,0
DA:71,0
DA:72,0
DA:74,0
DA:75,0
DA:76,0
DA:77,0
DA:79,0
DA:81,0
DA:82,0
DA:83,0
DA:85,0
DA:87,0
DA:88,0
DA:92,0
DA:93,0
DA:95,0
DA:96,0
DA:97,0
DA:98,0
DA:100,0
DA:102,0
DA:103,0
DA:104,0
DA:107,0
DA:108,0
DA:109,0
DA:110,0
DA:111,0
DA:114,0
DA:116,0
DA:117,0
DA:120,0
DA:122,0
DA:123,0
DA:128,0
DA:130,0
DA:132,0
DA:133,0
DA:134,0
DA:137,0
DA:142,0
DA:143,0
DA:146,0
DA:147,0
DA:150,0
DA:151,0
DA:154,0
DA:155,0
DA:159,0
DA:160,0
DA:163,0
DA:164,0
DA:165,0
DA:166,0
DA:167,0
DA:169,0
DA:175,0
DA:176,0
DA:177,0
DA:178,0
DA:183,0
DA:184,0
DA:185,0
DA:188,0
DA:189,0
DA:194,0
DA:197,0
DA:198,0
DA:203,0
DA:206,0
DA:207,0
DA:214,0
DA:216,0
DA:217,0
DA:218,0
DA:219,0
DA:220,0
DA:221,0
DA:225,0
DA:227,0
DA:231,0
DA:232,0
DA:233,0
DA:236,0
DA:237,0
DA:238,0
DA:240,0
DA:247,0
DA:251,0
DA:252,0
DA:253,0
DA:255,0
DA:256,0
DA:257,0
DA:258,0
DA:259,0
DA:260,0
DA:262,0
DA:264,0
DA:265,0
DA:268,0
DA:272,0
DA:273,0
DA:276,0
DA:278,0
DA:281,0
DA:283,0
DA:284,0
DA:285,0
DA:287,0
DA:289,0
DA:293,0
DA:296,0
DA:297,0
DA:298,0
DA:301,0
DA:302,0
DA:303,0
DA:304,0
DA:307,0
DA:308,0
DA:309,0
DA:312,0
DA:313,0
DA:315,0
DA:317,0
DA:321,0
DA:322,0
DA:325,0
DA:326,0
DA:329,0
DA:330,0
DA:331,0
DA:332,0
DA:335,0
DA:336,0
DA:337,0
DA:340,0
DA:341,0
DA:343,0
DA:345,0
DA:349,0
DA:350,0
DA:354,0
DA:355,0
DA:356,0
DA:360,0
DA:361,0
DA:362,0
DA:363,0
DA:364,0
DA:367,0
DA:373,0
DA:374,0
DA:377,0
DA:379,0
DA:380,0
DA:381,0
DA:384,0
DA:386,0
DA:387,0
LF:191
LH:0
BRDA:26,0,0,0
BRDA:53,1,0,0
BRDA:55,2,0,0
BRDA:60,3,0,0
BRDA:60,3,1,0
BRDA:71,4,0,0
BRDA:71,4,1,0
BRDA:96,5,0,0
BRDA:103,6,0,0
BRDA:122,7,0,0
BRDA:130,8,0,0
BRDA:130,8,1,0
BRDA:130,9,0,0
BRDA:130,9,1,0
BRDA:146,10,0,0
BRDA:150,11,0,0
BRDA:150,12,0,0
BRDA:150,12,1,0
BRDA:154,13,0,0
BRDA:166,14,0,0
BRDA:214,15,0,0
BRDA:219,16,0,0
BRDA:219,17,0,0
BRDA:219,17,1,0
BRDA:221,18,0,0
BRDA:221,18,1,0
BRDA:221,18,2,0
BRDA:232,19,0,0
BRDA:232,20,0,0
BRDA:232,20,1,0
BRDA:247,21,0,0
BRDA:247,21,1,0
BRDA:247,21,2,0
BRDA:255,22,0,0
BRDA:255,22,1,0
BRDA:264,23,0,0
BRDA:264,24,0,0
BRDA:264,24,1,0
BRDA:283,25,0,0
BRDA:283,25,1,0
BRDA:296,26,0,0
BRDA:296,26,1,0
BRDA:301,27,0,0
BRDA:301,27,1,0
BRDA:307,28,0,0
BRDA:307,29,0,0
BRDA:307,29,1,0
BRDA:307,29,2,0
BRDA:329,30,0,0
BRDA:329,30,1,0
BRDA:335,31,0,0
BRDA:335,32,0,0
BRDA:335,32,1,0
BRDA:335,32,2,0
BRDA:363,33,0,0
BRDA:373,34,0,0
BRDA:379,35,0,0
BRDA:379,36,0,0
BRDA:379,36,1,0
BRF:59
BRH:0
end_of_record
TN:
SF:services\vehicleDataService.ts
FN:11,(anonymous_0)
FN:81,(anonymous_1)
FN:110,(anonymous_2)
FN:139,(anonymous_3)
FN:160,(anonymous_4)
FN:179,(anonymous_5)
FN:251,(anonymous_6)
FNF:7
FNH:0
FNDA:0,(anonymous_0)
FNDA:0,(anonymous_1)
FNDA:0,(anonymous_2)
FNDA:0,(anonymous_3)
FNDA:0,(anonymous_4)
FNDA:0,(anonymous_5)
FNDA:0,(anonymous_6)
DA:2,0
DA:4,0
DA:5,0
DA:11,0
DA:13,0
DA:14,0
DA:15,0
DA:16,0
DA:17,0
DA:18,0
DA:19,0
DA:20,0
DA:21,0
DA:22,0
DA:24,0
DA:28,0
DA:31,0
DA:35,0
DA:36,0
DA:37,0
DA:38,0
DA:39,0
DA:40,0
DA:41,0
DA:42,0
DA:43,0
DA:45,0
DA:48,0
DA:51,0
DA:54,0
DA:55,0
DA:56,0
DA:57,0
DA:58,0
DA:63,0
DA:64,0
DA:65,0
DA:66,0
DA:69,0
DA:73,0
DA:74,0
DA:75,0
DA:81,0
DA:87,0
DA:88,0
DA:96,0
DA:97,0
DA:99,0
DA:100,0
DA:110,0
DA:116,0
DA:117,0
DA:125,0
DA:126,0
DA:128,0
DA:129,0
DA:139,0
DA:140,0
DA:141,0
DA:145,0
DA:146,0
DA:148,0
DA:149,0
DA:160,0
DA:161,0
DA:162,0
DA:163,0
DA:164,0
DA:167,0
DA:171,0
DA:172,0
DA:173,0
DA:179,0
DA:180,0
DA:183,0
DA:184,0
DA:185,0
DA:187,0
DA:191,0
DA:192,0
DA:194,0
DA:195,0
DA:198,0
DA:199,0
DA:208,0
DA:209,0
DA:210,0
DA:211,0
DA:213,0
DA:214,0
DA:215,0
DA:218,0
DA:219,0
DA:223,0
DA:224,0
DA:233,0
DA:234,0
DA:235,0
DA:236,0
DA:238,0
DA:239,0
DA:240,0
DA:243,0
DA:244,0
DA:248,0
DA:249,0
DA:250,0
DA:251,0
DA:255,0
DA:256,0
DA:259,0
LF:111
LH:0
BRDA:15,0,0,0
BRDA:15,0,1,0
BRDA:17,1,0,0
BRDA:17,2,0,0
BRDA:17,2,1,0
BRDA:37,3,0,0
BRDA:37,3,1,0
BRDA:39,4,0,0
BRDA:39,4,1,0
BRDA:39,5,0,0
BRDA:39,5,1,0
BRDA:55,6,0,0
BRDA:55,6,1,0
BRDA:57,7,0,0
BRDA:57,8,0,0
BRDA:57,8,1,0
BRDA:65,9,0,0
BRDA:102,10,0,0
BRDA:102,10,1,0
BRDA:131,11,0,0
BRDA:131,11,1,0
BRDA:151,12,0,0
BRDA:151,12,1,0
BRDA:163,13,0,0
BRDA:208,14,0,0
BRDA:208,14,1,0
BRDA:233,15,0,0
BRDA:233,15,1,0
BRDA:248,16,0,0
BRF:29
BRH:0
end_of_record
TN:
SF:services\vehicleDataServiceOptimized.ts
FN:5,(anonymous_0)
FN:10,(anonymous_1)
FN:18,(anonymous_2)
FN:23,(anonymous_3)
FN:40,(anonymous_4)
FN:45,(anonymous_5)
FN:54,(anonymous_6)
FN:58,(anonymous_7)
FN:62,(anonymous_8)
FNF:9
FNH:0
FNDA:0,(anonymous_0)
FNDA:0,(anonymous_1)
FNDA:0,(anonymous_2)
FNDA:0,(anonymous_3)
FNDA:0,(anonymous_4)
FNDA:0,(anonymous_5)
FNDA:0,(anonymous_6)
FNDA:0,(anonymous_7)
FNDA:0,(anonymous_8)
DA:2,0
DA:7,0
DA:8,0
DA:11,0
DA:12,0
DA:14,0
DA:19,0
DA:24,0
DA:25,0
DA:28,0
DA:29,0
DA:30,0
DA:31,0
DA:32,0
DA:34,0
DA:35,0
DA:41,0
DA:46,0
DA:47,0
DA:51,0
DA:54,0
DA:55,0
DA:58,0
DA:59,0
DA:62,0
DA:65,0
DA:66,0
DA:67,0
LF:28
LH:0
BRDA:11,0,0,0
BRDA:24,1,0,0
BRDA:24,2,0,0
BRDA:24,2,1,0
BRF:4
BRH:0
end_of_record
TN:
SF:services\vehicleService.ts
FN:44,(anonymous_9)
FN:66,(anonymous_10)
FN:73,(anonymous_11)
FN:89,(anonymous_12)
FN:96,(anonymous_13)
FN:113,(anonymous_14)
FN:133,(anonymous_15)
FN:135,(anonymous_16)
FN:140,(anonymous_17)
FN:142,(anonymous_18)
FN:150,(anonymous_19)
FN:167,(anonymous_20)
FN:177,(anonymous_21)
FN:187,(anonymous_22)
FN:200,(anonymous_23)
FN:214,(anonymous_24)
FN:240,(anonymous_25)
FN:266,(anonymous_26)
FN:282,(anonymous_27)
FNF:19
FNH:0
FNDA:0,(anonymous_9)
FNDA:0,(anonymous_10)
FNDA:0,(anonymous_11)
FNDA:0,(anonymous_12)
FNDA:0,(anonymous_13)
FNDA:0,(anonymous_14)
FNDA:0,(anonymous_15)
FNDA:0,(anonymous_16)
FNDA:0,(anonymous_17)
FNDA:0,(anonymous_18)
FNDA:0,(anonymous_19)
FNDA:0,(anonymous_20)
FNDA:0,(anonymous_21)
FNDA:0,(anonymous_22)
FNDA:0,(anonymous_23)
FNDA:0,(anonymous_24)
FNDA:0,(anonymous_25)
FNDA:0,(anonymous_26)
FNDA:0,(anonymous_27)
DA:3,0
DA:6,0
DA:44,0
DA:45,0
DA:47,0
DA:48,0
DA:49,0
DA:52,0
DA:53,0
DA:54,0
DA:58,0
DA:59,0
DA:61,0
DA:62,0
DA:66,0
DA:67,0
DA:69,0
DA:70,0
DA:71,0
DA:73,0
DA:74,0
DA:77,0
DA:80,0
DA:81,0
DA:84,0
DA:89,0
DA:90,0
DA:91,0
DA:92,0
DA:93,0
DA:94,0
DA:96,0
DA:97,0
DA:98,0
DA:100,0
DA:102,0
DA:103,0
DA:104,0
DA:106,0
DA:108,0
DA:109,0
DA:113,0
DA:114,0
DA:115,0
DA:116,0
DA:117,0
DA:118,0
DA:121,0
DA:122,0
DA:124,0
DA:125,0
DA:126,0
DA:127,0
DA:129,0
DA:133,0
DA:134,0
DA:135,0
DA:136,0
DA:137,0
DA:140,0
DA:141,0
DA:142,0
DA:143,0
DA:144,0
DA:150,0
DA:151,0
DA:152,0
DA:155,0
DA:156,0
DA:159,0
DA:160,0
DA:161,0
DA:164,0
DA:167,0
DA:168,0
DA:169,0
DA:174,0
DA:177,0
DA:178,0
DA:179,0
DA:184,0
DA:187,0
DA:188,0
DA:189,0
DA:194,0
DA:200,0
DA:201,0
DA:202,0
DA:208,0
DA:214,0
DA:215,0
DA:216,0
DA:218,0
DA:219,0
DA:220,0
DA:221,0
DA:222,0
DA:223,0
DA:225,0
DA:227,0
DA:231,0
DA:232,0
DA:235,0
DA:237,0
DA:240,0
DA:241,0
DA:242,0
DA:243,0
DA:246,0
DA:247,0
DA:248,0
DA:249,0
DA:250,0
DA:251,0
DA:253,0
DA:255,0
DA:259,0
DA:260,0
DA:261,0
DA:262,0
DA:266,0
DA:268,0
DA:269,0
DA:270,0
DA:272,0
DA:274,0
DA:278,0
DA:282,0
DA:284,0
DA:285,0
DA:286,0
DA:288,0
DA:290,0
DA:294,0
LF:134
LH:0
BRDA:47,0,0,0
BRDA:47,0,1,0
BRDA:48,1,0,0
BRDA:52,2,0,0
BRDA:52,2,1,0
BRDA:53,3,0,0
BRDA:67,4,0,0
BRDA:69,5,0,0
BRDA:74,6,0,0
BRDA:74,6,1,0
BRDA:80,7,0,0
BRDA:93,8,0,0
BRDA:93,8,1,0
BRDA:121,9,0,0
BRDA:121,10,0,0
BRDA:121,10,1,0
BRDA:135,11,0,0
BRDA:135,11,1,0
BRDA:155,12,0,0
BRDA:160,13,0,0
BRDA:202,14,0,0
BRDA:202,14,1,0
BRDA:202,14,2,0
BRDA:202,14,3,0
BRDA:202,14,4,0
BRDA:218,15,0,0
BRDA:218,15,1,0
BRDA:246,16,0,0
BRDA:246,16,1,0
BRDA:268,17,0,0
BRDA:268,17,1,0
BRDA:284,18,0,0
BRDA:284,18,1,0
BRF:33
BRH:0
end_of_record
